<?xml version="1.0" encoding="UTF-8"?>
<testsuite xmlns:xsi="http://www.w3.org/2001/XMLSchema-instance" xsi:noNamespaceSchemaLocation="https://maven.apache.org/surefire/maven-surefire-plugin/xsd/surefire-test-report-3.0.xsd" version="3.0" name="TestSuite" time="33.615" tests="6" errors="0" skipped="0" failures="0">
  <properties>
[...]
</properties>
  <testcase name="runScenario[&quot;login with valid credentials&quot;, &quot;webdriver university login page&quot;](1)" classname="runners.RunnerClass" time="17">
    <system-out><![CDATA[13:14:35.688 [main] DEBUG org.testng.TestNG - suiteXmlPath: "C:\Users\farha\IdeaProjects\CucumberProject\src\test\java\runners\testNG\testng.xml"
13:14:40.859 [main] DEBUG org.testng.internal.Graph - [Graph] ADDING NODE AbstractTestNGCucumberTests.setUpClass(org.testng.ITestContext)[pri:0, instance:null] -393284817
13:14:40.860 [main] DEBUG org.testng.internal.Graph - [Graph] ================ SORTING
13:14:40.999 [main] DEBUG org.testng.internal.Graph - [Graph] =============== DONE SORTING
13:14:41.000 [main] DEBUG org.testng.internal.Graph - [Graph] ====== SORTED NODES
13:14:41.000 [main] DEBUG org.testng.internal.Graph - [Graph] ====== END SORTED NODES
13:14:41.008 [main] DEBUG org.testng.internal.Graph - [Graph] ADDING NODE AbstractTestNGCucumberTests.tearDownClass()[pri:0, instance:null] 1523153566
13:14:41.009 [main] DEBUG org.testng.internal.Graph - [Graph] ================ SORTING
13:14:41.010 [main] DEBUG org.testng.internal.Graph - [Graph] =============== DONE SORTING
13:14:41.011 [main] DEBUG org.testng.internal.Graph - [Graph] ====== SORTED NODES
13:14:41.011 [main] DEBUG org.testng.internal.Graph - [Graph] ====== END SORTED NODES
13:14:41.098 [main] DEBUG org.testng.internal.Graph - [Graph] ADDING NODE AbstractTestNGCucumberTests.runScenario(io.cucumber.testng.PickleWrapper,io.cucumber.testng.FeatureWrapper)[pri:0, instance:runners.RunnerClass@15ca7889] -784768678
13:14:41.098 [main] DEBUG org.testng.internal.Graph - [Graph] ================ SORTING
13:14:41.098 [main] DEBUG org.testng.internal.Graph - [Graph] =============== DONE SORTING
13:14:41.098 [main] DEBUG org.testng.internal.Graph - [Graph] ====== SORTED NODES
13:14:41.098 [main] DEBUG org.testng.internal.Graph - [Graph] ====== END SORTED NODES
13:14:43.302 [TestNG-PoolService-2] DEBUG io.netty.util.internal.logging.InternalLoggerFactory - Using SLF4J as the default logging framework
13:14:43.307 [TestNG-PoolService-2] DEBUG io.netty.util.ResourceLeakDetector - -Dio.netty.leakDetection.level: simple
13:14:43.307 [TestNG-PoolService-2] DEBUG io.netty.util.ResourceLeakDetector - -Dio.netty.leakDetection.targetRecords: 4
13:14:43.324 [TestNG-PoolService-2] DEBUG io.netty.util.ResourceLeakDetectorFactory - Loaded default ResourceLeakDetector: io.netty.util.ResourceLeakDetector@55c8b36c
13:14:43.408 [TestNG-PoolService-2] DEBUG io.netty.util.internal.PlatformDependent0 - -Dio.netty.noUnsafe: false
13:14:43.409 [TestNG-PoolService-2] DEBUG io.netty.util.internal.PlatformDependent0 - Java version: 15
13:14:43.415 [TestNG-PoolService-2] DEBUG io.netty.util.internal.PlatformDependent0 - sun.misc.Unsafe.theUnsafe: available
13:14:43.416 [TestNG-PoolService-2] DEBUG io.netty.util.internal.PlatformDependent0 - sun.misc.Unsafe.copyMemory: available
13:14:43.417 [TestNG-PoolService-2] DEBUG io.netty.util.internal.PlatformDependent0 - java.nio.Buffer.address: available
13:14:43.417 [TestNG-PoolService-2] DEBUG io.netty.util.internal.PlatformDependent0 - direct buffer constructor: unavailable: Reflective setAccessible(true) disabled
13:14:43.419 [TestNG-PoolService-2] DEBUG io.netty.util.internal.PlatformDependent0 - java.nio.Bits.unaligned: available, true
13:14:43.421 [TestNG-PoolService-2] DEBUG io.netty.util.internal.PlatformDependent0 - jdk.internal.misc.Unsafe.allocateUninitializedArray(int): unavailable: class io.netty.util.internal.PlatformDependent0$6 cannot access class jdk.internal.misc.Unsafe (in module java.base) because module java.base does not export jdk.internal.misc to unnamed module @98a9e67
13:14:43.438 [TestNG-PoolService-2] DEBUG io.netty.util.internal.PlatformDependent0 - java.nio.DirectByteBuffer.<init>(long, int): unavailable
13:14:43.438 [TestNG-PoolService-2] DEBUG io.netty.util.internal.PlatformDependent - sun.misc.Unsafe: available
13:14:43.480 [TestNG-PoolService-2] DEBUG io.netty.util.internal.PlatformDependent - maxDirectMemory: 2109734912 bytes (maybe)
13:14:43.481 [TestNG-PoolService-2] DEBUG io.netty.util.internal.PlatformDependent - -Dio.netty.tmpdir: C:\Users\farha\AppData\Local\Temp (java.io.tmpdir)
13:14:43.481 [TestNG-PoolService-2] DEBUG io.netty.util.internal.PlatformDependent - -Dio.netty.bitMode: 64 (sun.arch.data.model)
13:14:43.481 [TestNG-PoolService-2] DEBUG io.netty.util.internal.PlatformDependent - Platform: Windows
13:14:43.483 [TestNG-PoolService-2] DEBUG io.netty.util.internal.PlatformDependent - -Dio.netty.maxDirectMemory: -1 bytes
13:14:43.484 [TestNG-PoolService-2] DEBUG io.netty.util.internal.PlatformDependent - -Dio.netty.uninitializedArrayAllocationThreshold: -1
13:14:43.486 [TestNG-PoolService-2] DEBUG io.netty.util.internal.CleanerJava9 - java.nio.ByteBuffer.cleaner(): available
13:14:43.486 [TestNG-PoolService-2] DEBUG io.netty.util.internal.PlatformDependent - -Dio.netty.noPreferDirect: false
13:14:43.504 [TestNG-PoolService-2] DEBUG io.netty.util.internal.PlatformDependent - org.jctools-core.MpscChunkedArrayQueue: available
13:14:43.565 [TestNG-PoolService-2] DEBUG io.netty.util.internal.InternalThreadLocalMap - -Dio.netty.threadLocalMap.stringBuilder.initialSize: 1024
13:14:43.565 [TestNG-PoolService-2] DEBUG io.netty.util.internal.InternalThreadLocalMap - -Dio.netty.threadLocalMap.stringBuilder.maxSize: 4096
13:14:43.958 [TestNG-PoolService-2] DEBUG io.netty.handler.ssl.JdkSslContext - Default protocols (JDK): [TLSv1.3, TLSv1.2, TLSv1.1, TLSv1] 
13:14:43.958 [TestNG-PoolService-2] DEBUG io.netty.handler.ssl.JdkSslContext - Default cipher suites (JDK): [TLS_ECDHE_ECDSA_WITH_AES_256_GCM_SHA384, TLS_ECDHE_ECDSA_WITH_AES_128_GCM_SHA256, TLS_ECDHE_RSA_WITH_AES_128_GCM_SHA256, TLS_ECDHE_RSA_WITH_AES_256_GCM_SHA384, TLS_ECDHE_RSA_WITH_AES_128_CBC_SHA, TLS_ECDHE_RSA_WITH_AES_256_CBC_SHA, TLS_RSA_WITH_AES_128_GCM_SHA256, TLS_RSA_WITH_AES_128_CBC_SHA, TLS_RSA_WITH_AES_256_CBC_SHA, TLS_AES_128_GCM_SHA256, TLS_AES_256_GCM_SHA384]
13:14:43.995 [TestNG-PoolService-2] DEBUG io.netty.channel.MultithreadEventLoopGroup - -Dio.netty.eventLoopThreads: 8
13:14:44.077 [TestNG-PoolService-2] DEBUG io.netty.channel.nio.NioEventLoop - -Dio.netty.noKeySetOptimization: false
13:14:44.078 [TestNG-PoolService-2] DEBUG io.netty.channel.nio.NioEventLoop - -Dio.netty.selectorAutoRebuildThreshold: 512
13:14:44.413 [TestNG-PoolService-2] DEBUG io.netty.buffer.PooledByteBufAllocator - -Dio.netty.allocator.numHeapArenas: 8
13:14:44.413 [TestNG-PoolService-2] DEBUG io.netty.buffer.PooledByteBufAllocator - -Dio.netty.allocator.numDirectArenas: 8
13:14:44.414 [TestNG-PoolService-2] DEBUG io.netty.buffer.PooledByteBufAllocator - -Dio.netty.allocator.pageSize: 8192
13:14:44.414 [TestNG-PoolService-2] DEBUG io.netty.buffer.PooledByteBufAllocator - -Dio.netty.allocator.maxOrder: 9
13:14:44.414 [TestNG-PoolService-2] DEBUG io.netty.buffer.PooledByteBufAllocator - -Dio.netty.allocator.chunkSize: 4194304
13:14:44.414 [TestNG-PoolService-2] DEBUG io.netty.buffer.PooledByteBufAllocator - -Dio.netty.allocator.smallCacheSize: 256
13:14:44.414 [TestNG-PoolService-2] DEBUG io.netty.buffer.PooledByteBufAllocator - -Dio.netty.allocator.normalCacheSize: 64
13:14:44.414 [TestNG-PoolService-2] DEBUG io.netty.buffer.PooledByteBufAllocator - -Dio.netty.allocator.maxCachedBufferCapacity: 32768
13:14:44.414 [TestNG-PoolService-2] DEBUG io.netty.buffer.PooledByteBufAllocator - -Dio.netty.allocator.cacheTrimInterval: 8192
13:14:44.414 [TestNG-PoolService-2] DEBUG io.netty.buffer.PooledByteBufAllocator - -Dio.netty.allocator.cacheTrimIntervalMillis: 0
13:14:44.414 [TestNG-PoolService-2] DEBUG io.netty.buffer.PooledByteBufAllocator - -Dio.netty.allocator.useCacheForAllThreads: false
13:14:44.415 [TestNG-PoolService-2] DEBUG io.netty.buffer.PooledByteBufAllocator - -Dio.netty.allocator.maxCachedByteBuffersPerChunk: 1023
13:14:44.434 [TestNG-PoolService-2] DEBUG io.netty.buffer.ByteBufUtil - -Dio.netty.allocator.type: pooled
13:14:44.434 [TestNG-PoolService-2] DEBUG io.netty.buffer.ByteBufUtil - -Dio.netty.threadLocalDirectBufferSize: 0
13:14:44.434 [TestNG-PoolService-2] DEBUG io.netty.buffer.ByteBufUtil - -Dio.netty.maxThreadLocalCharBufferSize: 16384
13:14:50.637 [Forwarding newSession on session null to remote] DEBUG io.netty.channel.DefaultChannelId - -Dio.netty.processId: 14432 (auto-detected)
13:14:50.642 [Forwarding newSession on session null to remote] DEBUG io.netty.util.NetUtil - -Djava.net.preferIPv4Stack: false
13:14:50.642 [Forwarding newSession on session null to remote] DEBUG io.netty.util.NetUtil - -Djava.net.preferIPv6Addresses: false
13:14:50.653 [Forwarding newSession on session null to remote] DEBUG io.netty.util.NetUtilInitializations - Loopback interface: lo (Software Loopback Interface 1, 127.0.0.1)
13:14:50.655 [Forwarding newSession on session null to remote] DEBUG io.netty.util.NetUtil - Failed to get SOMAXCONN from sysctl and file \proc\sys\net\core\somaxconn. Default: 200
13:14:50.703 [Forwarding newSession on session null to remote] DEBUG io.netty.channel.DefaultChannelId - -Dio.netty.machineId: f0:d5:bf:ff:fe:25:28:71 (auto-detected)
13:14:50.778 [AsyncHttpClient-1-4] DEBUG io.netty.buffer.AbstractByteBuf - -Dio.netty.buffer.checkAccessible: true
13:14:50.778 [AsyncHttpClient-1-4] DEBUG io.netty.buffer.AbstractByteBuf - -Dio.netty.buffer.checkBounds: true
13:14:50.778 [AsyncHttpClient-1-4] DEBUG io.netty.util.ResourceLeakDetectorFactory - Loaded default ResourceLeakDetector: io.netty.util.ResourceLeakDetector@60c3757d
13:14:50.796 [AsyncHttpClient-1-4] DEBUG org.asynchttpclient.netty.channel.NettyConnectListener - Using new Channel '[id: 0xb035af86, L:/127.0.0.1:50983 - R:localhost/127.0.0.1:56717]' for 'POST' to '/session'
13:14:50.796 [AsyncHttpClient-1-2] DEBUG org.asynchttpclient.netty.channel.NettyConnectListener - Using new Channel '[id: 0x3a1298e3, L:/127.0.0.1:50984 - R:localhost/127.0.0.1:62787]' for 'POST' to '/session'
13:14:50.796 [AsyncHttpClient-1-3] DEBUG org.asynchttpclient.netty.channel.NettyConnectListener - Using new Channel '[id: 0xdf28a808, L:/127.0.0.1:50982 - R:localhost/127.0.0.1:60858]' for 'POST' to '/session'
13:14:50.824 [AsyncHttpClient-1-2] DEBUG io.netty.util.Recycler - -Dio.netty.recycler.maxCapacityPerThread: 4096
13:14:50.824 [AsyncHttpClient-1-2] DEBUG io.netty.util.Recycler - -Dio.netty.recycler.ratio: 8
13:14:50.824 [AsyncHttpClient-1-2] DEBUG io.netty.util.Recycler - -Dio.netty.recycler.chunkSize: 32
13:14:50.824 [AsyncHttpClient-1-2] DEBUG io.netty.util.Recycler - -Dio.netty.recycler.blocking: false
13:14:53.748 [AsyncHttpClient-1-2] DEBUG io.netty.handler.codec.compression.Brotli - brotli4j not in the classpath; Brotli support will be unavailable.
13:14:53.748 [AsyncHttpClient-1-2] DEBUG org.asynchttpclient.netty.handler.HttpHandler - 

Request DefaultHttpRequest(decodeResult: success, version: HTTP/1.1)
POST /session HTTP/1.1
User-Agent: selenium/4.1.4 (java windows)
Content-Length: 437
Content-Type: application/json; charset=utf-8
host: localhost:62787
accept: */*

Response DefaultHttpResponse(decodeResult: success, version: HTTP/1.1)
HTTP/1.1 200 OK
Content-Type: application/json; charset=utf-8
cache-control: no-cache
content-length: 791

13:14:53.765 [AsyncHttpClient-1-2] DEBUG org.asynchttpclient.netty.channel.ChannelManager - Adding key: http://localhost:62787 for channel [id: 0x3a1298e3, L:/127.0.0.1:50984 - R:localhost/127.0.0.1:62787]
13:14:53.859 [AsyncHttpClient-1-1] DEBUG org.asynchttpclient.netty.channel.DefaultChannelPool - Entry count for : http://localhost:62787 : 1
13:14:54.011 [AsyncHttpClient-1-4] DEBUG org.asynchttpclient.netty.handler.HttpHandler - 

Request DefaultHttpRequest(decodeResult: success, version: HTTP/1.1)
POST /session HTTP/1.1
User-Agent: selenium/4.1.4 (java windows)
Content-Length: 437
Content-Type: application/json; charset=utf-8
host: localhost:56717
accept: */*

Response DefaultHttpResponse(decodeResult: success, version: HTTP/1.1)
HTTP/1.1 200 OK
Content-Type: application/json; charset=utf-8
cache-control: no-cache
content-length: 790

13:14:54.012 [AsyncHttpClient-1-4] DEBUG org.asynchttpclient.netty.channel.ChannelManager - Adding key: http://localhost:56717 for channel [id: 0xb035af86, L:/127.0.0.1:50983 - R:localhost/127.0.0.1:56717]
13:14:54.014 [AsyncHttpClient-1-3] DEBUG org.asynchttpclient.netty.handler.HttpHandler - 

Request DefaultHttpRequest(decodeResult: success, version: HTTP/1.1)
POST /session HTTP/1.1
User-Agent: selenium/4.1.4 (java windows)
Content-Length: 437
Content-Type: application/json; charset=utf-8
host: localhost:60858
accept: */*

Response DefaultHttpResponse(decodeResult: success, version: HTTP/1.1)
HTTP/1.1 200 OK
Content-Type: application/json; charset=utf-8
cache-control: no-cache
content-length: 791

13:14:54.014 [AsyncHttpClient-1-3] DEBUG org.asynchttpclient.netty.channel.ChannelManager - Adding key: http://localhost:60858 for channel [id: 0xdf28a808, L:/127.0.0.1:50982 - R:localhost/127.0.0.1:60858]
13:14:54.214 [AsyncHttpClient-1-6] DEBUG org.asynchttpclient.netty.channel.NettyConnectListener - Using new Channel '[id: 0x3f082d0c, L:/127.0.0.1:51004 - R:localhost/127.0.0.1:50987]' for 'GET' to '/json/version'
13:14:54.222 [AsyncHttpClient-1-7] DEBUG org.asynchttpclient.netty.channel.NettyConnectListener - Using new Channel '[id: 0x7a018160, L:/127.0.0.1:51005 - R:localhost/127.0.0.1:50985]' for 'GET' to '/json/version'
13:14:54.228 [AsyncHttpClient-1-5] DEBUG org.asynchttpclient.netty.channel.NettyConnectListener - Using new Channel '[id: 0x01cada9e, L:/127.0.0.1:51006 - R:localhost/127.0.0.1:50986]' for 'GET' to '/json/version'
13:14:54.230 [AsyncHttpClient-1-6] DEBUG org.asynchttpclient.netty.handler.HttpHandler - 

Request DefaultFullHttpRequest(decodeResult: success, version: HTTP/1.1, content: EmptyByteBufBE)
GET /json/version HTTP/1.1
User-Agent: selenium/4.1.4 (java windows)
host: localhost:50987
accept: */*

Response DefaultHttpResponse(decodeResult: success, version: HTTP/1.1)
HTTP/1.1 200 OK
Content-Type: application/json; charset=UTF-8
content-length: 423

13:14:54.232 [AsyncHttpClient-1-6] DEBUG org.asynchttpclient.netty.channel.ChannelManager - Adding key: http://localhost:50987 for channel [id: 0x3f082d0c, L:/127.0.0.1:51004 - R:localhost/127.0.0.1:50987]
13:14:54.239 [AsyncHttpClient-1-7] DEBUG org.asynchttpclient.netty.handler.HttpHandler - 

Request DefaultFullHttpRequest(decodeResult: success, version: HTTP/1.1, content: EmptyByteBufBE)
GET /json/version HTTP/1.1
User-Agent: selenium/4.1.4 (java windows)
host: localhost:50985
accept: */*

Response DefaultHttpResponse(decodeResult: success, version: HTTP/1.1)
HTTP/1.1 200 OK
Content-Type: application/json; charset=UTF-8
content-length: 423

13:14:54.239 [AsyncHttpClient-1-7] DEBUG org.asynchttpclient.netty.channel.ChannelManager - Adding key: http://localhost:50985 for channel [id: 0x7a018160, L:/127.0.0.1:51005 - R:localhost/127.0.0.1:50985]
13:14:54.249 [AsyncHttpClient-1-5] DEBUG org.asynchttpclient.netty.handler.HttpHandler - 

Request DefaultFullHttpRequest(decodeResult: success, version: HTTP/1.1, content: EmptyByteBufBE)
GET /json/version HTTP/1.1
User-Agent: selenium/4.1.4 (java windows)
host: localhost:50986
accept: */*

Response DefaultHttpResponse(decodeResult: success, version: HTTP/1.1)
HTTP/1.1 200 OK
Content-Type: application/json; charset=UTF-8
content-length: 423

13:14:54.250 [AsyncHttpClient-1-5] DEBUG org.asynchttpclient.netty.channel.ChannelManager - Adding key: http://localhost:50986 for channel [id: 0x01cada9e, L:/127.0.0.1:51006 - R:localhost/127.0.0.1:50986]
13:14:54.251 [TestNG-PoolService-1] DEBUG io.netty.util.internal.ThreadLocalRandom - -Dio.netty.initialSeedUniquifier: 0x0e20915cf8d94a7e
13:14:54.255 [AsyncHttpClient-1-4] DEBUG org.asynchttpclient.netty.channel.NettyConnectListener - Using new Channel '[id: 0x99e5ddfe, L:/127.0.0.1:51007 - R:localhost/127.0.0.1:50986]' for 'GET' to '/devtools/browser/b0ba599a-2634-40d6-a0ef-e229198f542a'
13:14:54.275 [AsyncHttpClient-1-4] DEBUG org.asynchttpclient.netty.handler.WebSocketHandler - 

Request DefaultFullHttpRequest(decodeResult: success, version: HTTP/1.1, content: EmptyByteBufBE)
GET /devtools/browser/b0ba599a-2634-40d6-a0ef-e229198f542a HTTP/1.1
upgrade: websocket
connection: upgrade
sec-websocket-key: Irw3UPPq3lhVIya6iUnUjw==
sec-websocket-version: 13
origin: http://localhost:50986
host: localhost:50986
accept: */*
user-agent: AHC/2.1

Response DefaultHttpResponse(decodeResult: success, version: HTTP/1.1)
HTTP/1.1 101 WebSocket Protocol Handshake
Upgrade: WebSocket
Connection: Upgrade
Sec-WebSocket-Accept: mrgfiRH431nJRX327l+GLZ90Vis=

13:14:54.277 [AsyncHttpClient-1-9] DEBUG org.asynchttpclient.netty.channel.NettyConnectListener - Using new Channel '[id: 0x39d4eec5, L:/127.0.0.1:51008 - R:localhost/127.0.0.1:50985]' for 'GET' to '/devtools/browser/4a258c1d-c743-43b9-8a6f-beeef20dc365'
13:14:54.280 [AsyncHttpClient-1-8] DEBUG org.asynchttpclient.netty.channel.NettyConnectListener - Using new Channel '[id: 0xcb074a9f, L:/127.0.0.1:51009 - R:localhost/127.0.0.1:50987]' for 'GET' to '/devtools/browser/c105a97b-af50-4acd-9416-77b330b002b6'
13:14:54.281 [AsyncHttpClient-1-9] DEBUG org.asynchttpclient.netty.handler.WebSocketHandler - 

Request DefaultFullHttpRequest(decodeResult: success, version: HTTP/1.1, content: EmptyByteBufBE)
GET /devtools/browser/4a258c1d-c743-43b9-8a6f-beeef20dc365 HTTP/1.1
upgrade: websocket
connection: upgrade
sec-websocket-key: h3t0P6oMjX6Fx+TrWa5vtQ==
sec-websocket-version: 13
origin: http://localhost:50985
host: localhost:50985
accept: */*
user-agent: AHC/2.1

Response DefaultHttpResponse(decodeResult: success, version: HTTP/1.1)
HTTP/1.1 101 WebSocket Protocol Handshake
Upgrade: WebSocket
Connection: Upgrade
Sec-WebSocket-Accept: g34APlZNiNbjw56yHe/eZzPxAhI=

13:14:54.312 [AsyncHttpClient-1-8] DEBUG org.asynchttpclient.netty.handler.WebSocketHandler - 

Request DefaultFullHttpRequest(decodeResult: success, version: HTTP/1.1, content: EmptyByteBufBE)
GET /devtools/browser/c105a97b-af50-4acd-9416-77b330b002b6 HTTP/1.1
upgrade: websocket
connection: upgrade
sec-websocket-key: BcRyLpRxsFaHZ9p/RHOGrQ==
sec-websocket-version: 13
origin: http://localhost:50987
host: localhost:50987
accept: */*
user-agent: AHC/2.1

Response DefaultHttpResponse(decodeResult: success, version: HTTP/1.1)
HTTP/1.1 101 WebSocket Protocol Handshake
Upgrade: WebSocket
Connection: Upgrade
Sec-WebSocket-Accept: xDFNVPzCo5OiYfc488pCoJrssZA=

13:14:54.369 [Forwarding maximizeCurrentWindow on session 54c5ef212f7634697e04f8645025974f to remote] DEBUG org.asynchttpclient.netty.request.NettyRequestSender - Using pooled Channel '[id: 0xb035af86, L:/127.0.0.1:50983 - R:localhost/127.0.0.1:56717]' for 'POST' to 'http://localhost:56717/session/54c5ef212f7634697e04f8645025974f/window/maximize'
13:14:54.369 [Forwarding maximizeCurrentWindow on session 54c5ef212f7634697e04f8645025974f to remote] DEBUG org.asynchttpclient.netty.request.NettyRequestSender - Using open Channel [id: 0xb035af86, L:/127.0.0.1:50983 - R:localhost/127.0.0.1:56717] for POST '/session/54c5ef212f7634697e04f8645025974f/window/maximize'
13:14:54.371 [Forwarding maximizeCurrentWindow on session 21c78a9ef5a43a26be78e0032efb5b9e to remote] DEBUG org.asynchttpclient.netty.request.NettyRequestSender - Using pooled Channel '[id: 0x3a1298e3, L:/127.0.0.1:50984 - R:localhost/127.0.0.1:62787]' for 'POST' to 'http://localhost:62787/session/21c78a9ef5a43a26be78e0032efb5b9e/window/maximize'
13:14:54.371 [Forwarding maximizeCurrentWindow on session 21c78a9ef5a43a26be78e0032efb5b9e to remote] DEBUG org.asynchttpclient.netty.request.NettyRequestSender - Using open Channel [id: 0x3a1298e3, L:/127.0.0.1:50984 - R:localhost/127.0.0.1:62787] for POST '/session/21c78a9ef5a43a26be78e0032efb5b9e/window/maximize'
13:14:54.373 [Forwarding maximizeCurrentWindow on session 19499d7e8409e63b58c9a383183f96ff to remote] DEBUG org.asynchttpclient.netty.request.NettyRequestSender - Using pooled Channel '[id: 0xdf28a808, L:/127.0.0.1:50982 - R:localhost/127.0.0.1:60858]' for 'POST' to 'http://localhost:60858/session/19499d7e8409e63b58c9a383183f96ff/window/maximize'
13:14:54.373 [Forwarding maximizeCurrentWindow on session 19499d7e8409e63b58c9a383183f96ff to remote] DEBUG org.asynchttpclient.netty.request.NettyRequestSender - Using open Channel [id: 0xdf28a808, L:/127.0.0.1:50982 - R:localhost/127.0.0.1:60858] for POST '/session/19499d7e8409e63b58c9a383183f96ff/window/maximize'
13:14:54.724 [AsyncHttpClient-1-4] DEBUG org.asynchttpclient.netty.handler.HttpHandler - 

Request DefaultHttpRequest(decodeResult: success, version: HTTP/1.1)
POST /session/54c5ef212f7634697e04f8645025974f/window/maximize HTTP/1.1
User-Agent: selenium/4.1.4 (java windows)
Content-Length: 3
Content-Type: application/json; charset=utf-8
host: localhost:56717
accept: */*

Response DefaultHttpResponse(decodeResult: success, version: HTTP/1.1)
HTTP/1.1 200 OK
Content-Type: application/json; charset=utf-8
cache-control: no-cache
content-length: 52

13:14:54.724 [AsyncHttpClient-1-4] DEBUG org.asynchttpclient.netty.channel.ChannelManager - Adding key: http://localhost:56717 for channel [id: 0xb035af86, L:/127.0.0.1:50983 - R:localhost/127.0.0.1:56717]
13:14:54.748 [AsyncHttpClient-1-2] DEBUG org.asynchttpclient.netty.handler.HttpHandler - 

Request DefaultHttpRequest(decodeResult: success, version: HTTP/1.1)
POST /session/21c78a9ef5a43a26be78e0032efb5b9e/window/maximize HTTP/1.1
User-Agent: selenium/4.1.4 (java windows)
Content-Length: 3
Content-Type: application/json; charset=utf-8
host: localhost:62787
accept: */*

Response DefaultHttpResponse(decodeResult: success, version: HTTP/1.1)
HTTP/1.1 200 OK
Content-Type: application/json; charset=utf-8
cache-control: no-cache
content-length: 52

13:14:54.748 [AsyncHttpClient-1-2] DEBUG org.asynchttpclient.netty.channel.ChannelManager - Adding key: http://localhost:62787 for channel [id: 0x3a1298e3, L:/127.0.0.1:50984 - R:localhost/127.0.0.1:62787]
13:14:54.768 [Forwarding get on session 21c78a9ef5a43a26be78e0032efb5b9e to remote] DEBUG org.asynchttpclient.netty.request.NettyRequestSender - Using pooled Channel '[id: 0x3a1298e3, L:/127.0.0.1:50984 - R:localhost/127.0.0.1:62787]' for 'POST' to 'http://localhost:62787/session/21c78a9ef5a43a26be78e0032efb5b9e/url'
13:14:54.768 [Forwarding get on session 21c78a9ef5a43a26be78e0032efb5b9e to remote] DEBUG org.asynchttpclient.netty.request.NettyRequestSender - Using open Channel [id: 0x3a1298e3, L:/127.0.0.1:50984 - R:localhost/127.0.0.1:62787] for POST '/session/21c78a9ef5a43a26be78e0032efb5b9e/url'
13:14:54.770 [Forwarding get on session 54c5ef212f7634697e04f8645025974f to remote] DEBUG org.asynchttpclient.netty.request.NettyRequestSender - Using pooled Channel '[id: 0xb035af86, L:/127.0.0.1:50983 - R:localhost/127.0.0.1:56717]' for 'POST' to 'http://localhost:56717/session/54c5ef212f7634697e04f8645025974f/url'
13:14:54.771 [Forwarding get on session 54c5ef212f7634697e04f8645025974f to remote] DEBUG org.asynchttpclient.netty.request.NettyRequestSender - Using open Channel [id: 0xb035af86, L:/127.0.0.1:50983 - R:localhost/127.0.0.1:56717] for POST '/session/54c5ef212f7634697e04f8645025974f/url'
13:14:54.851 [AsyncHttpClient-1-3] DEBUG org.asynchttpclient.netty.handler.HttpHandler - 

Request DefaultHttpRequest(decodeResult: success, version: HTTP/1.1)
POST /session/19499d7e8409e63b58c9a383183f96ff/window/maximize HTTP/1.1
User-Agent: selenium/4.1.4 (java windows)
Content-Length: 3
Content-Type: application/json; charset=utf-8
host: localhost:60858
accept: */*

Response DefaultHttpResponse(decodeResult: success, version: HTTP/1.1)
HTTP/1.1 200 OK
Content-Type: application/json; charset=utf-8
cache-control: no-cache
content-length: 52

13:14:54.851 [AsyncHttpClient-1-3] DEBUG org.asynchttpclient.netty.channel.ChannelManager - Adding key: http://localhost:60858 for channel [id: 0xdf28a808, L:/127.0.0.1:50982 - R:localhost/127.0.0.1:60858]
13:14:54.858 [Forwarding get on session 19499d7e8409e63b58c9a383183f96ff to remote] DEBUG org.asynchttpclient.netty.request.NettyRequestSender - Using pooled Channel '[id: 0xdf28a808, L:/127.0.0.1:50982 - R:localhost/127.0.0.1:60858]' for 'POST' to 'http://localhost:60858/session/19499d7e8409e63b58c9a383183f96ff/url'
13:14:54.858 [Forwarding get on session 19499d7e8409e63b58c9a383183f96ff to remote] DEBUG org.asynchttpclient.netty.request.NettyRequestSender - Using open Channel [id: 0xdf28a808, L:/127.0.0.1:50982 - R:localhost/127.0.0.1:60858] for POST '/session/19499d7e8409e63b58c9a383183f96ff/url'
13:14:54.954 [AsyncHttpClient-1-1] DEBUG org.asynchttpclient.netty.channel.DefaultChannelPool - Entry count for : http://localhost:50985 : 1
13:14:54.954 [AsyncHttpClient-1-1] DEBUG org.asynchttpclient.netty.channel.DefaultChannelPool - Entry count for : http://localhost:50986 : 1
13:14:54.954 [AsyncHttpClient-1-1] DEBUG org.asynchttpclient.netty.channel.DefaultChannelPool - Entry count for : http://localhost:50987 : 1
13:14:56.034 [AsyncHttpClient-1-1] DEBUG org.asynchttpclient.netty.channel.DefaultChannelPool - Entry count for : http://localhost:50985 : 1
13:14:56.035 [AsyncHttpClient-1-1] DEBUG org.asynchttpclient.netty.channel.DefaultChannelPool - Entry count for : http://localhost:50986 : 1
13:14:56.036 [AsyncHttpClient-1-1] DEBUG org.asynchttpclient.netty.channel.DefaultChannelPool - Entry count for : http://localhost:50987 : 1
13:14:57.128 [AsyncHttpClient-1-3] DEBUG org.asynchttpclient.netty.handler.HttpHandler - 

Request DefaultHttpRequest(decodeResult: success, version: HTTP/1.1)
POST /session/19499d7e8409e63b58c9a383183f96ff/url HTTP/1.1
User-Agent: selenium/4.1.4 (java windows)
Content-Length: 94
Content-Type: application/json; charset=utf-8
host: localhost:60858
accept: */*

Response DefaultHttpResponse(decodeResult: success, version: HTTP/1.1)
HTTP/1.1 200 OK
Content-Type: application/json; charset=utf-8
cache-control: no-cache
content-length: 14

13:14:57.128 [AsyncHttpClient-1-3] DEBUG org.asynchttpclient.netty.channel.ChannelManager - Adding key: http://localhost:60858 for channel [id: 0xdf28a808, L:/127.0.0.1:50982 - R:localhost/127.0.0.1:60858]
13:14:57.174 [Forwarding findElement on session 19499d7e8409e63b58c9a383183f96ff to remote] DEBUG org.asynchttpclient.netty.request.NettyRequestSender - Using pooled Channel '[id: 0xdf28a808, L:/127.0.0.1:50982 - R:localhost/127.0.0.1:60858]' for 'POST' to 'http://localhost:60858/session/19499d7e8409e63b58c9a383183f96ff/element'
13:14:57.175 [Forwarding findElement on session 19499d7e8409e63b58c9a383183f96ff to remote] DEBUG org.asynchttpclient.netty.request.NettyRequestSender - Using open Channel [id: 0xdf28a808, L:/127.0.0.1:50982 - R:localhost/127.0.0.1:60858] for POST '/session/19499d7e8409e63b58c9a383183f96ff/element'
13:14:57.189 [AsyncHttpClient-1-1] DEBUG org.asynchttpclient.netty.channel.DefaultChannelPool - Entry count for : http://localhost:50985 : 1
13:14:57.189 [AsyncHttpClient-1-1] DEBUG org.asynchttpclient.netty.channel.DefaultChannelPool - Entry count for : http://localhost:50986 : 1
13:14:57.189 [AsyncHttpClient-1-1] DEBUG org.asynchttpclient.netty.channel.DefaultChannelPool - Entry count for : http://localhost:50987 : 1
13:14:57.200 [AsyncHttpClient-1-2] DEBUG org.asynchttpclient.netty.handler.HttpHandler - 

Request DefaultHttpRequest(decodeResult: success, version: HTTP/1.1)
POST /session/21c78a9ef5a43a26be78e0032efb5b9e/url HTTP/1.1
User-Agent: selenium/4.1.4 (java windows)
Content-Length: 94
Content-Type: application/json; charset=utf-8
host: localhost:62787
accept: */*

Response DefaultHttpResponse(decodeResult: success, version: HTTP/1.1)
HTTP/1.1 200 OK
Content-Type: application/json; charset=utf-8
cache-control: no-cache
content-length: 14

13:14:57.200 [AsyncHttpClient-1-2] DEBUG org.asynchttpclient.netty.channel.ChannelManager - Adding key: http://localhost:62787 for channel [id: 0x3a1298e3, L:/127.0.0.1:50984 - R:localhost/127.0.0.1:62787]
13:14:57.207 [Forwarding findElement on session 21c78a9ef5a43a26be78e0032efb5b9e to remote] DEBUG org.asynchttpclient.netty.request.NettyRequestSender - Using pooled Channel '[id: 0x3a1298e3, L:/127.0.0.1:50984 - R:localhost/127.0.0.1:62787]' for 'POST' to 'http://localhost:62787/session/21c78a9ef5a43a26be78e0032efb5b9e/element'
13:14:57.207 [Forwarding findElement on session 21c78a9ef5a43a26be78e0032efb5b9e to remote] DEBUG org.asynchttpclient.netty.request.NettyRequestSender - Using open Channel [id: 0x3a1298e3, L:/127.0.0.1:50984 - R:localhost/127.0.0.1:62787] for POST '/session/21c78a9ef5a43a26be78e0032efb5b9e/element'
13:14:57.212 [AsyncHttpClient-1-4] DEBUG org.asynchttpclient.netty.handler.HttpHandler - 

Request DefaultHttpRequest(decodeResult: success, version: HTTP/1.1)
POST /session/54c5ef212f7634697e04f8645025974f/url HTTP/1.1
User-Agent: selenium/4.1.4 (java windows)
Content-Length: 94
Content-Type: application/json; charset=utf-8
host: localhost:56717
accept: */*

Response DefaultHttpResponse(decodeResult: success, version: HTTP/1.1)
HTTP/1.1 200 OK
Content-Type: application/json; charset=utf-8
cache-control: no-cache
content-length: 14

13:14:57.212 [AsyncHttpClient-1-4] DEBUG org.asynchttpclient.netty.channel.ChannelManager - Adding key: http://localhost:56717 for channel [id: 0xb035af86, L:/127.0.0.1:50983 - R:localhost/127.0.0.1:56717]
13:14:57.216 [Forwarding findElement on session 54c5ef212f7634697e04f8645025974f to remote] DEBUG org.asynchttpclient.netty.request.NettyRequestSender - Using pooled Channel '[id: 0xb035af86, L:/127.0.0.1:50983 - R:localhost/127.0.0.1:56717]' for 'POST' to 'http://localhost:56717/session/54c5ef212f7634697e04f8645025974f/element'
13:14:57.217 [Forwarding findElement on session 54c5ef212f7634697e04f8645025974f to remote] DEBUG org.asynchttpclient.netty.request.NettyRequestSender - Using open Channel [id: 0xb035af86, L:/127.0.0.1:50983 - R:localhost/127.0.0.1:56717] for POST '/session/54c5ef212f7634697e04f8645025974f/element'
13:14:57.238 [AsyncHttpClient-1-3] DEBUG org.asynchttpclient.netty.handler.HttpHandler - 

Request DefaultHttpRequest(decodeResult: success, version: HTTP/1.1)
POST /session/19499d7e8409e63b58c9a383183f96ff/element HTTP/1.1
User-Agent: selenium/4.1.4 (java windows)
Content-Length: 49
Content-Type: application/json; charset=utf-8
host: localhost:60858
accept: */*

Response DefaultHttpResponse(decodeResult: success, version: HTTP/1.1)
HTTP/1.1 200 OK
Content-Type: application/json; charset=utf-8
cache-control: no-cache
content-length: 88

13:14:57.239 [AsyncHttpClient-1-3] DEBUG org.asynchttpclient.netty.channel.ChannelManager - Adding key: http://localhost:60858 for channel [id: 0xdf28a808, L:/127.0.0.1:50982 - R:localhost/127.0.0.1:60858]
13:14:57.241 [AsyncHttpClient-1-2] DEBUG org.asynchttpclient.netty.handler.HttpHandler - 

Request DefaultHttpRequest(decodeResult: success, version: HTTP/1.1)
POST /session/21c78a9ef5a43a26be78e0032efb5b9e/element HTTP/1.1
User-Agent: selenium/4.1.4 (java windows)
Content-Length: 49
Content-Type: application/json; charset=utf-8
host: localhost:62787
accept: */*

Response DefaultHttpResponse(decodeResult: success, version: HTTP/1.1)
HTTP/1.1 200 OK
Content-Type: application/json; charset=utf-8
cache-control: no-cache
content-length: 88

13:14:57.242 [AsyncHttpClient-1-2] DEBUG org.asynchttpclient.netty.channel.ChannelManager - Adding key: http://localhost:62787 for channel [id: 0x3a1298e3, L:/127.0.0.1:50984 - R:localhost/127.0.0.1:62787]
13:14:57.247 [AsyncHttpClient-1-4] DEBUG org.asynchttpclient.netty.handler.HttpHandler - 

Request DefaultHttpRequest(decodeResult: success, version: HTTP/1.1)
POST /session/54c5ef212f7634697e04f8645025974f/element HTTP/1.1
User-Agent: selenium/4.1.4 (java windows)
Content-Length: 49
Content-Type: application/json; charset=utf-8
host: localhost:56717
accept: */*

Response DefaultHttpResponse(decodeResult: success, version: HTTP/1.1)
HTTP/1.1 200 OK
Content-Type: application/json; charset=utf-8
cache-control: no-cache
content-length: 88

13:14:57.247 [AsyncHttpClient-1-4] DEBUG org.asynchttpclient.netty.channel.ChannelManager - Adding key: http://localhost:56717 for channel [id: 0xb035af86, L:/127.0.0.1:50983 - R:localhost/127.0.0.1:56717]
13:14:57.268 [Forwarding isElementDisplayed on session 19499d7e8409e63b58c9a383183f96ff to remote] DEBUG org.asynchttpclient.netty.request.NettyRequestSender - Using pooled Channel '[id: 0xdf28a808, L:/127.0.0.1:50982 - R:localhost/127.0.0.1:60858]' for 'POST' to 'http://localhost:60858/session/19499d7e8409e63b58c9a383183f96ff/execute/sync'
13:14:57.268 [Forwarding isElementDisplayed on session 19499d7e8409e63b58c9a383183f96ff to remote] DEBUG org.asynchttpclient.netty.request.NettyRequestSender - Using open Channel [id: 0xdf28a808, L:/127.0.0.1:50982 - R:localhost/127.0.0.1:60858] for POST '/session/19499d7e8409e63b58c9a383183f96ff/execute/sync'
13:14:57.271 [Forwarding isElementDisplayed on session 54c5ef212f7634697e04f8645025974f to remote] DEBUG org.asynchttpclient.netty.request.NettyRequestSender - Using pooled Channel '[id: 0xb035af86, L:/127.0.0.1:50983 - R:localhost/127.0.0.1:56717]' for 'POST' to 'http://localhost:56717/session/54c5ef212f7634697e04f8645025974f/execute/sync'
13:14:57.271 [Forwarding isElementDisplayed on session 54c5ef212f7634697e04f8645025974f to remote] DEBUG org.asynchttpclient.netty.request.NettyRequestSender - Using open Channel [id: 0xb035af86, L:/127.0.0.1:50983 - R:localhost/127.0.0.1:56717] for POST '/session/54c5ef212f7634697e04f8645025974f/execute/sync'
13:14:57.276 [Forwarding isElementDisplayed on session 21c78a9ef5a43a26be78e0032efb5b9e to remote] DEBUG org.asynchttpclient.netty.request.NettyRequestSender - Using pooled Channel '[id: 0x3a1298e3, L:/127.0.0.1:50984 - R:localhost/127.0.0.1:62787]' for 'POST' to 'http://localhost:62787/session/21c78a9ef5a43a26be78e0032efb5b9e/execute/sync'
13:14:57.276 [Forwarding isElementDisplayed on session 21c78a9ef5a43a26be78e0032efb5b9e to remote] DEBUG org.asynchttpclient.netty.request.NettyRequestSender - Using open Channel [id: 0x3a1298e3, L:/127.0.0.1:50984 - R:localhost/127.0.0.1:62787] for POST '/session/21c78a9ef5a43a26be78e0032efb5b9e/execute/sync'
13:14:57.358 [AsyncHttpClient-1-3] DEBUG org.asynchttpclient.netty.handler.HttpHandler - 

Request DefaultHttpRequest(decodeResult: success, version: HTTP/1.1)
POST /session/19499d7e8409e63b58c9a383183f96ff/execute/sync HTTP/1.1
User-Agent: selenium/4.1.4 (java windows)
Content-Length: 48780
Content-Type: application/json; charset=utf-8
host: localhost:60858
accept: */*

Response DefaultHttpResponse(decodeResult: success, version: HTTP/1.1)
HTTP/1.1 200 OK
Content-Type: application/json; charset=utf-8
cache-control: no-cache
content-length: 14

13:14:57.358 [AsyncHttpClient-1-3] DEBUG org.asynchttpclient.netty.channel.ChannelManager - Adding key: http://localhost:60858 for channel [id: 0xdf28a808, L:/127.0.0.1:50982 - R:localhost/127.0.0.1:60858]
13:14:57.360 [AsyncHttpClient-1-2] DEBUG org.asynchttpclient.netty.handler.HttpHandler - 

Request DefaultHttpRequest(decodeResult: success, version: HTTP/1.1)
POST /session/21c78a9ef5a43a26be78e0032efb5b9e/execute/sync HTTP/1.1
User-Agent: selenium/4.1.4 (java windows)
Content-Length: 48780
Content-Type: application/json; charset=utf-8
host: localhost:62787
accept: */*

Response DefaultHttpResponse(decodeResult: success, version: HTTP/1.1)
HTTP/1.1 200 OK
Content-Type: application/json; charset=utf-8
cache-control: no-cache
content-length: 14

13:14:57.361 [AsyncHttpClient-1-2] DEBUG org.asynchttpclient.netty.channel.ChannelManager - Adding key: http://localhost:62787 for channel [id: 0x3a1298e3, L:/127.0.0.1:50984 - R:localhost/127.0.0.1:62787]
13:14:57.361 [Forwarding findElement on session 19499d7e8409e63b58c9a383183f96ff to remote] DEBUG org.asynchttpclient.netty.request.NettyRequestSender - Using pooled Channel '[id: 0xdf28a808, L:/127.0.0.1:50982 - R:localhost/127.0.0.1:60858]' for 'POST' to 'http://localhost:60858/session/19499d7e8409e63b58c9a383183f96ff/element'
13:14:57.361 [Forwarding findElement on session 19499d7e8409e63b58c9a383183f96ff to remote] DEBUG org.asynchttpclient.netty.request.NettyRequestSender - Using open Channel [id: 0xdf28a808, L:/127.0.0.1:50982 - R:localhost/127.0.0.1:60858] for POST '/session/19499d7e8409e63b58c9a383183f96ff/element'
13:14:57.363 [AsyncHttpClient-1-4] DEBUG org.asynchttpclient.netty.handler.HttpHandler - 

Request DefaultHttpRequest(decodeResult: success, version: HTTP/1.1)
POST /session/54c5ef212f7634697e04f8645025974f/execute/sync HTTP/1.1
User-Agent: selenium/4.1.4 (java windows)
Content-Length: 48780
Content-Type: application/json; charset=utf-8
host: localhost:56717
accept: */*

Response DefaultHttpResponse(decodeResult: success, version: HTTP/1.1)
HTTP/1.1 200 OK
Content-Type: application/json; charset=utf-8
cache-control: no-cache
content-length: 14

13:14:57.373 [AsyncHttpClient-1-4] DEBUG org.asynchttpclient.netty.channel.ChannelManager - Adding key: http://localhost:56717 for channel [id: 0xb035af86, L:/127.0.0.1:50983 - R:localhost/127.0.0.1:56717]
13:14:57.373 [Forwarding findElement on session 21c78a9ef5a43a26be78e0032efb5b9e to remote] DEBUG org.asynchttpclient.netty.request.NettyRequestSender - Using pooled Channel '[id: 0x3a1298e3, L:/127.0.0.1:50984 - R:localhost/127.0.0.1:62787]' for 'POST' to 'http://localhost:62787/session/21c78a9ef5a43a26be78e0032efb5b9e/element'
13:14:57.374 [Forwarding findElement on session 21c78a9ef5a43a26be78e0032efb5b9e to remote] DEBUG org.asynchttpclient.netty.request.NettyRequestSender - Using open Channel [id: 0x3a1298e3, L:/127.0.0.1:50984 - R:localhost/127.0.0.1:62787] for POST '/session/21c78a9ef5a43a26be78e0032efb5b9e/element'
13:14:57.381 [Forwarding findElement on session 54c5ef212f7634697e04f8645025974f to remote] DEBUG org.asynchttpclient.netty.request.NettyRequestSender - Using pooled Channel '[id: 0xb035af86, L:/127.0.0.1:50983 - R:localhost/127.0.0.1:56717]' for 'POST' to 'http://localhost:56717/session/54c5ef212f7634697e04f8645025974f/element'
13:14:57.381 [Forwarding findElement on session 54c5ef212f7634697e04f8645025974f to remote] DEBUG org.asynchttpclient.netty.request.NettyRequestSender - Using open Channel [id: 0xb035af86, L:/127.0.0.1:50983 - R:localhost/127.0.0.1:56717] for POST '/session/54c5ef212f7634697e04f8645025974f/element'
13:14:57.427 [AsyncHttpClient-1-4] DEBUG org.asynchttpclient.netty.handler.HttpHandler - 

Request DefaultHttpRequest(decodeResult: success, version: HTTP/1.1)
POST /session/54c5ef212f7634697e04f8645025974f/element HTTP/1.1
User-Agent: selenium/4.1.4 (java windows)
Content-Length: 49
Content-Type: application/json; charset=utf-8
host: localhost:56717
accept: */*

Response DefaultHttpResponse(decodeResult: success, version: HTTP/1.1)
HTTP/1.1 200 OK
Content-Type: application/json; charset=utf-8
cache-control: no-cache
content-length: 88

13:14:57.428 [AsyncHttpClient-1-4] DEBUG org.asynchttpclient.netty.channel.ChannelManager - Adding key: http://localhost:56717 for channel [id: 0xb035af86, L:/127.0.0.1:50983 - R:localhost/127.0.0.1:56717]
13:14:57.429 [AsyncHttpClient-1-3] DEBUG org.asynchttpclient.netty.handler.HttpHandler - 

Request DefaultHttpRequest(decodeResult: success, version: HTTP/1.1)
POST /session/19499d7e8409e63b58c9a383183f96ff/element HTTP/1.1
User-Agent: selenium/4.1.4 (java windows)
Content-Length: 49
Content-Type: application/json; charset=utf-8
host: localhost:60858
accept: */*

Response DefaultHttpResponse(decodeResult: success, version: HTTP/1.1)
HTTP/1.1 200 OK
Content-Type: application/json; charset=utf-8
cache-control: no-cache
content-length: 88

13:14:57.430 [AsyncHttpClient-1-3] DEBUG org.asynchttpclient.netty.channel.ChannelManager - Adding key: http://localhost:60858 for channel [id: 0xdf28a808, L:/127.0.0.1:50982 - R:localhost/127.0.0.1:60858]
13:14:57.432 [Forwarding isElementEnabled on session 54c5ef212f7634697e04f8645025974f to remote] DEBUG org.asynchttpclient.netty.request.NettyRequestSender - Using pooled Channel '[id: 0xb035af86, L:/127.0.0.1:50983 - R:localhost/127.0.0.1:56717]' for 'GET' to 'http://localhost:56717/session/54c5ef212f7634697e04f8645025974f/element/1032be6d-68cb-46a2-85ab-d7baebcc4068/enabled'
13:14:57.432 [Forwarding isElementEnabled on session 54c5ef212f7634697e04f8645025974f to remote] DEBUG org.asynchttpclient.netty.request.NettyRequestSender - Using open Channel [id: 0xb035af86, L:/127.0.0.1:50983 - R:localhost/127.0.0.1:56717] for GET '/session/54c5ef212f7634697e04f8645025974f/element/1032be6d-68cb-46a2-85ab-d7baebcc4068/enabled'
13:14:57.433 [Forwarding isElementEnabled on session 19499d7e8409e63b58c9a383183f96ff to remote] DEBUG org.asynchttpclient.netty.request.NettyRequestSender - Using pooled Channel '[id: 0xdf28a808, L:/127.0.0.1:50982 - R:localhost/127.0.0.1:60858]' for 'GET' to 'http://localhost:60858/session/19499d7e8409e63b58c9a383183f96ff/element/cd2a255e-3bcc-4a50-bbc0-9e9a9b493700/enabled'
13:14:57.433 [Forwarding isElementEnabled on session 19499d7e8409e63b58c9a383183f96ff to remote] DEBUG org.asynchttpclient.netty.request.NettyRequestSender - Using open Channel [id: 0xdf28a808, L:/127.0.0.1:50982 - R:localhost/127.0.0.1:60858] for GET '/session/19499d7e8409e63b58c9a383183f96ff/element/cd2a255e-3bcc-4a50-bbc0-9e9a9b493700/enabled'
13:14:57.435 [AsyncHttpClient-1-2] DEBUG org.asynchttpclient.netty.handler.HttpHandler - 

Request DefaultHttpRequest(decodeResult: success, version: HTTP/1.1)
POST /session/21c78a9ef5a43a26be78e0032efb5b9e/element HTTP/1.1
User-Agent: selenium/4.1.4 (java windows)
Content-Length: 49
Content-Type: application/json; charset=utf-8
host: localhost:62787
accept: */*

Response DefaultHttpResponse(decodeResult: success, version: HTTP/1.1)
HTTP/1.1 200 OK
Content-Type: application/json; charset=utf-8
cache-control: no-cache
content-length: 88

13:14:57.435 [AsyncHttpClient-1-2] DEBUG org.asynchttpclient.netty.channel.ChannelManager - Adding key: http://localhost:62787 for channel [id: 0x3a1298e3, L:/127.0.0.1:50984 - R:localhost/127.0.0.1:62787]
13:14:57.442 [Forwarding isElementEnabled on session 21c78a9ef5a43a26be78e0032efb5b9e to remote] DEBUG org.asynchttpclient.netty.request.NettyRequestSender - Using pooled Channel '[id: 0x3a1298e3, L:/127.0.0.1:50984 - R:localhost/127.0.0.1:62787]' for 'GET' to 'http://localhost:62787/session/21c78a9ef5a43a26be78e0032efb5b9e/element/fe46addb-8c36-4755-8fca-4d1e53321e2b/enabled'
13:14:57.442 [Forwarding isElementEnabled on session 21c78a9ef5a43a26be78e0032efb5b9e to remote] DEBUG org.asynchttpclient.netty.request.NettyRequestSender - Using open Channel [id: 0x3a1298e3, L:/127.0.0.1:50984 - R:localhost/127.0.0.1:62787] for GET '/session/21c78a9ef5a43a26be78e0032efb5b9e/element/fe46addb-8c36-4755-8fca-4d1e53321e2b/enabled'
13:14:57.476 [AsyncHttpClient-1-4] DEBUG org.asynchttpclient.netty.handler.HttpHandler - 

Request DefaultFullHttpRequest(decodeResult: success, version: HTTP/1.1, content: EmptyByteBufBE)
GET /session/54c5ef212f7634697e04f8645025974f/element/1032be6d-68cb-46a2-85ab-d7baebcc4068/enabled HTTP/1.1
User-Agent: selenium/4.1.4 (java windows)
Cache-Control: no-cache
Content-Type: application/json; charset=utf-8
host: localhost:56717
accept: */*

Response DefaultHttpResponse(decodeResult: success, version: HTTP/1.1)
HTTP/1.1 200 OK
Content-Type: application/json; charset=utf-8
cache-control: no-cache
content-length: 14

13:14:57.476 [AsyncHttpClient-1-2] DEBUG org.asynchttpclient.netty.handler.HttpHandler - 

Request DefaultFullHttpRequest(decodeResult: success, version: HTTP/1.1, content: EmptyByteBufBE)
GET /session/21c78a9ef5a43a26be78e0032efb5b9e/element/fe46addb-8c36-4755-8fca-4d1e53321e2b/enabled HTTP/1.1
User-Agent: selenium/4.1.4 (java windows)
Cache-Control: no-cache
Content-Type: application/json; charset=utf-8
host: localhost:62787
accept: */*

Response DefaultHttpResponse(decodeResult: success, version: HTTP/1.1)
HTTP/1.1 200 OK
Content-Type: application/json; charset=utf-8
cache-control: no-cache
content-length: 14

13:14:57.476 [AsyncHttpClient-1-4] DEBUG org.asynchttpclient.netty.channel.ChannelManager - Adding key: http://localhost:56717 for channel [id: 0xb035af86, L:/127.0.0.1:50983 - R:localhost/127.0.0.1:56717]
13:14:57.476 [AsyncHttpClient-1-2] DEBUG org.asynchttpclient.netty.channel.ChannelManager - Adding key: http://localhost:62787 for channel [id: 0x3a1298e3, L:/127.0.0.1:50984 - R:localhost/127.0.0.1:62787]
13:14:57.479 [Forwarding findElement on session 54c5ef212f7634697e04f8645025974f to remote] DEBUG org.asynchttpclient.netty.request.NettyRequestSender - Using pooled Channel '[id: 0xb035af86, L:/127.0.0.1:50983 - R:localhost/127.0.0.1:56717]' for 'POST' to 'http://localhost:56717/session/54c5ef212f7634697e04f8645025974f/element'
13:14:57.479 [Forwarding findElement on session 21c78a9ef5a43a26be78e0032efb5b9e to remote] DEBUG org.asynchttpclient.netty.request.NettyRequestSender - Using pooled Channel '[id: 0x3a1298e3, L:/127.0.0.1:50984 - R:localhost/127.0.0.1:62787]' for 'POST' to 'http://localhost:62787/session/21c78a9ef5a43a26be78e0032efb5b9e/element'
13:14:57.479 [Forwarding findElement on session 54c5ef212f7634697e04f8645025974f to remote] DEBUG org.asynchttpclient.netty.request.NettyRequestSender - Using open Channel [id: 0xb035af86, L:/127.0.0.1:50983 - R:localhost/127.0.0.1:56717] for POST '/session/54c5ef212f7634697e04f8645025974f/element'
13:14:57.479 [Forwarding findElement on session 21c78a9ef5a43a26be78e0032efb5b9e to remote] DEBUG org.asynchttpclient.netty.request.NettyRequestSender - Using open Channel [id: 0x3a1298e3, L:/127.0.0.1:50984 - R:localhost/127.0.0.1:62787] for POST '/session/21c78a9ef5a43a26be78e0032efb5b9e/element'
13:14:57.491 [AsyncHttpClient-1-3] DEBUG org.asynchttpclient.netty.handler.HttpHandler - 

Request DefaultFullHttpRequest(decodeResult: success, version: HTTP/1.1, content: EmptyByteBufBE)
GET /session/19499d7e8409e63b58c9a383183f96ff/element/cd2a255e-3bcc-4a50-bbc0-9e9a9b493700/enabled HTTP/1.1
User-Agent: selenium/4.1.4 (java windows)
Cache-Control: no-cache
Content-Type: application/json; charset=utf-8
host: localhost:60858
accept: */*

Response DefaultHttpResponse(decodeResult: success, version: HTTP/1.1)
HTTP/1.1 200 OK
Content-Type: application/json; charset=utf-8
cache-control: no-cache
content-length: 14

13:14:57.492 [AsyncHttpClient-1-3] DEBUG org.asynchttpclient.netty.channel.ChannelManager - Adding key: http://localhost:60858 for channel [id: 0xdf28a808, L:/127.0.0.1:50982 - R:localhost/127.0.0.1:60858]
13:14:57.495 [Forwarding findElement on session 19499d7e8409e63b58c9a383183f96ff to remote] DEBUG org.asynchttpclient.netty.request.NettyRequestSender - Using pooled Channel '[id: 0xdf28a808, L:/127.0.0.1:50982 - R:localhost/127.0.0.1:60858]' for 'POST' to 'http://localhost:60858/session/19499d7e8409e63b58c9a383183f96ff/element'
13:14:57.495 [Forwarding findElement on session 19499d7e8409e63b58c9a383183f96ff to remote] DEBUG org.asynchttpclient.netty.request.NettyRequestSender - Using open Channel [id: 0xdf28a808, L:/127.0.0.1:50982 - R:localhost/127.0.0.1:60858] for POST '/session/19499d7e8409e63b58c9a383183f96ff/element'
13:14:57.510 [AsyncHttpClient-1-2] DEBUG org.asynchttpclient.netty.handler.HttpHandler - 

Request DefaultHttpRequest(decodeResult: success, version: HTTP/1.1)
POST /session/21c78a9ef5a43a26be78e0032efb5b9e/element HTTP/1.1
User-Agent: selenium/4.1.4 (java windows)
Content-Length: 49
Content-Type: application/json; charset=utf-8
host: localhost:62787
accept: */*

Response DefaultHttpResponse(decodeResult: success, version: HTTP/1.1)
HTTP/1.1 200 OK
Content-Type: application/json; charset=utf-8
cache-control: no-cache
content-length: 88

13:14:57.511 [AsyncHttpClient-1-2] DEBUG org.asynchttpclient.netty.channel.ChannelManager - Adding key: http://localhost:62787 for channel [id: 0x3a1298e3, L:/127.0.0.1:50984 - R:localhost/127.0.0.1:62787]
13:14:57.517 [Forwarding sendKeysToElement on session 21c78a9ef5a43a26be78e0032efb5b9e to remote] DEBUG org.asynchttpclient.netty.request.NettyRequestSender - Using pooled Channel '[id: 0x3a1298e3, L:/127.0.0.1:50984 - R:localhost/127.0.0.1:62787]' for 'POST' to 'http://localhost:62787/session/21c78a9ef5a43a26be78e0032efb5b9e/element/fe46addb-8c36-4755-8fca-4d1e53321e2b/value'
13:14:57.517 [Forwarding sendKeysToElement on session 21c78a9ef5a43a26be78e0032efb5b9e to remote] DEBUG org.asynchttpclient.netty.request.NettyRequestSender - Using open Channel [id: 0x3a1298e3, L:/127.0.0.1:50984 - R:localhost/127.0.0.1:62787] for POST '/session/21c78a9ef5a43a26be78e0032efb5b9e/element/fe46addb-8c36-4755-8fca-4d1e53321e2b/value'
13:14:57.518 [AsyncHttpClient-1-4] DEBUG org.asynchttpclient.netty.handler.HttpHandler - 

Request DefaultHttpRequest(decodeResult: success, version: HTTP/1.1)
POST /session/54c5ef212f7634697e04f8645025974f/element HTTP/1.1
User-Agent: selenium/4.1.4 (java windows)
Content-Length: 49
Content-Type: application/json; charset=utf-8
host: localhost:56717
accept: */*

Response DefaultHttpResponse(decodeResult: success, version: HTTP/1.1)
HTTP/1.1 200 OK
Content-Type: application/json; charset=utf-8
cache-control: no-cache
content-length: 88

13:14:57.520 [AsyncHttpClient-1-4] DEBUG org.asynchttpclient.netty.channel.ChannelManager - Adding key: http://localhost:56717 for channel [id: 0xb035af86, L:/127.0.0.1:50983 - R:localhost/127.0.0.1:56717]
13:14:57.525 [Forwarding sendKeysToElement on session 54c5ef212f7634697e04f8645025974f to remote] DEBUG org.asynchttpclient.netty.request.NettyRequestSender - Using pooled Channel '[id: 0xb035af86, L:/127.0.0.1:50983 - R:localhost/127.0.0.1:56717]' for 'POST' to 'http://localhost:56717/session/54c5ef212f7634697e04f8645025974f/element/1032be6d-68cb-46a2-85ab-d7baebcc4068/value'
13:14:57.525 [Forwarding sendKeysToElement on session 54c5ef212f7634697e04f8645025974f to remote] DEBUG org.asynchttpclient.netty.request.NettyRequestSender - Using open Channel [id: 0xb035af86, L:/127.0.0.1:50983 - R:localhost/127.0.0.1:56717] for POST '/session/54c5ef212f7634697e04f8645025974f/element/1032be6d-68cb-46a2-85ab-d7baebcc4068/value'
13:14:57.533 [AsyncHttpClient-1-3] DEBUG org.asynchttpclient.netty.handler.HttpHandler - 

Request DefaultHttpRequest(decodeResult: success, version: HTTP/1.1)
POST /session/19499d7e8409e63b58c9a383183f96ff/element HTTP/1.1
User-Agent: selenium/4.1.4 (java windows)
Content-Length: 49
Content-Type: application/json; charset=utf-8
host: localhost:60858
accept: */*

Response DefaultHttpResponse(decodeResult: success, version: HTTP/1.1)
HTTP/1.1 200 OK
Content-Type: application/json; charset=utf-8
cache-control: no-cache
content-length: 88

13:14:57.534 [AsyncHttpClient-1-3] DEBUG org.asynchttpclient.netty.channel.ChannelManager - Adding key: http://localhost:60858 for channel [id: 0xdf28a808, L:/127.0.0.1:50982 - R:localhost/127.0.0.1:60858]
13:14:57.540 [Forwarding sendKeysToElement on session 19499d7e8409e63b58c9a383183f96ff to remote] DEBUG org.asynchttpclient.netty.request.NettyRequestSender - Using pooled Channel '[id: 0xdf28a808, L:/127.0.0.1:50982 - R:localhost/127.0.0.1:60858]' for 'POST' to 'http://localhost:60858/session/19499d7e8409e63b58c9a383183f96ff/element/cd2a255e-3bcc-4a50-bbc0-9e9a9b493700/value'
13:14:57.540 [Forwarding sendKeysToElement on session 19499d7e8409e63b58c9a383183f96ff to remote] DEBUG org.asynchttpclient.netty.request.NettyRequestSender - Using open Channel [id: 0xdf28a808, L:/127.0.0.1:50982 - R:localhost/127.0.0.1:60858] for POST '/session/19499d7e8409e63b58c9a383183f96ff/element/cd2a255e-3bcc-4a50-bbc0-9e9a9b493700/value'
13:14:57.694 [AsyncHttpClient-1-4] DEBUG org.asynchttpclient.netty.handler.HttpHandler - 

Request DefaultHttpRequest(decodeResult: success, version: HTTP/1.1)
POST /session/54c5ef212f7634697e04f8645025974f/element/1032be6d-68cb-46a2-85ab-d7baebcc4068/value HTTP/1.1
User-Agent: selenium/4.1.4 (java windows)
Content-Length: 171
Content-Type: application/json; charset=utf-8
host: localhost:56717
accept: */*

Response DefaultHttpResponse(decodeResult: success, version: HTTP/1.1)
HTTP/1.1 200 OK
Content-Type: application/json; charset=utf-8
cache-control: no-cache
content-length: 14

13:14:57.694 [AsyncHttpClient-1-4] DEBUG org.asynchttpclient.netty.channel.ChannelManager - Adding key: http://localhost:56717 for channel [id: 0xb035af86, L:/127.0.0.1:50983 - R:localhost/127.0.0.1:56717]
13:14:57.698 [Forwarding findElement on session 54c5ef212f7634697e04f8645025974f to remote] DEBUG org.asynchttpclient.netty.request.NettyRequestSender - Using pooled Channel '[id: 0xb035af86, L:/127.0.0.1:50983 - R:localhost/127.0.0.1:56717]' for 'POST' to 'http://localhost:56717/session/54c5ef212f7634697e04f8645025974f/element'
13:14:57.698 [Forwarding findElement on session 54c5ef212f7634697e04f8645025974f to remote] DEBUG org.asynchttpclient.netty.request.NettyRequestSender - Using open Channel [id: 0xb035af86, L:/127.0.0.1:50983 - R:localhost/127.0.0.1:56717] for POST '/session/54c5ef212f7634697e04f8645025974f/element'
13:14:57.701 [AsyncHttpClient-1-2] DEBUG org.asynchttpclient.netty.handler.HttpHandler - 

Request DefaultHttpRequest(decodeResult: success, version: HTTP/1.1)
POST /session/21c78a9ef5a43a26be78e0032efb5b9e/element/fe46addb-8c36-4755-8fca-4d1e53321e2b/value HTTP/1.1
User-Agent: selenium/4.1.4 (java windows)
Content-Length: 171
Content-Type: application/json; charset=utf-8
host: localhost:62787
accept: */*

Response DefaultHttpResponse(decodeResult: success, version: HTTP/1.1)
HTTP/1.1 200 OK
Content-Type: application/json; charset=utf-8
cache-control: no-cache
content-length: 14

13:14:57.701 [AsyncHttpClient-1-2] DEBUG org.asynchttpclient.netty.channel.ChannelManager - Adding key: http://localhost:62787 for channel [id: 0x3a1298e3, L:/127.0.0.1:50984 - R:localhost/127.0.0.1:62787]
13:14:57.710 [Forwarding findElement on session 21c78a9ef5a43a26be78e0032efb5b9e to remote] DEBUG org.asynchttpclient.netty.request.NettyRequestSender - Using pooled Channel '[id: 0x3a1298e3, L:/127.0.0.1:50984 - R:localhost/127.0.0.1:62787]' for 'POST' to 'http://localhost:62787/session/21c78a9ef5a43a26be78e0032efb5b9e/element'
13:14:57.712 [Forwarding findElement on session 21c78a9ef5a43a26be78e0032efb5b9e to remote] DEBUG org.asynchttpclient.netty.request.NettyRequestSender - Using open Channel [id: 0x3a1298e3, L:/127.0.0.1:50984 - R:localhost/127.0.0.1:62787] for POST '/session/21c78a9ef5a43a26be78e0032efb5b9e/element'
13:14:57.749 [AsyncHttpClient-1-3] DEBUG org.asynchttpclient.netty.handler.HttpHandler - 

Request DefaultHttpRequest(decodeResult: success, version: HTTP/1.1)
POST /session/19499d7e8409e63b58c9a383183f96ff/element/cd2a255e-3bcc-4a50-bbc0-9e9a9b493700/value HTTP/1.1
User-Agent: selenium/4.1.4 (java windows)
Content-Length: 161
Content-Type: application/json; charset=utf-8
host: localhost:60858
accept: */*

Response DefaultHttpResponse(decodeResult: success, version: HTTP/1.1)
HTTP/1.1 200 OK
Content-Type: application/json; charset=utf-8
cache-control: no-cache
content-length: 14

13:14:57.750 [AsyncHttpClient-1-3] DEBUG org.asynchttpclient.netty.channel.ChannelManager - Adding key: http://localhost:60858 for channel [id: 0xdf28a808, L:/127.0.0.1:50982 - R:localhost/127.0.0.1:60858]
13:14:57.750 [AsyncHttpClient-1-4] DEBUG org.asynchttpclient.netty.handler.HttpHandler - 

Request DefaultHttpRequest(decodeResult: success, version: HTTP/1.1)
POST /session/54c5ef212f7634697e04f8645025974f/element HTTP/1.1
User-Agent: selenium/4.1.4 (java windows)
Content-Length: 53
Content-Type: application/json; charset=utf-8
host: localhost:56717
accept: */*

Response DefaultHttpResponse(decodeResult: success, version: HTTP/1.1)
HTTP/1.1 200 OK
Content-Type: application/json; charset=utf-8
cache-control: no-cache
content-length: 88

13:14:57.750 [AsyncHttpClient-1-2] DEBUG org.asynchttpclient.netty.handler.HttpHandler - 

Request DefaultHttpRequest(decodeResult: success, version: HTTP/1.1)
POST /session/21c78a9ef5a43a26be78e0032efb5b9e/element HTTP/1.1
User-Agent: selenium/4.1.4 (java windows)
Content-Length: 53
Content-Type: application/json; charset=utf-8
host: localhost:62787
accept: */*

Response DefaultHttpResponse(decodeResult: success, version: HTTP/1.1)
HTTP/1.1 200 OK
Content-Type: application/json; charset=utf-8
cache-control: no-cache
content-length: 88

13:14:57.751 [AsyncHttpClient-1-4] DEBUG org.asynchttpclient.netty.channel.ChannelManager - Adding key: http://localhost:56717 for channel [id: 0xb035af86, L:/127.0.0.1:50983 - R:localhost/127.0.0.1:56717]
13:14:57.751 [AsyncHttpClient-1-2] DEBUG org.asynchttpclient.netty.channel.ChannelManager - Adding key: http://localhost:62787 for channel [id: 0x3a1298e3, L:/127.0.0.1:50984 - R:localhost/127.0.0.1:62787]
13:14:57.758 [Forwarding findElement on session 19499d7e8409e63b58c9a383183f96ff to remote] DEBUG org.asynchttpclient.netty.request.NettyRequestSender - Using pooled Channel '[id: 0xdf28a808, L:/127.0.0.1:50982 - R:localhost/127.0.0.1:60858]' for 'POST' to 'http://localhost:60858/session/19499d7e8409e63b58c9a383183f96ff/element'
13:14:57.758 [Forwarding findElement on session 19499d7e8409e63b58c9a383183f96ff to remote] DEBUG org.asynchttpclient.netty.request.NettyRequestSender - Using open Channel [id: 0xdf28a808, L:/127.0.0.1:50982 - R:localhost/127.0.0.1:60858] for POST '/session/19499d7e8409e63b58c9a383183f96ff/element'
13:14:57.760 [Forwarding isElementDisplayed on session 21c78a9ef5a43a26be78e0032efb5b9e to remote] DEBUG org.asynchttpclient.netty.request.NettyRequestSender - Using pooled Channel '[id: 0x3a1298e3, L:/127.0.0.1:50984 - R:localhost/127.0.0.1:62787]' for 'POST' to 'http://localhost:62787/session/21c78a9ef5a43a26be78e0032efb5b9e/execute/sync'
13:14:57.761 [Forwarding isElementDisplayed on session 21c78a9ef5a43a26be78e0032efb5b9e to remote] DEBUG org.asynchttpclient.netty.request.NettyRequestSender - Using open Channel [id: 0x3a1298e3, L:/127.0.0.1:50984 - R:localhost/127.0.0.1:62787] for POST '/session/21c78a9ef5a43a26be78e0032efb5b9e/execute/sync'
13:14:57.764 [Forwarding isElementDisplayed on session 54c5ef212f7634697e04f8645025974f to remote] DEBUG org.asynchttpclient.netty.request.NettyRequestSender - Using pooled Channel '[id: 0xb035af86, L:/127.0.0.1:50983 - R:localhost/127.0.0.1:56717]' for 'POST' to 'http://localhost:56717/session/54c5ef212f7634697e04f8645025974f/execute/sync'
13:14:57.764 [Forwarding isElementDisplayed on session 54c5ef212f7634697e04f8645025974f to remote] DEBUG org.asynchttpclient.netty.request.NettyRequestSender - Using open Channel [id: 0xb035af86, L:/127.0.0.1:50983 - R:localhost/127.0.0.1:56717] for POST '/session/54c5ef212f7634697e04f8645025974f/execute/sync'
13:14:57.829 [AsyncHttpClient-1-2] DEBUG org.asynchttpclient.netty.handler.HttpHandler - 

Request DefaultHttpRequest(decodeResult: success, version: HTTP/1.1)
POST /session/21c78a9ef5a43a26be78e0032efb5b9e/execute/sync HTTP/1.1
User-Agent: selenium/4.1.4 (java windows)
Content-Length: 48780
Content-Type: application/json; charset=utf-8
host: localhost:62787
accept: */*

Response DefaultHttpResponse(decodeResult: success, version: HTTP/1.1)
HTTP/1.1 200 OK
Content-Type: application/json; charset=utf-8
cache-control: no-cache
content-length: 14

13:14:57.829 [AsyncHttpClient-1-3] DEBUG org.asynchttpclient.netty.handler.HttpHandler - 

Request DefaultHttpRequest(decodeResult: success, version: HTTP/1.1)
POST /session/19499d7e8409e63b58c9a383183f96ff/element HTTP/1.1
User-Agent: selenium/4.1.4 (java windows)
Content-Length: 53
Content-Type: application/json; charset=utf-8
host: localhost:60858
accept: */*

Response DefaultHttpResponse(decodeResult: success, version: HTTP/1.1)
HTTP/1.1 200 OK
Content-Type: application/json; charset=utf-8
cache-control: no-cache
content-length: 88

13:14:57.830 [AsyncHttpClient-1-3] DEBUG org.asynchttpclient.netty.channel.ChannelManager - Adding key: http://localhost:60858 for channel [id: 0xdf28a808, L:/127.0.0.1:50982 - R:localhost/127.0.0.1:60858]
13:14:57.830 [AsyncHttpClient-1-2] DEBUG org.asynchttpclient.netty.channel.ChannelManager - Adding key: http://localhost:62787 for channel [id: 0x3a1298e3, L:/127.0.0.1:50984 - R:localhost/127.0.0.1:62787]
13:14:57.841 [Forwarding findElement on session 21c78a9ef5a43a26be78e0032efb5b9e to remote] DEBUG org.asynchttpclient.netty.request.NettyRequestSender - Using pooled Channel '[id: 0x3a1298e3, L:/127.0.0.1:50984 - R:localhost/127.0.0.1:62787]' for 'POST' to 'http://localhost:62787/session/21c78a9ef5a43a26be78e0032efb5b9e/element'
13:14:57.841 [Forwarding findElement on session 21c78a9ef5a43a26be78e0032efb5b9e to remote] DEBUG org.asynchttpclient.netty.request.NettyRequestSender - Using open Channel [id: 0x3a1298e3, L:/127.0.0.1:50984 - R:localhost/127.0.0.1:62787] for POST '/session/21c78a9ef5a43a26be78e0032efb5b9e/element'
13:14:57.843 [Forwarding isElementDisplayed on session 19499d7e8409e63b58c9a383183f96ff to remote] DEBUG org.asynchttpclient.netty.request.NettyRequestSender - Using pooled Channel '[id: 0xdf28a808, L:/127.0.0.1:50982 - R:localhost/127.0.0.1:60858]' for 'POST' to 'http://localhost:60858/session/19499d7e8409e63b58c9a383183f96ff/execute/sync'
13:14:57.844 [Forwarding isElementDisplayed on session 19499d7e8409e63b58c9a383183f96ff to remote] DEBUG org.asynchttpclient.netty.request.NettyRequestSender - Using open Channel [id: 0xdf28a808, L:/127.0.0.1:50982 - R:localhost/127.0.0.1:60858] for POST '/session/19499d7e8409e63b58c9a383183f96ff/execute/sync'
13:14:57.852 [AsyncHttpClient-1-4] DEBUG org.asynchttpclient.netty.handler.HttpHandler - 

Request DefaultHttpRequest(decodeResult: success, version: HTTP/1.1)
POST /session/54c5ef212f7634697e04f8645025974f/execute/sync HTTP/1.1
User-Agent: selenium/4.1.4 (java windows)
Content-Length: 48780
Content-Type: application/json; charset=utf-8
host: localhost:56717
accept: */*

Response DefaultHttpResponse(decodeResult: success, version: HTTP/1.1)
HTTP/1.1 200 OK
Content-Type: application/json; charset=utf-8
cache-control: no-cache
content-length: 14

13:14:57.852 [AsyncHttpClient-1-4] DEBUG org.asynchttpclient.netty.channel.ChannelManager - Adding key: http://localhost:56717 for channel [id: 0xb035af86, L:/127.0.0.1:50983 - R:localhost/127.0.0.1:56717]
13:14:57.862 [Forwarding findElement on session 54c5ef212f7634697e04f8645025974f to remote] DEBUG org.asynchttpclient.netty.request.NettyRequestSender - Using pooled Channel '[id: 0xb035af86, L:/127.0.0.1:50983 - R:localhost/127.0.0.1:56717]' for 'POST' to 'http://localhost:56717/session/54c5ef212f7634697e04f8645025974f/element'
13:14:57.862 [Forwarding findElement on session 54c5ef212f7634697e04f8645025974f to remote] DEBUG org.asynchttpclient.netty.request.NettyRequestSender - Using open Channel [id: 0xb035af86, L:/127.0.0.1:50983 - R:localhost/127.0.0.1:56717] for POST '/session/54c5ef212f7634697e04f8645025974f/element'
13:14:57.884 [AsyncHttpClient-1-2] DEBUG org.asynchttpclient.netty.handler.HttpHandler - 

Request DefaultHttpRequest(decodeResult: success, version: HTTP/1.1)
POST /session/21c78a9ef5a43a26be78e0032efb5b9e/element HTTP/1.1
User-Agent: selenium/4.1.4 (java windows)
Content-Length: 53
Content-Type: application/json; charset=utf-8
host: localhost:62787
accept: */*

Response DefaultHttpResponse(decodeResult: success, version: HTTP/1.1)
HTTP/1.1 200 OK
Content-Type: application/json; charset=utf-8
cache-control: no-cache
content-length: 88

13:14:57.885 [AsyncHttpClient-1-2] DEBUG org.asynchttpclient.netty.channel.ChannelManager - Adding key: http://localhost:62787 for channel [id: 0x3a1298e3, L:/127.0.0.1:50984 - R:localhost/127.0.0.1:62787]
13:14:57.891 [Forwarding isElementEnabled on session 21c78a9ef5a43a26be78e0032efb5b9e to remote] DEBUG org.asynchttpclient.netty.request.NettyRequestSender - Using pooled Channel '[id: 0x3a1298e3, L:/127.0.0.1:50984 - R:localhost/127.0.0.1:62787]' for 'GET' to 'http://localhost:62787/session/21c78a9ef5a43a26be78e0032efb5b9e/element/441eb50f-af09-48b8-b481-e454347c20b7/enabled'
13:14:57.891 [Forwarding isElementEnabled on session 21c78a9ef5a43a26be78e0032efb5b9e to remote] DEBUG org.asynchttpclient.netty.request.NettyRequestSender - Using open Channel [id: 0x3a1298e3, L:/127.0.0.1:50984 - R:localhost/127.0.0.1:62787] for GET '/session/21c78a9ef5a43a26be78e0032efb5b9e/element/441eb50f-af09-48b8-b481-e454347c20b7/enabled'
13:14:57.897 [AsyncHttpClient-1-4] DEBUG org.asynchttpclient.netty.handler.HttpHandler - 

Request DefaultHttpRequest(decodeResult: success, version: HTTP/1.1)
POST /session/54c5ef212f7634697e04f8645025974f/element HTTP/1.1
User-Agent: selenium/4.1.4 (java windows)
Content-Length: 53
Content-Type: application/json; charset=utf-8
host: localhost:56717
accept: */*

Response DefaultHttpResponse(decodeResult: success, version: HTTP/1.1)
HTTP/1.1 200 OK
Content-Type: application/json; charset=utf-8
cache-control: no-cache
content-length: 88

13:14:57.897 [AsyncHttpClient-1-4] DEBUG org.asynchttpclient.netty.channel.ChannelManager - Adding key: http://localhost:56717 for channel [id: 0xb035af86, L:/127.0.0.1:50983 - R:localhost/127.0.0.1:56717]
13:14:57.901 [Forwarding isElementEnabled on session 54c5ef212f7634697e04f8645025974f to remote] DEBUG org.asynchttpclient.netty.request.NettyRequestSender - Using pooled Channel '[id: 0xb035af86, L:/127.0.0.1:50983 - R:localhost/127.0.0.1:56717]' for 'GET' to 'http://localhost:56717/session/54c5ef212f7634697e04f8645025974f/element/216ba159-6587-496a-9dee-72192659117f/enabled'
13:14:57.902 [Forwarding isElementEnabled on session 54c5ef212f7634697e04f8645025974f to remote] DEBUG org.asynchttpclient.netty.request.NettyRequestSender - Using open Channel [id: 0xb035af86, L:/127.0.0.1:50983 - R:localhost/127.0.0.1:56717] for GET '/session/54c5ef212f7634697e04f8645025974f/element/216ba159-6587-496a-9dee-72192659117f/enabled'
13:14:57.910 [AsyncHttpClient-1-3] DEBUG org.asynchttpclient.netty.handler.HttpHandler - 

Request DefaultHttpRequest(decodeResult: success, version: HTTP/1.1)
POST /session/19499d7e8409e63b58c9a383183f96ff/execute/sync HTTP/1.1
User-Agent: selenium/4.1.4 (java windows)
Content-Length: 48780
Content-Type: application/json; charset=utf-8
host: localhost:60858
accept: */*

Response DefaultHttpResponse(decodeResult: success, version: HTTP/1.1)
HTTP/1.1 200 OK
Content-Type: application/json; charset=utf-8
cache-control: no-cache
content-length: 14

13:14:57.911 [AsyncHttpClient-1-3] DEBUG org.asynchttpclient.netty.channel.ChannelManager - Adding key: http://localhost:60858 for channel [id: 0xdf28a808, L:/127.0.0.1:50982 - R:localhost/127.0.0.1:60858]
13:14:57.913 [Forwarding findElement on session 19499d7e8409e63b58c9a383183f96ff to remote] DEBUG org.asynchttpclient.netty.request.NettyRequestSender - Using pooled Channel '[id: 0xdf28a808, L:/127.0.0.1:50982 - R:localhost/127.0.0.1:60858]' for 'POST' to 'http://localhost:60858/session/19499d7e8409e63b58c9a383183f96ff/element'
13:14:57.914 [Forwarding findElement on session 19499d7e8409e63b58c9a383183f96ff to remote] DEBUG org.asynchttpclient.netty.request.NettyRequestSender - Using open Channel [id: 0xdf28a808, L:/127.0.0.1:50982 - R:localhost/127.0.0.1:60858] for POST '/session/19499d7e8409e63b58c9a383183f96ff/element'
13:14:57.917 [AsyncHttpClient-1-2] DEBUG org.asynchttpclient.netty.handler.HttpHandler - 

Request DefaultFullHttpRequest(decodeResult: success, version: HTTP/1.1, content: EmptyByteBufBE)
GET /session/21c78a9ef5a43a26be78e0032efb5b9e/element/441eb50f-af09-48b8-b481-e454347c20b7/enabled HTTP/1.1
User-Agent: selenium/4.1.4 (java windows)
Cache-Control: no-cache
Content-Type: application/json; charset=utf-8
host: localhost:62787
accept: */*

Response DefaultHttpResponse(decodeResult: success, version: HTTP/1.1)
HTTP/1.1 200 OK
Content-Type: application/json; charset=utf-8
cache-control: no-cache
content-length: 14

13:14:57.918 [AsyncHttpClient-1-2] DEBUG org.asynchttpclient.netty.channel.ChannelManager - Adding key: http://localhost:62787 for channel [id: 0x3a1298e3, L:/127.0.0.1:50984 - R:localhost/127.0.0.1:62787]
13:14:57.924 [Forwarding findElement on session 21c78a9ef5a43a26be78e0032efb5b9e to remote] DEBUG org.asynchttpclient.netty.request.NettyRequestSender - Using pooled Channel '[id: 0x3a1298e3, L:/127.0.0.1:50984 - R:localhost/127.0.0.1:62787]' for 'POST' to 'http://localhost:62787/session/21c78a9ef5a43a26be78e0032efb5b9e/element'
13:14:57.924 [Forwarding findElement on session 21c78a9ef5a43a26be78e0032efb5b9e to remote] DEBUG org.asynchttpclient.netty.request.NettyRequestSender - Using open Channel [id: 0x3a1298e3, L:/127.0.0.1:50984 - R:localhost/127.0.0.1:62787] for POST '/session/21c78a9ef5a43a26be78e0032efb5b9e/element'
13:14:57.933 [AsyncHttpClient-1-3] DEBUG org.asynchttpclient.netty.handler.HttpHandler - 

Request DefaultHttpRequest(decodeResult: success, version: HTTP/1.1)
POST /session/19499d7e8409e63b58c9a383183f96ff/element HTTP/1.1
User-Agent: selenium/4.1.4 (java windows)
Content-Length: 53
Content-Type: application/json; charset=utf-8
host: localhost:60858
accept: */*

Response DefaultHttpResponse(decodeResult: success, version: HTTP/1.1)
HTTP/1.1 200 OK
Content-Type: application/json; charset=utf-8
cache-control: no-cache
content-length: 88

13:14:57.934 [AsyncHttpClient-1-3] DEBUG org.asynchttpclient.netty.channel.ChannelManager - Adding key: http://localhost:60858 for channel [id: 0xdf28a808, L:/127.0.0.1:50982 - R:localhost/127.0.0.1:60858]
13:14:57.934 [AsyncHttpClient-1-4] DEBUG org.asynchttpclient.netty.handler.HttpHandler - 

Request DefaultFullHttpRequest(decodeResult: success, version: HTTP/1.1, content: EmptyByteBufBE)
GET /session/54c5ef212f7634697e04f8645025974f/element/216ba159-6587-496a-9dee-72192659117f/enabled HTTP/1.1
User-Agent: selenium/4.1.4 (java windows)
Cache-Control: no-cache
Content-Type: application/json; charset=utf-8
host: localhost:56717
accept: */*

Response DefaultHttpResponse(decodeResult: success, version: HTTP/1.1)
HTTP/1.1 200 OK
Content-Type: application/json; charset=utf-8
cache-control: no-cache
content-length: 14

13:14:57.934 [AsyncHttpClient-1-4] DEBUG org.asynchttpclient.netty.channel.ChannelManager - Adding key: http://localhost:56717 for channel [id: 0xb035af86, L:/127.0.0.1:50983 - R:localhost/127.0.0.1:56717]
13:14:57.939 [Forwarding isElementEnabled on session 19499d7e8409e63b58c9a383183f96ff to remote] DEBUG org.asynchttpclient.netty.request.NettyRequestSender - Using pooled Channel '[id: 0xdf28a808, L:/127.0.0.1:50982 - R:localhost/127.0.0.1:60858]' for 'GET' to 'http://localhost:60858/session/19499d7e8409e63b58c9a383183f96ff/element/ee46451b-17a5-4537-93b5-079aebdaec7d/enabled'
13:14:57.939 [Forwarding isElementEnabled on session 19499d7e8409e63b58c9a383183f96ff to remote] DEBUG org.asynchttpclient.netty.request.NettyRequestSender - Using open Channel [id: 0xdf28a808, L:/127.0.0.1:50982 - R:localhost/127.0.0.1:60858] for GET '/session/19499d7e8409e63b58c9a383183f96ff/element/ee46451b-17a5-4537-93b5-079aebdaec7d/enabled'
13:14:57.940 [Forwarding findElement on session 54c5ef212f7634697e04f8645025974f to remote] DEBUG org.asynchttpclient.netty.request.NettyRequestSender - Using pooled Channel '[id: 0xb035af86, L:/127.0.0.1:50983 - R:localhost/127.0.0.1:56717]' for 'POST' to 'http://localhost:56717/session/54c5ef212f7634697e04f8645025974f/element'
13:14:57.941 [Forwarding findElement on session 54c5ef212f7634697e04f8645025974f to remote] DEBUG org.asynchttpclient.netty.request.NettyRequestSender - Using open Channel [id: 0xb035af86, L:/127.0.0.1:50983 - R:localhost/127.0.0.1:56717] for POST '/session/54c5ef212f7634697e04f8645025974f/element'
13:14:57.951 [AsyncHttpClient-1-2] DEBUG org.asynchttpclient.netty.handler.HttpHandler - 

Request DefaultHttpRequest(decodeResult: success, version: HTTP/1.1)
POST /session/21c78a9ef5a43a26be78e0032efb5b9e/element HTTP/1.1
User-Agent: selenium/4.1.4 (java windows)
Content-Length: 53
Content-Type: application/json; charset=utf-8
host: localhost:62787
accept: */*

Response DefaultHttpResponse(decodeResult: success, version: HTTP/1.1)
HTTP/1.1 200 OK
Content-Type: application/json; charset=utf-8
cache-control: no-cache
content-length: 88

13:14:57.951 [AsyncHttpClient-1-2] DEBUG org.asynchttpclient.netty.channel.ChannelManager - Adding key: http://localhost:62787 for channel [id: 0x3a1298e3, L:/127.0.0.1:50984 - R:localhost/127.0.0.1:62787]
13:14:57.960 [Forwarding sendKeysToElement on session 21c78a9ef5a43a26be78e0032efb5b9e to remote] DEBUG org.asynchttpclient.netty.request.NettyRequestSender - Using pooled Channel '[id: 0x3a1298e3, L:/127.0.0.1:50984 - R:localhost/127.0.0.1:62787]' for 'POST' to 'http://localhost:62787/session/21c78a9ef5a43a26be78e0032efb5b9e/element/441eb50f-af09-48b8-b481-e454347c20b7/value'
13:14:57.960 [Forwarding sendKeysToElement on session 21c78a9ef5a43a26be78e0032efb5b9e to remote] DEBUG org.asynchttpclient.netty.request.NettyRequestSender - Using open Channel [id: 0x3a1298e3, L:/127.0.0.1:50984 - R:localhost/127.0.0.1:62787] for POST '/session/21c78a9ef5a43a26be78e0032efb5b9e/element/441eb50f-af09-48b8-b481-e454347c20b7/value'
13:14:57.966 [AsyncHttpClient-1-3] DEBUG org.asynchttpclient.netty.handler.HttpHandler - 

Request DefaultFullHttpRequest(decodeResult: success, version: HTTP/1.1, content: EmptyByteBufBE)
GET /session/19499d7e8409e63b58c9a383183f96ff/element/ee46451b-17a5-4537-93b5-079aebdaec7d/enabled HTTP/1.1
User-Agent: selenium/4.1.4 (java windows)
Cache-Control: no-cache
Content-Type: application/json; charset=utf-8
host: localhost:60858
accept: */*

Response DefaultHttpResponse(decodeResult: success, version: HTTP/1.1)
HTTP/1.1 200 OK
Content-Type: application/json; charset=utf-8
cache-control: no-cache
content-length: 14

13:14:57.966 [AsyncHttpClient-1-3] DEBUG org.asynchttpclient.netty.channel.ChannelManager - Adding key: http://localhost:60858 for channel [id: 0xdf28a808, L:/127.0.0.1:50982 - R:localhost/127.0.0.1:60858]
13:14:57.969 [Forwarding findElement on session 19499d7e8409e63b58c9a383183f96ff to remote] DEBUG org.asynchttpclient.netty.request.NettyRequestSender - Using pooled Channel '[id: 0xdf28a808, L:/127.0.0.1:50982 - R:localhost/127.0.0.1:60858]' for 'POST' to 'http://localhost:60858/session/19499d7e8409e63b58c9a383183f96ff/element'
13:14:57.969 [Forwarding findElement on session 19499d7e8409e63b58c9a383183f96ff to remote] DEBUG org.asynchttpclient.netty.request.NettyRequestSender - Using open Channel [id: 0xdf28a808, L:/127.0.0.1:50982 - R:localhost/127.0.0.1:60858] for POST '/session/19499d7e8409e63b58c9a383183f96ff/element'
13:14:57.979 [AsyncHttpClient-1-4] DEBUG org.asynchttpclient.netty.handler.HttpHandler - 

Request DefaultHttpRequest(decodeResult: success, version: HTTP/1.1)
POST /session/54c5ef212f7634697e04f8645025974f/element HTTP/1.1
User-Agent: selenium/4.1.4 (java windows)
Content-Length: 53
Content-Type: application/json; charset=utf-8
host: localhost:56717
accept: */*

Response DefaultHttpResponse(decodeResult: success, version: HTTP/1.1)
HTTP/1.1 200 OK
Content-Type: application/json; charset=utf-8
cache-control: no-cache
content-length: 88

13:14:57.979 [AsyncHttpClient-1-4] DEBUG org.asynchttpclient.netty.channel.ChannelManager - Adding key: http://localhost:56717 for channel [id: 0xb035af86, L:/127.0.0.1:50983 - R:localhost/127.0.0.1:56717]
13:14:57.982 [Forwarding sendKeysToElement on session 54c5ef212f7634697e04f8645025974f to remote] DEBUG org.asynchttpclient.netty.request.NettyRequestSender - Using pooled Channel '[id: 0xb035af86, L:/127.0.0.1:50983 - R:localhost/127.0.0.1:56717]' for 'POST' to 'http://localhost:56717/session/54c5ef212f7634697e04f8645025974f/element/216ba159-6587-496a-9dee-72192659117f/value'
13:14:57.983 [Forwarding sendKeysToElement on session 54c5ef212f7634697e04f8645025974f to remote] DEBUG org.asynchttpclient.netty.request.NettyRequestSender - Using open Channel [id: 0xb035af86, L:/127.0.0.1:50983 - R:localhost/127.0.0.1:56717] for POST '/session/54c5ef212f7634697e04f8645025974f/element/216ba159-6587-496a-9dee-72192659117f/value'
13:14:57.992 [AsyncHttpClient-1-3] DEBUG org.asynchttpclient.netty.handler.HttpHandler - 

Request DefaultHttpRequest(decodeResult: success, version: HTTP/1.1)
POST /session/19499d7e8409e63b58c9a383183f96ff/element HTTP/1.1
User-Agent: selenium/4.1.4 (java windows)
Content-Length: 53
Content-Type: application/json; charset=utf-8
host: localhost:60858
accept: */*

Response DefaultHttpResponse(decodeResult: success, version: HTTP/1.1)
HTTP/1.1 200 OK
Content-Type: application/json; charset=utf-8
cache-control: no-cache
content-length: 88

13:14:57.993 [AsyncHttpClient-1-3] DEBUG org.asynchttpclient.netty.channel.ChannelManager - Adding key: http://localhost:60858 for channel [id: 0xdf28a808, L:/127.0.0.1:50982 - R:localhost/127.0.0.1:60858]
13:14:57.996 [Forwarding sendKeysToElement on session 19499d7e8409e63b58c9a383183f96ff to remote] DEBUG org.asynchttpclient.netty.request.NettyRequestSender - Using pooled Channel '[id: 0xdf28a808, L:/127.0.0.1:50982 - R:localhost/127.0.0.1:60858]' for 'POST' to 'http://localhost:60858/session/19499d7e8409e63b58c9a383183f96ff/element/ee46451b-17a5-4537-93b5-079aebdaec7d/value'
13:14:57.996 [Forwarding sendKeysToElement on session 19499d7e8409e63b58c9a383183f96ff to remote] DEBUG org.asynchttpclient.netty.request.NettyRequestSender - Using open Channel [id: 0xdf28a808, L:/127.0.0.1:50982 - R:localhost/127.0.0.1:60858] for POST '/session/19499d7e8409e63b58c9a383183f96ff/element/ee46451b-17a5-4537-93b5-079aebdaec7d/value'
13:14:58.163 [AsyncHttpClient-1-4] DEBUG org.asynchttpclient.netty.handler.HttpHandler - 

Request DefaultHttpRequest(decodeResult: success, version: HTTP/1.1)
POST /session/54c5ef212f7634697e04f8645025974f/element/216ba159-6587-496a-9dee-72192659117f/value HTTP/1.1
User-Agent: selenium/4.1.4 (java windows)
Content-Length: 201
Content-Type: application/json; charset=utf-8
host: localhost:56717
accept: */*

Response DefaultHttpResponse(decodeResult: success, version: HTTP/1.1)
HTTP/1.1 200 OK
Content-Type: application/json; charset=utf-8
cache-control: no-cache
content-length: 14

13:14:58.163 [AsyncHttpClient-1-4] DEBUG org.asynchttpclient.netty.channel.ChannelManager - Adding key: http://localhost:56717 for channel [id: 0xb035af86, L:/127.0.0.1:50983 - R:localhost/127.0.0.1:56717]
13:14:58.166 [AsyncHttpClient-1-2] DEBUG org.asynchttpclient.netty.handler.HttpHandler - 

Request DefaultHttpRequest(decodeResult: success, version: HTTP/1.1)
POST /session/21c78a9ef5a43a26be78e0032efb5b9e/element/441eb50f-af09-48b8-b481-e454347c20b7/value HTTP/1.1
User-Agent: selenium/4.1.4 (java windows)
Content-Length: 201
Content-Type: application/json; charset=utf-8
host: localhost:62787
accept: */*

Response DefaultHttpResponse(decodeResult: success, version: HTTP/1.1)
HTTP/1.1 200 OK
Content-Type: application/json; charset=utf-8
cache-control: no-cache
content-length: 14

13:14:58.167 [AsyncHttpClient-1-2] DEBUG org.asynchttpclient.netty.channel.ChannelManager - Adding key: http://localhost:62787 for channel [id: 0x3a1298e3, L:/127.0.0.1:50984 - R:localhost/127.0.0.1:62787]
13:14:58.175 [Forwarding findElement on session 21c78a9ef5a43a26be78e0032efb5b9e to remote] DEBUG org.asynchttpclient.netty.request.NettyRequestSender - Using pooled Channel '[id: 0x3a1298e3, L:/127.0.0.1:50984 - R:localhost/127.0.0.1:62787]' for 'POST' to 'http://localhost:62787/session/21c78a9ef5a43a26be78e0032efb5b9e/element'
[...]
13:15:05.903 [Forwarding getAlertText on session fa5f4168d56159afc53bf03381c79015 to remote] DEBUG org.asynchttpclient.netty.request.NettyRequestSender - Using open Channel [id: 0x508711ba, L:/127.0.0.1:51060 - R:localhost/127.0.0.1:58433] for GET '/session/fa5f4168d56159afc53bf03381c79015/alert/text'
13:15:05.904 [AsyncHttpClient-1-3] DEBUG org.asynchttpclient.netty.handler.HttpHandler - 

Request DefaultFullHttpRequest(decodeResult: success, version: HTTP/1.1, content: EmptyByteBufBE)
GET /session/fa5f4168d56159afc53bf03381c79015/alert/text HTTP/1.1
User-Agent: selenium/4.1.4 (java windows)
Cache-Control: no-cache
Content-Type: application/json; charset=utf-8
host: localhost:58433
accept: */*

Response DefaultHttpResponse(decodeResult: success, version: HTTP/1.1)
HTTP/1.1 200 OK
Content-Type: application/json; charset=utf-8
cache-control: no-cache
content-length: 29

13:15:05.905 [AsyncHttpClient-1-3] DEBUG org.asynchttpclient.netty.channel.ChannelManager - Adding key: http://localhost:58433 for channel [id: 0x508711ba, L:/127.0.0.1:51060 - R:localhost/127.0.0.1:58433]
13:15:05.922 [AsyncHttpClient-1-2] DEBUG org.asynchttpclient.netty.handler.WebSocketHandler - Channel Closed: [id: 0xe057a69a, L:/127.0.0.1:51088 ! R:localhost/127.0.0.1:51069] with attribute NettyResponseFuture{currentRetry=5,
	isDone=1,
	isCancelled=0,
	asyncHandler=org.asynchttpclient.ws.WebSocketUpgradeHandler@29a69653,
	nettyRequest=org.asynchttpclient.netty.request.NettyRequest@38ace234,
	future=java.util.concurrent.CompletableFuture@7c6a5ac2[Completed normally],
	uri=ws://localhost:51069/devtools/browser/6cbbaa67-f241-491f-8fe8-f30f93efafee,
	keepAlive=true,
	redirectCount=0,
	timeoutsHolder=null,
	inAuth=0,
	touch=1663089302887}
13:15:05.922 [AsyncHttpClient-1-2] DEBUG org.asynchttpclient.netty.channel.ChannelManager - Closing Channel [id: 0xe057a69a, L:/127.0.0.1:51088 ! R:localhost/127.0.0.1:51069] 
13:15:05.938 [Driver Command Executor] DEBUG org.asynchttpclient.netty.request.NettyRequestSender - Using pooled Channel '[id: 0x508711ba, L:/127.0.0.1:51060 - R:localhost/127.0.0.1:58433]' for 'DELETE' to 'http://localhost:58433/session/fa5f4168d56159afc53bf03381c79015'
13:15:05.938 [Driver Command Executor] DEBUG org.asynchttpclient.netty.request.NettyRequestSender - Using open Channel [id: 0x508711ba, L:/127.0.0.1:51060 - R:localhost/127.0.0.1:58433] for DELETE '/session/fa5f4168d56159afc53bf03381c79015'
13:15:05.961 [AsyncHttpClient-1-1] DEBUG org.asynchttpclient.netty.channel.DefaultChannelPool - Entry count for : http://localhost:51063 : 1
13:15:05.961 [AsyncHttpClient-1-1] DEBUG org.asynchttpclient.netty.channel.DefaultChannelPool - Entry count for : http://localhost:51064 : 1
13:15:05.969 [AsyncHttpClient-1-1] DEBUG org.asynchttpclient.netty.channel.DefaultChannelPool - Entry count for : http://localhost:51069 : 1
13:15:06.038 [AsyncHttpClient-1-2] DEBUG org.asynchttpclient.netty.handler.HttpHandler - 

Request DefaultHttpRequest(decodeResult: success, version: HTTP/1.1)
POST /session/c4439875dcbacbc87ef7d2cb0202d857/element/c0074879-2637-4f66-bb9f-a5393c198386/click HTTP/1.1
User-Agent: selenium/4.1.4 (java windows)
Content-Length: 50
Content-Type: application/json; charset=utf-8
host: localhost:52385
accept: */*

Response DefaultHttpResponse(decodeResult: success, version: HTTP/1.1)
HTTP/1.1 200 OK
Content-Type: application/json; charset=utf-8
cache-control: no-cache
content-length: 14

13:15:06.038 [AsyncHttpClient-1-2] DEBUG org.asynchttpclient.netty.channel.ChannelManager - Adding key: http://localhost:52385 for channel [id: 0x4196185f, L:/127.0.0.1:51059 - R:localhost/127.0.0.1:52385]
13:15:06.043 [Forwarding getAlertText on session c4439875dcbacbc87ef7d2cb0202d857 to remote] DEBUG org.asynchttpclient.netty.request.NettyRequestSender - Using pooled Channel '[id: 0x4196185f, L:/127.0.0.1:51059 - R:localhost/127.0.0.1:52385]' for 'GET' to 'http://localhost:52385/session/c4439875dcbacbc87ef7d2cb0202d857/alert/text'
13:15:06.043 [Forwarding getAlertText on session c4439875dcbacbc87ef7d2cb0202d857 to remote] DEBUG org.asynchttpclient.netty.request.NettyRequestSender - Using open Channel [id: 0x4196185f, L:/127.0.0.1:51059 - R:localhost/127.0.0.1:52385] for GET '/session/c4439875dcbacbc87ef7d2cb0202d857/alert/text'
13:15:06.050 [AsyncHttpClient-1-2] DEBUG org.asynchttpclient.netty.handler.HttpHandler - 

Request DefaultFullHttpRequest(decodeResult: success, version: HTTP/1.1, content: EmptyByteBufBE)
GET /session/c4439875dcbacbc87ef7d2cb0202d857/alert/text HTTP/1.1
User-Agent: selenium/4.1.4 (java windows)
Cache-Control: no-cache
Content-Type: application/json; charset=utf-8
host: localhost:52385
accept: */*

Response DefaultHttpResponse(decodeResult: success, version: HTTP/1.1)
HTTP/1.1 200 OK
Content-Type: application/json; charset=utf-8
cache-control: no-cache
content-length: 29

13:15:06.051 [AsyncHttpClient-1-2] DEBUG org.asynchttpclient.netty.channel.ChannelManager - Adding key: http://localhost:52385 for channel [id: 0x4196185f, L:/127.0.0.1:51059 - R:localhost/127.0.0.1:52385]
13:15:06.054 [Forwarding getAlertText on session c4439875dcbacbc87ef7d2cb0202d857 to remote] DEBUG org.asynchttpclient.netty.request.NettyRequestSender - Using pooled Channel '[id: 0x4196185f, L:/127.0.0.1:51059 - R:localhost/127.0.0.1:52385]' for 'GET' to 'http://localhost:52385/session/c4439875dcbacbc87ef7d2cb0202d857/alert/text'
13:15:06.054 [Forwarding getAlertText on session c4439875dcbacbc87ef7d2cb0202d857 to remote] DEBUG org.asynchttpclient.netty.request.NettyRequestSender - Using open Channel [id: 0x4196185f, L:/127.0.0.1:51059 - R:localhost/127.0.0.1:52385] for GET '/session/c4439875dcbacbc87ef7d2cb0202d857/alert/text'
13:15:06.056 [AsyncHttpClient-1-2] DEBUG org.asynchttpclient.netty.handler.HttpHandler - 

Request DefaultFullHttpRequest(decodeResult: success, version: HTTP/1.1, content: EmptyByteBufBE)
GET /session/c4439875dcbacbc87ef7d2cb0202d857/alert/text HTTP/1.1
User-Agent: selenium/4.1.4 (java windows)
Cache-Control: no-cache
Content-Type: application/json; charset=utf-8
host: localhost:52385
accept: */*

Response DefaultHttpResponse(decodeResult: success, version: HTTP/1.1)
HTTP/1.1 200 OK
Content-Type: application/json; charset=utf-8
cache-control: no-cache
content-length: 29

13:15:06.056 [AsyncHttpClient-1-2] DEBUG org.asynchttpclient.netty.channel.ChannelManager - Adding key: http://localhost:52385 for channel [id: 0x4196185f, L:/127.0.0.1:51059 - R:localhost/127.0.0.1:52385]
13:15:06.058 [Forwarding getAlertText on session c4439875dcbacbc87ef7d2cb0202d857 to remote] DEBUG org.asynchttpclient.netty.request.NettyRequestSender - Using pooled Channel '[id: 0x4196185f, L:/127.0.0.1:51059 - R:localhost/127.0.0.1:52385]' for 'GET' to 'http://localhost:52385/session/c4439875dcbacbc87ef7d2cb0202d857/alert/text'
13:15:06.058 [Forwarding getAlertText on session c4439875dcbacbc87ef7d2cb0202d857 to remote] DEBUG org.asynchttpclient.netty.request.NettyRequestSender - Using open Channel [id: 0x4196185f, L:/127.0.0.1:51059 - R:localhost/127.0.0.1:52385] for GET '/session/c4439875dcbacbc87ef7d2cb0202d857/alert/text'
13:15:06.060 [AsyncHttpClient-1-2] DEBUG org.asynchttpclient.netty.handler.HttpHandler - 

Request DefaultFullHttpRequest(decodeResult: success, version: HTTP/1.1, content: EmptyByteBufBE)
GET /session/c4439875dcbacbc87ef7d2cb0202d857/alert/text HTTP/1.1
User-Agent: selenium/4.1.4 (java windows)
Cache-Control: no-cache
Content-Type: application/json; charset=utf-8
host: localhost:52385
accept: */*

Response DefaultHttpResponse(decodeResult: success, version: HTTP/1.1)
HTTP/1.1 200 OK
Content-Type: application/json; charset=utf-8
cache-control: no-cache
content-length: 29

13:15:06.060 [AsyncHttpClient-1-2] DEBUG org.asynchttpclient.netty.channel.ChannelManager - Adding key: http://localhost:52385 for channel [id: 0x4196185f, L:/127.0.0.1:51059 - R:localhost/127.0.0.1:52385]
13:15:06.075 [AsyncHttpClient-1-7] DEBUG org.asynchttpclient.netty.handler.WebSocketHandler - Channel Closed: [id: 0x7c6550cc, L:/127.0.0.1:51082 ! R:localhost/127.0.0.1:51064] with attribute NettyResponseFuture{currentRetry=5,
	isDone=1,
	isCancelled=0,
	asyncHandler=org.asynchttpclient.ws.WebSocketUpgradeHandler@25ed84a9,
	nettyRequest=org.asynchttpclient.netty.request.NettyRequest@7a870d23,
	future=java.util.concurrent.CompletableFuture@741cab82[Completed normally],
	uri=ws://localhost:51064/devtools/browser/964aa9b5-bbf2-4d4b-ab09-ee987535a4f4,
	keepAlive=true,
	redirectCount=0,
	timeoutsHolder=null,
	inAuth=0,
	touch=1663089302666}
13:15:06.076 [AsyncHttpClient-1-7] DEBUG org.asynchttpclient.netty.channel.ChannelManager - Closing Channel [id: 0x7c6550cc, L:/127.0.0.1:51082 ! R:localhost/127.0.0.1:51064] 
13:15:06.076 [Driver Command Executor] DEBUG org.asynchttpclient.netty.request.NettyRequestSender - Using pooled Channel '[id: 0x4196185f, L:/127.0.0.1:51059 - R:localhost/127.0.0.1:52385]' for 'DELETE' to 'http://localhost:52385/session/c4439875dcbacbc87ef7d2cb0202d857'
13:15:06.076 [Driver Command Executor] DEBUG org.asynchttpclient.netty.request.NettyRequestSender - Using open Channel [id: 0x4196185f, L:/127.0.0.1:51059 - R:localhost/127.0.0.1:52385] for DELETE '/session/c4439875dcbacbc87ef7d2cb0202d857'
13:15:06.320 [AsyncHttpClient-1-9] DEBUG org.asynchttpclient.netty.handler.HttpHandler - Unexpected I/O exception on channel [id: 0xb313ba89, L:/127.0.0.1:51083 - R:localhost/127.0.0.1:51063]
java.net.SocketException: Connection reset
	at java.base/sun.nio.ch.SocketChannelImpl.throwConnectionReset(SocketChannelImpl.java:367)
	at java.base/sun.nio.ch.SocketChannelImpl.read(SocketChannelImpl.java:398)
	at io.netty.buffer.PooledByteBuf.setBytes(PooledByteBuf.java:258)
	at io.netty.buffer.AbstractByteBuf.writeBytes(AbstractByteBuf.java:1132)
	at io.netty.channel.socket.nio.NioSocketChannel.doReadBytes(NioSocketChannel.java:357)
	at io.netty.channel.nio.AbstractNioByteChannel$NioByteUnsafe.read(AbstractNioByteChannel.java:151)
	at io.netty.channel.nio.NioEventLoop.processSelectedKey(NioEventLoop.java:722)
	at io.netty.channel.nio.NioEventLoop.processSelectedKeysOptimized(NioEventLoop.java:658)
	at io.netty.channel.nio.NioEventLoop.processSelectedKeys(NioEventLoop.java:584)
	at io.netty.channel.nio.NioEventLoop.run(NioEventLoop.java:496)
	at io.netty.util.concurrent.SingleThreadEventExecutor$4.run(SingleThreadEventExecutor.java:986)
	at io.netty.util.internal.ThreadExecutorMap$2.run(ThreadExecutorMap.java:74)
	at io.netty.util.concurrent.FastThreadLocalRunnable.run(FastThreadLocalRunnable.java:30)
	at java.base/java.lang.Thread.run(Thread.java:832)
13:15:06.320 [AsyncHttpClient-1-9] DEBUG org.asynchttpclient.netty.channel.ChannelManager - Closing Channel [id: 0xb313ba89, L:/127.0.0.1:51083 - R:localhost/127.0.0.1:51063] 
13:15:06.321 [AsyncHttpClient-1-9] DEBUG org.asynchttpclient.netty.handler.HttpHandler - Channel Closed: [id: 0xb313ba89, L:/127.0.0.1:51083 ! R:localhost/127.0.0.1:51063] with attribute DISCARD
13:15:06.326 [AsyncHttpClient-1-4] DEBUG org.asynchttpclient.netty.handler.HttpHandler - Unexpected I/O exception on channel [id: 0x73b865cb, L:/127.0.0.1:51087 - R:localhost/127.0.0.1:51069]
java.net.SocketException: Connection reset
	at java.base/sun.nio.ch.SocketChannelImpl.throwConnectionReset(SocketChannelImpl.java:367)
	at java.base/sun.nio.ch.SocketChannelImpl.read(SocketChannelImpl.java:398)
	at io.netty.buffer.PooledByteBuf.setBytes(PooledByteBuf.java:258)
	at io.netty.buffer.AbstractByteBuf.writeBytes(AbstractByteBuf.java:1132)
	at io.netty.channel.socket.nio.NioSocketChannel.doReadBytes(NioSocketChannel.java:357)
	at io.netty.channel.nio.AbstractNioByteChannel$NioByteUnsafe.read(AbstractNioByteChannel.java:151)
	at io.netty.channel.nio.NioEventLoop.processSelectedKey(NioEventLoop.java:722)
	at io.netty.channel.nio.NioEventLoop.processSelectedKeysOptimized(NioEventLoop.java:658)
	at io.netty.channel.nio.NioEventLoop.processSelectedKeys(NioEventLoop.java:584)
	at io.netty.channel.nio.NioEventLoop.run(NioEventLoop.java:496)
	at io.netty.util.concurrent.SingleThreadEventExecutor$4.run(SingleThreadEventExecutor.java:986)
	at io.netty.util.internal.ThreadExecutorMap$2.run(ThreadExecutorMap.java:74)
	at io.netty.util.concurrent.FastThreadLocalRunnable.run(FastThreadLocalRunnable.java:30)
	at java.base/java.lang.Thread.run(Thread.java:832)
13:15:06.327 [AsyncHttpClient-1-4] DEBUG org.asynchttpclient.netty.channel.ChannelManager - Closing Channel [id: 0x73b865cb, L:/127.0.0.1:51087 - R:localhost/127.0.0.1:51069] 
13:15:06.327 [AsyncHttpClient-1-4] DEBUG org.asynchttpclient.netty.handler.HttpHandler - Channel Closed: [id: 0x73b865cb, L:/127.0.0.1:51087 ! R:localhost/127.0.0.1:51069] with attribute DISCARD
13:15:06.331 [AsyncHttpClient-1-5] DEBUG org.asynchttpclient.netty.handler.HttpHandler - Unexpected I/O exception on channel [id: 0xe0a253f4, L:/127.0.0.1:51080 - R:localhost/127.0.0.1:51064]
java.net.SocketException: Connection reset
	at java.base/sun.nio.ch.SocketChannelImpl.throwConnectionReset(SocketChannelImpl.java:367)
	at java.base/sun.nio.ch.SocketChannelImpl.read(SocketChannelImpl.java:398)
	at io.netty.buffer.PooledByteBuf.setBytes(PooledByteBuf.java:258)
	at io.netty.buffer.AbstractByteBuf.writeBytes(AbstractByteBuf.java:1132)
	at io.netty.channel.socket.nio.NioSocketChannel.doReadBytes(NioSocketChannel.java:357)
	at io.netty.channel.nio.AbstractNioByteChannel$NioByteUnsafe.read(AbstractNioByteChannel.java:151)
	at io.netty.channel.nio.NioEventLoop.processSelectedKey(NioEventLoop.java:722)
	at io.netty.channel.nio.NioEventLoop.processSelectedKeysOptimized(NioEventLoop.java:658)
	at io.netty.channel.nio.NioEventLoop.processSelectedKeys(NioEventLoop.java:584)
	at io.netty.channel.nio.NioEventLoop.run(NioEventLoop.java:496)
	at io.netty.util.concurrent.SingleThreadEventExecutor$4.run(SingleThreadEventExecutor.java:986)
	at io.netty.util.internal.ThreadExecutorMap$2.run(ThreadExecutorMap.java:74)
	at io.netty.util.concurrent.FastThreadLocalRunnable.run(FastThreadLocalRunnable.java:30)
	at java.base/java.lang.Thread.run(Thread.java:832)
13:15:06.331 [AsyncHttpClient-1-5] DEBUG org.asynchttpclient.netty.channel.ChannelManager - Closing Channel [id: 0xe0a253f4, L:/127.0.0.1:51080 - R:localhost/127.0.0.1:51064] 
13:15:06.331 [AsyncHttpClient-1-5] DEBUG org.asynchttpclient.netty.handler.HttpHandler - Channel Closed: [id: 0xe0a253f4, L:/127.0.0.1:51080 ! R:localhost/127.0.0.1:51064] with attribute DISCARD
13:15:06.354 [AsyncHttpClient-1-2] DEBUG org.asynchttpclient.netty.handler.HttpHandler - 

Request DefaultFullHttpRequest(decodeResult: success, version: HTTP/1.1, content: EmptyByteBufBE)
DELETE /session/c4439875dcbacbc87ef7d2cb0202d857 HTTP/1.1
User-Agent: selenium/4.1.4 (java windows)
Content-Type: application/json; charset=utf-8
host: localhost:52385
accept: */*

Response DefaultHttpResponse(decodeResult: success, version: HTTP/1.1)
HTTP/1.1 200 OK
Content-Type: application/json; charset=utf-8
cache-control: no-cache
content-length: 14

13:15:06.354 [AsyncHttpClient-1-2] DEBUG org.asynchttpclient.netty.channel.ChannelManager - Adding key: http://localhost:52385 for channel [id: 0x4196185f, L:/127.0.0.1:51059 - R:localhost/127.0.0.1:52385]
13:15:06.359 [AsyncHttpClient-1-6] DEBUG org.asynchttpclient.netty.handler.HttpHandler - 

Request DefaultFullHttpRequest(decodeResult: success, version: HTTP/1.1, content: EmptyByteBufBE)
DELETE /session/1a91c556fdf3d468fd4ee715a2a34d4a HTTP/1.1
User-Agent: selenium/4.1.4 (java windows)
Content-Type: application/json; charset=utf-8
host: localhost:58371
accept: */*

Response DefaultHttpResponse(decodeResult: success, version: HTTP/1.1)
HTTP/1.1 200 OK
Content-Type: application/json; charset=utf-8
cache-control: no-cache
content-length: 14

13:15:06.359 [AsyncHttpClient-1-6] DEBUG org.asynchttpclient.netty.channel.ChannelManager - Adding key: http://localhost:58371 for channel [id: 0x6f6acf4e, L:/127.0.0.1:51062 - R:localhost/127.0.0.1:58371]
13:15:06.411 [AsyncHttpClient-1-3] DEBUG org.asynchttpclient.netty.handler.HttpHandler - 

Request DefaultFullHttpRequest(decodeResult: success, version: HTTP/1.1, content: EmptyByteBufBE)
DELETE /session/fa5f4168d56159afc53bf03381c79015 HTTP/1.1
User-Agent: selenium/4.1.4 (java windows)
Content-Type: application/json; charset=utf-8
host: localhost:58433
accept: */*

Response DefaultHttpResponse(decodeResult: success, version: HTTP/1.1)
HTTP/1.1 200 OK
Content-Type: application/json; charset=utf-8
cache-control: no-cache
content-length: 14

13:15:06.411 [AsyncHttpClient-1-3] DEBUG org.asynchttpclient.netty.channel.ChannelManager - Adding key: http://localhost:58433 for channel [id: 0x508711ba, L:/127.0.0.1:51060 - R:localhost/127.0.0.1:58433]
13:15:06.432 [AsyncHttpClient-1-2] DEBUG org.asynchttpclient.netty.handler.HttpHandler - Channel Closed: [id: 0x4196185f, L:/127.0.0.1:51059 ! R:localhost/127.0.0.1:52385] with attribute DISCARD
13:15:06.450 [AsyncHttpClient-1-6] DEBUG org.asynchttpclient.netty.handler.HttpHandler - Channel Closed: [id: 0x6f6acf4e, L:/127.0.0.1:51062 ! R:localhost/127.0.0.1:58371] with attribute DISCARD
13:15:06.496 [AsyncHttpClient-1-3] DEBUG org.asynchttpclient.netty.handler.HttpHandler - Channel Closed: [id: 0x508711ba, L:/127.0.0.1:51060 ! R:localhost/127.0.0.1:58433] with attribute DISCARD
]]></system-out>
    <system-err><![CDATA[Starting ChromeDriver 105.0.5195.52 (412c95e518836d8a7d97250d62b29c2ae6a26a85-refs/branch-heads/5195@{#853}) on port 58433
Only local connections are allowed.
Please see https://chromedriver.chromium.org/security-considerations for suggestions on keeping ChromeDriver safe.
Starting ChromeDriver 105.0.5195.52 (412c95e518836d8a7d97250d62b29c2ae6a26a85-refs/branch-heads/5195@{#853}) on port 52385
Only local connections are allowed.
Please see https://chromedriver.chromium.org/security-considerations for suggestions on keeping ChromeDriver safe.
ChromeDriver was started successfully.
ChromeDriver was started successfully.
Starting ChromeDriver 105.0.5195.52 (412c95e518836d8a7d97250d62b29c2ae6a26a85-refs/branch-heads/5195@{#853}) on port 58371
Only local connections are allowed.
Please see https://chromedriver.chromium.org/security-considerations for suggestions on keeping ChromeDriver safe.
ChromeDriver was started successfully.
Sep 13, 2022 1:15:02 PM org.openqa.selenium.remote.ProtocolHandshake createSession
INFO: Detected dialect: W3C
Sep 13, 2022 1:15:02 PM org.openqa.selenium.remote.ProtocolHandshake createSession
INFO: Detected dialect: W3C
Sep 13, 2022 1:15:02 PM org.openqa.selenium.devtools.CdpVersionFinder findNearestMatch
WARNING: Unable to find an exact match for CDP version 105, so returning the closest version found: 101
Sep 13, 2022 1:15:02 PM org.openqa.selenium.devtools.CdpVersionFinder findNearestMatch
INFO: Found CDP implementation for version 105 of 101
Sep 13, 2022 1:15:02 PM org.openqa.selenium.devtools.CdpVersionFinder findNearestMatch
WARNING: Unable to find an exact match for CDP version 105, so returning the closest version found: 101
Sep 13, 2022 1:15:02 PM org.openqa.selenium.devtools.CdpVersionFinder findNearestMatch
INFO: Found CDP implementation for version 105 of 101
Sep 13, 2022 1:15:02 PM org.openqa.selenium.remote.ProtocolHandshake createSession
INFO: Detected dialect: W3C
Sep 13, 2022 1:15:02 PM org.openqa.selenium.devtools.CdpVersionFinder findNearestMatch
WARNING: Unable to find an exact match for CDP version 105, so returning the closest version found: 101
Sep 13, 2022 1:15:02 PM org.openqa.selenium.devtools.CdpVersionFinder findNearestMatch
INFO: Found CDP implementation for version 105 of 101
]]></system-err>
  </testcase>
  <testcase name="runScenario[&quot;&quot;, &quot;webdriver university login page&quot;](5)" classname="runners.RunnerClass" time="7.053"/>
  <testcase name="runScenario[&quot;&quot;, &quot;webdriver university login page&quot;](6)" classname="runners.RunnerClass" time="7.101"/>
</testsuite>