<?xml version="1.0" encoding="UTF-8"?>
<testsuite xmlns:xsi="http://www.w3.org/2001/XMLSchema-instance" xsi:noNamespaceSchemaLocation="https://maven.apache.org/surefire/maven-surefire-plugin/xsd/surefire-test-report-3.0.xsd" version="3.0" name="TestSuite" time="37.127" tests="8" errors="0" skipped="0" failures="0">
  <properties>
[...]
</properties>
  <testcase name="runScenario[&quot;Validate successful submission with - specific data&quot;, &quot;WebDriver university contact us page&quot;](1)" classname="runners.RunnerClass" time="14.586">
    <system-out><![CDATA[12:16:33.043 [main] DEBUG org.testng.TestNG - suiteXmlPath: "C:\Users\farha\IdeaProjects\CucumberProject\src\test\java\runners\testNG\testng.xml"
12:16:33.591 [main] DEBUG org.testng.internal.Graph - [Graph] ADDING NODE AbstractTestNGCucumberTests.setUpClass(org.testng.ITestContext)[pri:0, instance:null] -393284817
12:16:33.591 [main] DEBUG org.testng.internal.Graph - [Graph] ================ SORTING
12:16:33.597 [main] DEBUG org.testng.internal.Graph - [Graph] =============== DONE SORTING
12:16:33.597 [main] DEBUG org.testng.internal.Graph - [Graph] ====== SORTED NODES
12:16:33.597 [main] DEBUG org.testng.internal.Graph - [Graph] ====== END SORTED NODES
12:16:33.600 [main] DEBUG org.testng.internal.Graph - [Graph] ADDING NODE AbstractTestNGCucumberTests.tearDownClass()[pri:0, instance:null] 1523153566
12:16:33.600 [main] DEBUG org.testng.internal.Graph - [Graph] ================ SORTING
12:16:33.600 [main] DEBUG org.testng.internal.Graph - [Graph] =============== DONE SORTING
12:16:33.600 [main] DEBUG org.testng.internal.Graph - [Graph] ====== SORTED NODES
12:16:33.600 [main] DEBUG org.testng.internal.Graph - [Graph] ====== END SORTED NODES
12:16:33.611 [main] DEBUG org.testng.internal.Graph - [Graph] ADDING NODE AbstractTestNGCucumberTests.runScenario(io.cucumber.testng.PickleWrapper,io.cucumber.testng.FeatureWrapper)[pri:0, instance:runners.RunnerClass@15ca7889] -784768678
12:16:33.612 [main] DEBUG org.testng.internal.Graph - [Graph] ================ SORTING
12:16:33.612 [main] DEBUG org.testng.internal.Graph - [Graph] =============== DONE SORTING
12:16:33.612 [main] DEBUG org.testng.internal.Graph - [Graph] ====== SORTED NODES
12:16:33.612 [main] DEBUG org.testng.internal.Graph - [Graph] ====== END SORTED NODES
12:16:35.484 [TestNG-PoolService-0] DEBUG io.netty.util.internal.logging.InternalLoggerFactory - Using SLF4J as the default logging framework
12:16:35.489 [TestNG-PoolService-0] DEBUG io.netty.util.ResourceLeakDetector - -Dio.netty.leakDetection.level: simple
12:16:35.490 [TestNG-PoolService-0] DEBUG io.netty.util.ResourceLeakDetector - -Dio.netty.leakDetection.targetRecords: 4
12:16:35.497 [TestNG-PoolService-0] DEBUG io.netty.util.ResourceLeakDetectorFactory - Loaded default ResourceLeakDetector: io.netty.util.ResourceLeakDetector@f423c4d
12:16:35.536 [TestNG-PoolService-0] DEBUG io.netty.util.internal.PlatformDependent0 - -Dio.netty.noUnsafe: false
12:16:35.536 [TestNG-PoolService-0] DEBUG io.netty.util.internal.PlatformDependent0 - Java version: 15
12:16:35.539 [TestNG-PoolService-0] DEBUG io.netty.util.internal.PlatformDependent0 - sun.misc.Unsafe.theUnsafe: available
12:16:35.541 [TestNG-PoolService-0] DEBUG io.netty.util.internal.PlatformDependent0 - sun.misc.Unsafe.copyMemory: available
12:16:35.542 [TestNG-PoolService-0] DEBUG io.netty.util.internal.PlatformDependent0 - java.nio.Buffer.address: available
12:16:35.542 [TestNG-PoolService-0] DEBUG io.netty.util.internal.PlatformDependent0 - direct buffer constructor: unavailable: Reflective setAccessible(true) disabled
12:16:35.543 [TestNG-PoolService-0] DEBUG io.netty.util.internal.PlatformDependent0 - java.nio.Bits.unaligned: available, true
12:16:35.545 [TestNG-PoolService-0] DEBUG io.netty.util.internal.PlatformDependent0 - jdk.internal.misc.Unsafe.allocateUninitializedArray(int): unavailable: class io.netty.util.internal.PlatformDependent0$6 cannot access class jdk.internal.misc.Unsafe (in module java.base) because module java.base does not export jdk.internal.misc to unnamed module @63024fd2
12:16:35.547 [TestNG-PoolService-0] DEBUG io.netty.util.internal.PlatformDependent0 - java.nio.DirectByteBuffer.<init>(long, int): unavailable
12:16:35.548 [TestNG-PoolService-0] DEBUG io.netty.util.internal.PlatformDependent - sun.misc.Unsafe: available
12:16:35.552 [TestNG-PoolService-0] DEBUG io.netty.util.internal.PlatformDependent - maxDirectMemory: 2109734912 bytes (maybe)
12:16:35.552 [TestNG-PoolService-0] DEBUG io.netty.util.internal.PlatformDependent - -Dio.netty.tmpdir: C:\Users\farha\AppData\Local\Temp (java.io.tmpdir)
12:16:35.552 [TestNG-PoolService-0] DEBUG io.netty.util.internal.PlatformDependent - -Dio.netty.bitMode: 64 (sun.arch.data.model)
12:16:35.553 [TestNG-PoolService-0] DEBUG io.netty.util.internal.PlatformDependent - Platform: Windows
12:16:35.554 [TestNG-PoolService-0] DEBUG io.netty.util.internal.PlatformDependent - -Dio.netty.maxDirectMemory: -1 bytes
12:16:35.554 [TestNG-PoolService-0] DEBUG io.netty.util.internal.PlatformDependent - -Dio.netty.uninitializedArrayAllocationThreshold: -1
12:16:35.556 [TestNG-PoolService-0] DEBUG io.netty.util.internal.CleanerJava9 - java.nio.ByteBuffer.cleaner(): available
12:16:35.557 [TestNG-PoolService-0] DEBUG io.netty.util.internal.PlatformDependent - -Dio.netty.noPreferDirect: false
12:16:35.575 [TestNG-PoolService-0] DEBUG io.netty.util.internal.PlatformDependent - org.jctools-core.MpscChunkedArrayQueue: available
12:16:35.623 [TestNG-PoolService-0] DEBUG io.netty.util.internal.InternalThreadLocalMap - -Dio.netty.threadLocalMap.stringBuilder.initialSize: 1024
12:16:35.624 [TestNG-PoolService-0] DEBUG io.netty.util.internal.InternalThreadLocalMap - -Dio.netty.threadLocalMap.stringBuilder.maxSize: 4096
12:16:35.932 [TestNG-PoolService-0] DEBUG io.netty.handler.ssl.JdkSslContext - Default protocols (JDK): [TLSv1.3, TLSv1.2, TLSv1.1, TLSv1] 
12:16:35.932 [TestNG-PoolService-0] DEBUG io.netty.handler.ssl.JdkSslContext - Default cipher suites (JDK): [TLS_ECDHE_ECDSA_WITH_AES_256_GCM_SHA384, TLS_ECDHE_ECDSA_WITH_AES_128_GCM_SHA256, TLS_ECDHE_RSA_WITH_AES_128_GCM_SHA256, TLS_ECDHE_RSA_WITH_AES_256_GCM_SHA384, TLS_ECDHE_RSA_WITH_AES_128_CBC_SHA, TLS_ECDHE_RSA_WITH_AES_256_CBC_SHA, TLS_RSA_WITH_AES_128_GCM_SHA256, TLS_RSA_WITH_AES_128_CBC_SHA, TLS_RSA_WITH_AES_256_CBC_SHA, TLS_AES_128_GCM_SHA256, TLS_AES_256_GCM_SHA384]
12:16:35.972 [TestNG-PoolService-0] DEBUG io.netty.channel.MultithreadEventLoopGroup - -Dio.netty.eventLoopThreads: 8
12:16:35.986 [TestNG-PoolService-0] DEBUG io.netty.channel.nio.NioEventLoop - -Dio.netty.noKeySetOptimization: false
12:16:35.986 [TestNG-PoolService-0] DEBUG io.netty.channel.nio.NioEventLoop - -Dio.netty.selectorAutoRebuildThreshold: 512
12:16:36.062 [TestNG-PoolService-0] DEBUG io.netty.buffer.PooledByteBufAllocator - -Dio.netty.allocator.numHeapArenas: 8
12:16:36.063 [TestNG-PoolService-0] DEBUG io.netty.buffer.PooledByteBufAllocator - -Dio.netty.allocator.numDirectArenas: 8
12:16:36.064 [TestNG-PoolService-0] DEBUG io.netty.buffer.PooledByteBufAllocator - -Dio.netty.allocator.pageSize: 8192
12:16:36.064 [TestNG-PoolService-0] DEBUG io.netty.buffer.PooledByteBufAllocator - -Dio.netty.allocator.maxOrder: 9
12:16:36.064 [TestNG-PoolService-0] DEBUG io.netty.buffer.PooledByteBufAllocator - -Dio.netty.allocator.chunkSize: 4194304
12:16:36.064 [TestNG-PoolService-0] DEBUG io.netty.buffer.PooledByteBufAllocator - -Dio.netty.allocator.smallCacheSize: 256
12:16:36.065 [TestNG-PoolService-0] DEBUG io.netty.buffer.PooledByteBufAllocator - -Dio.netty.allocator.normalCacheSize: 64
12:16:36.065 [TestNG-PoolService-0] DEBUG io.netty.buffer.PooledByteBufAllocator - -Dio.netty.allocator.maxCachedBufferCapacity: 32768
12:16:36.065 [TestNG-PoolService-0] DEBUG io.netty.buffer.PooledByteBufAllocator - -Dio.netty.allocator.cacheTrimInterval: 8192
12:16:36.065 [TestNG-PoolService-0] DEBUG io.netty.buffer.PooledByteBufAllocator - -Dio.netty.allocator.cacheTrimIntervalMillis: 0
12:16:36.065 [TestNG-PoolService-0] DEBUG io.netty.buffer.PooledByteBufAllocator - -Dio.netty.allocator.useCacheForAllThreads: false
12:16:36.065 [TestNG-PoolService-0] DEBUG io.netty.buffer.PooledByteBufAllocator - -Dio.netty.allocator.maxCachedByteBuffersPerChunk: 1023
12:16:36.090 [TestNG-PoolService-0] DEBUG io.netty.buffer.ByteBufUtil - -Dio.netty.allocator.type: pooled
12:16:36.090 [TestNG-PoolService-0] DEBUG io.netty.buffer.ByteBufUtil - -Dio.netty.threadLocalDirectBufferSize: 0
12:16:36.090 [TestNG-PoolService-0] DEBUG io.netty.buffer.ByteBufUtil - -Dio.netty.maxThreadLocalCharBufferSize: 16384
12:16:39.307 [Forwarding newSession on session null to remote] DEBUG io.netty.channel.DefaultChannelId - -Dio.netty.processId: 13240 (auto-detected)
12:16:39.310 [Forwarding newSession on session null to remote] DEBUG io.netty.util.NetUtil - -Djava.net.preferIPv4Stack: false
12:16:39.310 [Forwarding newSession on session null to remote] DEBUG io.netty.util.NetUtil - -Djava.net.preferIPv6Addresses: false
12:16:39.323 [Forwarding newSession on session null to remote] DEBUG io.netty.util.NetUtilInitializations - Loopback interface: lo (Software Loopback Interface 1, 127.0.0.1)
12:16:39.324 [Forwarding newSession on session null to remote] DEBUG io.netty.util.NetUtil - Failed to get SOMAXCONN from sysctl and file \proc\sys\net\core\somaxconn. Default: 200
12:16:39.362 [Forwarding newSession on session null to remote] DEBUG io.netty.channel.DefaultChannelId - -Dio.netty.machineId: f0:d5:bf:ff:fe:25:28:71 (auto-detected)
12:16:39.463 [AsyncHttpClient-1-3] DEBUG io.netty.buffer.AbstractByteBuf - -Dio.netty.buffer.checkAccessible: true
12:16:39.464 [AsyncHttpClient-1-3] DEBUG io.netty.buffer.AbstractByteBuf - -Dio.netty.buffer.checkBounds: true
12:16:39.464 [AsyncHttpClient-1-3] DEBUG io.netty.util.ResourceLeakDetectorFactory - Loaded default ResourceLeakDetector: io.netty.util.ResourceLeakDetector@677b1bd3
12:16:39.487 [AsyncHttpClient-1-3] DEBUG org.asynchttpclient.netty.channel.NettyConnectListener - Using new Channel '[id: 0x3c82a314, L:/127.0.0.1:59963 - R:localhost/127.0.0.1:60730]' for 'POST' to '/session'
12:16:39.487 [AsyncHttpClient-1-2] DEBUG org.asynchttpclient.netty.channel.NettyConnectListener - Using new Channel '[id: 0x9edd6895, L:/127.0.0.1:59962 - R:localhost/127.0.0.1:53141]' for 'POST' to '/session'
12:16:39.518 [AsyncHttpClient-1-3] DEBUG io.netty.util.Recycler - -Dio.netty.recycler.maxCapacityPerThread: 4096
12:16:39.519 [AsyncHttpClient-1-3] DEBUG io.netty.util.Recycler - -Dio.netty.recycler.ratio: 8
12:16:39.519 [AsyncHttpClient-1-3] DEBUG io.netty.util.Recycler - -Dio.netty.recycler.chunkSize: 32
12:16:39.519 [AsyncHttpClient-1-3] DEBUG io.netty.util.Recycler - -Dio.netty.recycler.blocking: false
12:16:42.327 [AsyncHttpClient-1-3] DEBUG io.netty.handler.codec.compression.Brotli - brotli4j not in the classpath; Brotli support will be unavailable.
12:16:42.327 [AsyncHttpClient-1-3] DEBUG org.asynchttpclient.netty.handler.HttpHandler - 

Request DefaultHttpRequest(decodeResult: success, version: HTTP/1.1)
POST /session HTTP/1.1
User-Agent: selenium/4.1.4 (java windows)
Content-Length: 437
Content-Type: application/json; charset=utf-8
host: localhost:60730
accept: */*

Response DefaultHttpResponse(decodeResult: success, version: HTTP/1.1)
HTTP/1.1 200 OK
Content-Type: application/json; charset=utf-8
cache-control: no-cache
content-length: 790

12:16:42.341 [AsyncHttpClient-1-3] DEBUG org.asynchttpclient.netty.channel.ChannelManager - Adding key: http://localhost:60730 for channel [id: 0x3c82a314, L:/127.0.0.1:59963 - R:localhost/127.0.0.1:60730]
12:16:42.457 [AsyncHttpClient-1-2] DEBUG org.asynchttpclient.netty.handler.HttpHandler - 

Request DefaultHttpRequest(decodeResult: success, version: HTTP/1.1)
POST /session HTTP/1.1
User-Agent: selenium/4.1.4 (java windows)
Content-Length: 437
Content-Type: application/json; charset=utf-8
host: localhost:53141
accept: */*

Response DefaultHttpResponse(decodeResult: success, version: HTTP/1.1)
HTTP/1.1 200 OK
Content-Type: application/json; charset=utf-8
cache-control: no-cache
content-length: 789

12:16:42.458 [AsyncHttpClient-1-2] DEBUG org.asynchttpclient.netty.channel.ChannelManager - Adding key: http://localhost:53141 for channel [id: 0x9edd6895, L:/127.0.0.1:59962 - R:localhost/127.0.0.1:53141]
12:16:42.491 [AsyncHttpClient-1-1] DEBUG org.asynchttpclient.netty.channel.DefaultChannelPool - Entry count for : http://localhost:53141 : 1
12:16:42.492 [AsyncHttpClient-1-1] DEBUG org.asynchttpclient.netty.channel.DefaultChannelPool - Entry count for : http://localhost:60730 : 1
12:16:43.186 [AsyncHttpClient-1-5] DEBUG org.asynchttpclient.netty.channel.NettyConnectListener - Using new Channel '[id: 0x665b96e6, L:/127.0.0.1:59979 - R:localhost/127.0.0.1:59964]' for 'GET' to '/json/version'
12:16:43.186 [AsyncHttpClient-1-4] DEBUG org.asynchttpclient.netty.channel.NettyConnectListener - Using new Channel '[id: 0x9e2cd47e, L:/127.0.0.1:59980 - R:localhost/127.0.0.1:59965]' for 'GET' to '/json/version'
12:16:43.192 [AsyncHttpClient-1-5] DEBUG org.asynchttpclient.netty.handler.HttpHandler - 

Request DefaultFullHttpRequest(decodeResult: success, version: HTTP/1.1, content: EmptyByteBufBE)
GET /json/version HTTP/1.1
User-Agent: selenium/4.1.4 (java windows)
host: localhost:59964
accept: */*

Response DefaultHttpResponse(decodeResult: success, version: HTTP/1.1)
HTTP/1.1 200 OK
Content-Type: application/json; charset=UTF-8
content-length: 423

12:16:43.192 [AsyncHttpClient-1-4] DEBUG org.asynchttpclient.netty.handler.HttpHandler - 

Request DefaultFullHttpRequest(decodeResult: success, version: HTTP/1.1, content: EmptyByteBufBE)
GET /json/version HTTP/1.1
User-Agent: selenium/4.1.4 (java windows)
host: localhost:59965
accept: */*

Response DefaultHttpResponse(decodeResult: success, version: HTTP/1.1)
HTTP/1.1 200 OK
Content-Type: application/json; charset=UTF-8
content-length: 423

12:16:43.193 [AsyncHttpClient-1-5] DEBUG org.asynchttpclient.netty.channel.ChannelManager - Adding key: http://localhost:59964 for channel [id: 0x665b96e6, L:/127.0.0.1:59979 - R:localhost/127.0.0.1:59964]
12:16:43.193 [AsyncHttpClient-1-4] DEBUG org.asynchttpclient.netty.channel.ChannelManager - Adding key: http://localhost:59965 for channel [id: 0x9e2cd47e, L:/127.0.0.1:59980 - R:localhost/127.0.0.1:59965]
12:16:43.212 [TestNG-PoolService-1] DEBUG io.netty.util.internal.ThreadLocalRandom - -Dio.netty.initialSeedUniquifier: 0x6fbcf18d9af02021
12:16:43.217 [AsyncHttpClient-1-6] DEBUG org.asynchttpclient.netty.channel.NettyConnectListener - Using new Channel '[id: 0x061a9300, L:/127.0.0.1:59981 - R:localhost/127.0.0.1:59965]' for 'GET' to '/devtools/browser/2fa9ad58-a202-4130-91fb-62387413cb06'
12:16:43.217 [AsyncHttpClient-1-7] DEBUG org.asynchttpclient.netty.channel.NettyConnectListener - Using new Channel '[id: 0xd775cfbf, L:/127.0.0.1:59982 - R:localhost/127.0.0.1:59964]' for 'GET' to '/devtools/browser/2c88017f-9c17-47d1-a410-e00e97deef3d'
12:16:43.222 [AsyncHttpClient-1-6] DEBUG org.asynchttpclient.netty.handler.WebSocketHandler - 

Request DefaultFullHttpRequest(decodeResult: success, version: HTTP/1.1, content: EmptyByteBufBE)
GET /devtools/browser/2fa9ad58-a202-4130-91fb-62387413cb06 HTTP/1.1
upgrade: websocket
connection: upgrade
sec-websocket-key: QHwycQ2B2+qRJKoTiwqbAg==
sec-websocket-version: 13
origin: http://localhost:59965
host: localhost:59965
accept: */*
user-agent: AHC/2.1

Response DefaultHttpResponse(decodeResult: success, version: HTTP/1.1)
HTTP/1.1 101 WebSocket Protocol Handshake
Upgrade: WebSocket
Connection: Upgrade
Sec-WebSocket-Accept: qniDiifAX34//04ec9WtrkCU8KM=

12:16:43.222 [AsyncHttpClient-1-7] DEBUG org.asynchttpclient.netty.handler.WebSocketHandler - 

Request DefaultFullHttpRequest(decodeResult: success, version: HTTP/1.1, content: EmptyByteBufBE)
GET /devtools/browser/2c88017f-9c17-47d1-a410-e00e97deef3d HTTP/1.1
upgrade: websocket
connection: upgrade
sec-websocket-key: ib3mgOKqFd9AXsO9HhFFsA==
sec-websocket-version: 13
origin: http://localhost:59964
host: localhost:59964
accept: */*
user-agent: AHC/2.1

Response DefaultHttpResponse(decodeResult: success, version: HTTP/1.1)
HTTP/1.1 101 WebSocket Protocol Handshake
Upgrade: WebSocket
Connection: Upgrade
Sec-WebSocket-Accept: k1ya1o7ClVkn3EuNV15QqrHY0jk=

12:16:43.288 [Forwarding maximizeCurrentWindow on session a19d7dc89300fa7013749737f1e1a902 to remote] DEBUG org.asynchttpclient.netty.request.NettyRequestSender - Using pooled Channel '[id: 0x9edd6895, L:/127.0.0.1:59962 - R:localhost/127.0.0.1:53141]' for 'POST' to 'http://localhost:53141/session/a19d7dc89300fa7013749737f1e1a902/window/maximize'
12:16:43.288 [Forwarding maximizeCurrentWindow on session a19d7dc89300fa7013749737f1e1a902 to remote] DEBUG org.asynchttpclient.netty.request.NettyRequestSender - Using open Channel [id: 0x9edd6895, L:/127.0.0.1:59962 - R:localhost/127.0.0.1:53141] for POST '/session/a19d7dc89300fa7013749737f1e1a902/window/maximize'
12:16:43.289 [Forwarding maximizeCurrentWindow on session e86c947d91f6e011f2c91a836b62a9fe to remote] DEBUG org.asynchttpclient.netty.request.NettyRequestSender - Using pooled Channel '[id: 0x3c82a314, L:/127.0.0.1:59963 - R:localhost/127.0.0.1:60730]' for 'POST' to 'http://localhost:60730/session/e86c947d91f6e011f2c91a836b62a9fe/window/maximize'
12:16:43.289 [Forwarding maximizeCurrentWindow on session e86c947d91f6e011f2c91a836b62a9fe to remote] DEBUG org.asynchttpclient.netty.request.NettyRequestSender - Using open Channel [id: 0x3c82a314, L:/127.0.0.1:59963 - R:localhost/127.0.0.1:60730] for POST '/session/e86c947d91f6e011f2c91a836b62a9fe/window/maximize'
12:16:43.435 [AsyncHttpClient-1-2] DEBUG org.asynchttpclient.netty.handler.HttpHandler - 

Request DefaultHttpRequest(decodeResult: success, version: HTTP/1.1)
POST /session/a19d7dc89300fa7013749737f1e1a902/window/maximize HTTP/1.1
User-Agent: selenium/4.1.4 (java windows)
Content-Length: 3
Content-Type: application/json; charset=utf-8
host: localhost:53141
accept: */*

Response DefaultHttpResponse(decodeResult: success, version: HTTP/1.1)
HTTP/1.1 200 OK
Content-Type: application/json; charset=utf-8
cache-control: no-cache
content-length: 52

12:16:43.436 [AsyncHttpClient-1-2] DEBUG org.asynchttpclient.netty.channel.ChannelManager - Adding key: http://localhost:53141 for channel [id: 0x9edd6895, L:/127.0.0.1:59962 - R:localhost/127.0.0.1:53141]
12:16:43.463 [Forwarding get on session a19d7dc89300fa7013749737f1e1a902 to remote] DEBUG org.asynchttpclient.netty.request.NettyRequestSender - Using pooled Channel '[id: 0x9edd6895, L:/127.0.0.1:59962 - R:localhost/127.0.0.1:53141]' for 'POST' to 'http://localhost:53141/session/a19d7dc89300fa7013749737f1e1a902/url'
12:16:43.464 [Forwarding get on session a19d7dc89300fa7013749737f1e1a902 to remote] DEBUG org.asynchttpclient.netty.request.NettyRequestSender - Using open Channel [id: 0x9edd6895, L:/127.0.0.1:59962 - R:localhost/127.0.0.1:53141] for POST '/session/a19d7dc89300fa7013749737f1e1a902/url'
12:16:43.468 [AsyncHttpClient-1-3] DEBUG org.asynchttpclient.netty.handler.HttpHandler - 

Request DefaultHttpRequest(decodeResult: success, version: HTTP/1.1)
POST /session/e86c947d91f6e011f2c91a836b62a9fe/window/maximize HTTP/1.1
User-Agent: selenium/4.1.4 (java windows)
Content-Length: 3
Content-Type: application/json; charset=utf-8
host: localhost:60730
accept: */*

Response DefaultHttpResponse(decodeResult: success, version: HTTP/1.1)
HTTP/1.1 200 OK
Content-Type: application/json; charset=utf-8
cache-control: no-cache
content-length: 52

12:16:43.469 [AsyncHttpClient-1-3] DEBUG org.asynchttpclient.netty.channel.ChannelManager - Adding key: http://localhost:60730 for channel [id: 0x3c82a314, L:/127.0.0.1:59963 - R:localhost/127.0.0.1:60730]
12:16:43.487 [Forwarding get on session e86c947d91f6e011f2c91a836b62a9fe to remote] DEBUG org.asynchttpclient.netty.request.NettyRequestSender - Using pooled Channel '[id: 0x3c82a314, L:/127.0.0.1:59963 - R:localhost/127.0.0.1:60730]' for 'POST' to 'http://localhost:60730/session/e86c947d91f6e011f2c91a836b62a9fe/url'
12:16:43.487 [Forwarding get on session e86c947d91f6e011f2c91a836b62a9fe to remote] DEBUG org.asynchttpclient.netty.request.NettyRequestSender - Using open Channel [id: 0x3c82a314, L:/127.0.0.1:59963 - R:localhost/127.0.0.1:60730] for POST '/session/e86c947d91f6e011f2c91a836b62a9fe/url'
12:16:43.602 [AsyncHttpClient-1-1] DEBUG org.asynchttpclient.netty.channel.DefaultChannelPool - Entry count for : http://localhost:59964 : 1
12:16:43.602 [AsyncHttpClient-1-1] DEBUG org.asynchttpclient.netty.channel.DefaultChannelPool - Entry count for : http://localhost:59965 : 1
12:16:44.708 [AsyncHttpClient-1-1] DEBUG org.asynchttpclient.netty.channel.DefaultChannelPool - Entry count for : http://localhost:59964 : 1
12:16:44.714 [AsyncHttpClient-1-1] DEBUG org.asynchttpclient.netty.channel.DefaultChannelPool - Entry count for : http://localhost:59965 : 1
12:16:45.793 [AsyncHttpClient-1-1] DEBUG org.asynchttpclient.netty.channel.DefaultChannelPool - Entry count for : http://localhost:59964 : 1
12:16:45.803 [AsyncHttpClient-1-1] DEBUG org.asynchttpclient.netty.channel.DefaultChannelPool - Entry count for : http://localhost:59965 : 1
12:16:46.393 [AsyncHttpClient-1-3] DEBUG org.asynchttpclient.netty.handler.HttpHandler - 

Request DefaultHttpRequest(decodeResult: success, version: HTTP/1.1)
POST /session/e86c947d91f6e011f2c91a836b62a9fe/url HTTP/1.1
User-Agent: selenium/4.1.4 (java windows)
Content-Length: 96
Content-Type: application/json; charset=utf-8
host: localhost:60730
accept: */*

Response DefaultHttpResponse(decodeResult: success, version: HTTP/1.1)
HTTP/1.1 200 OK
Content-Type: application/json; charset=utf-8
cache-control: no-cache
content-length: 14

12:16:46.396 [AsyncHttpClient-1-3] DEBUG org.asynchttpclient.netty.channel.ChannelManager - Adding key: http://localhost:60730 for channel [id: 0x3c82a314, L:/127.0.0.1:59963 - R:localhost/127.0.0.1:60730]
12:16:46.416 [Forwarding findElement on session e86c947d91f6e011f2c91a836b62a9fe to remote] DEBUG org.asynchttpclient.netty.request.NettyRequestSender - Using pooled Channel '[id: 0x3c82a314, L:/127.0.0.1:59963 - R:localhost/127.0.0.1:60730]' for 'POST' to 'http://localhost:60730/session/e86c947d91f6e011f2c91a836b62a9fe/element'
12:16:46.416 [Forwarding findElement on session e86c947d91f6e011f2c91a836b62a9fe to remote] DEBUG org.asynchttpclient.netty.request.NettyRequestSender - Using open Channel [id: 0x3c82a314, L:/127.0.0.1:59963 - R:localhost/127.0.0.1:60730] for POST '/session/e86c947d91f6e011f2c91a836b62a9fe/element'
12:16:46.436 [AsyncHttpClient-1-3] DEBUG org.asynchttpclient.netty.handler.HttpHandler - 

Request DefaultHttpRequest(decodeResult: success, version: HTTP/1.1)
POST /session/e86c947d91f6e011f2c91a836b62a9fe/element HTTP/1.1
User-Agent: selenium/4.1.4 (java windows)
Content-Length: 74
Content-Type: application/json; charset=utf-8
host: localhost:60730
accept: */*

Response DefaultHttpResponse(decodeResult: success, version: HTTP/1.1)
HTTP/1.1 200 OK
Content-Type: application/json; charset=utf-8
cache-control: no-cache
content-length: 88

12:16:46.437 [AsyncHttpClient-1-3] DEBUG org.asynchttpclient.netty.channel.ChannelManager - Adding key: http://localhost:60730 for channel [id: 0x3c82a314, L:/127.0.0.1:59963 - R:localhost/127.0.0.1:60730]
12:16:46.450 [Forwarding sendKeysToElement on session e86c947d91f6e011f2c91a836b62a9fe to remote] DEBUG org.asynchttpclient.netty.request.NettyRequestSender - Using pooled Channel '[id: 0x3c82a314, L:/127.0.0.1:59963 - R:localhost/127.0.0.1:60730]' for 'POST' to 'http://localhost:60730/session/e86c947d91f6e011f2c91a836b62a9fe/element/4fb468d5-a06c-4309-bd90-2f2742ab365c/value'
12:16:46.450 [Forwarding sendKeysToElement on session e86c947d91f6e011f2c91a836b62a9fe to remote] DEBUG org.asynchttpclient.netty.request.NettyRequestSender - Using open Channel [id: 0x3c82a314, L:/127.0.0.1:59963 - R:localhost/127.0.0.1:60730] for POST '/session/e86c947d91f6e011f2c91a836b62a9fe/element/4fb468d5-a06c-4309-bd90-2f2742ab365c/value'
12:16:46.589 [AsyncHttpClient-1-2] DEBUG org.asynchttpclient.netty.handler.HttpHandler - 

Request DefaultHttpRequest(decodeResult: success, version: HTTP/1.1)
POST /session/a19d7dc89300fa7013749737f1e1a902/url HTTP/1.1
User-Agent: selenium/4.1.4 (java windows)
Content-Length: 96
Content-Type: application/json; charset=utf-8
host: localhost:53141
accept: */*

Response DefaultHttpResponse(decodeResult: success, version: HTTP/1.1)
HTTP/1.1 200 OK
Content-Type: application/json; charset=utf-8
cache-control: no-cache
content-length: 14

12:16:46.590 [AsyncHttpClient-1-2] DEBUG org.asynchttpclient.netty.channel.ChannelManager - Adding key: http://localhost:53141 for channel [id: 0x9edd6895, L:/127.0.0.1:59962 - R:localhost/127.0.0.1:53141]
12:16:46.591 [AsyncHttpClient-1-3] DEBUG org.asynchttpclient.netty.handler.HttpHandler - 

Request DefaultHttpRequest(decodeResult: success, version: HTTP/1.1)
POST /session/e86c947d91f6e011f2c91a836b62a9fe/element/4fb468d5-a06c-4309-bd90-2f2742ab365c/value HTTP/1.1
User-Agent: selenium/4.1.4 (java windows)
Content-Length: 191
Content-Type: application/json; charset=utf-8
host: localhost:60730
accept: */*

Response DefaultHttpResponse(decodeResult: success, version: HTTP/1.1)
HTTP/1.1 200 OK
Content-Type: application/json; charset=utf-8
cache-control: no-cache
content-length: 14

12:16:46.591 [AsyncHttpClient-1-3] DEBUG org.asynchttpclient.netty.channel.ChannelManager - Adding key: http://localhost:60730 for channel [id: 0x3c82a314, L:/127.0.0.1:59963 - R:localhost/127.0.0.1:60730]
12:16:46.597 [Forwarding findElement on session a19d7dc89300fa7013749737f1e1a902 to remote] DEBUG org.asynchttpclient.netty.request.NettyRequestSender - Using pooled Channel '[id: 0x9edd6895, L:/127.0.0.1:59962 - R:localhost/127.0.0.1:53141]' for 'POST' to 'http://localhost:53141/session/a19d7dc89300fa7013749737f1e1a902/element'
12:16:46.598 [Forwarding findElement on session a19d7dc89300fa7013749737f1e1a902 to remote] DEBUG org.asynchttpclient.netty.request.NettyRequestSender - Using open Channel [id: 0x9edd6895, L:/127.0.0.1:59962 - R:localhost/127.0.0.1:53141] for POST '/session/a19d7dc89300fa7013749737f1e1a902/element'
12:16:46.601 [Forwarding findElement on session e86c947d91f6e011f2c91a836b62a9fe to remote] DEBUG org.asynchttpclient.netty.request.NettyRequestSender - Using pooled Channel '[id: 0x3c82a314, L:/127.0.0.1:59963 - R:localhost/127.0.0.1:60730]' for 'POST' to 'http://localhost:60730/session/e86c947d91f6e011f2c91a836b62a9fe/element'
12:16:46.602 [Forwarding findElement on session e86c947d91f6e011f2c91a836b62a9fe to remote] DEBUG org.asynchttpclient.netty.request.NettyRequestSender - Using open Channel [id: 0x3c82a314, L:/127.0.0.1:59963 - R:localhost/127.0.0.1:60730] for POST '/session/e86c947d91f6e011f2c91a836b62a9fe/element'
12:16:46.620 [AsyncHttpClient-1-3] DEBUG org.asynchttpclient.netty.handler.HttpHandler - 

Request DefaultHttpRequest(decodeResult: success, version: HTTP/1.1)
POST /session/e86c947d91f6e011f2c91a836b62a9fe/element HTTP/1.1
User-Agent: selenium/4.1.4 (java windows)
Content-Length: 73
Content-Type: application/json; charset=utf-8
host: localhost:60730
accept: */*

Response DefaultHttpResponse(decodeResult: success, version: HTTP/1.1)
HTTP/1.1 200 OK
Content-Type: application/json; charset=utf-8
cache-control: no-cache
content-length: 88

12:16:46.621 [AsyncHttpClient-1-3] DEBUG org.asynchttpclient.netty.channel.ChannelManager - Adding key: http://localhost:60730 for channel [id: 0x3c82a314, L:/127.0.0.1:59963 - R:localhost/127.0.0.1:60730]
12:16:46.626 [AsyncHttpClient-1-2] DEBUG org.asynchttpclient.netty.handler.HttpHandler - 

Request DefaultHttpRequest(decodeResult: success, version: HTTP/1.1)
POST /session/a19d7dc89300fa7013749737f1e1a902/element HTTP/1.1
User-Agent: selenium/4.1.4 (java windows)
Content-Length: 74
Content-Type: application/json; charset=utf-8
host: localhost:53141
accept: */*

Response DefaultHttpResponse(decodeResult: success, version: HTTP/1.1)
HTTP/1.1 200 OK
Content-Type: application/json; charset=utf-8
cache-control: no-cache
content-length: 88

12:16:46.626 [AsyncHttpClient-1-2] DEBUG org.asynchttpclient.netty.channel.ChannelManager - Adding key: http://localhost:53141 for channel [id: 0x9edd6895, L:/127.0.0.1:59962 - R:localhost/127.0.0.1:53141]
12:16:46.628 [Forwarding sendKeysToElement on session e86c947d91f6e011f2c91a836b62a9fe to remote] DEBUG org.asynchttpclient.netty.request.NettyRequestSender - Using pooled Channel '[id: 0x3c82a314, L:/127.0.0.1:59963 - R:localhost/127.0.0.1:60730]' for 'POST' to 'http://localhost:60730/session/e86c947d91f6e011f2c91a836b62a9fe/element/7c4892bc-bebc-47c3-b31f-6b771d348882/value'
12:16:46.629 [Forwarding sendKeysToElement on session e86c947d91f6e011f2c91a836b62a9fe to remote] DEBUG org.asynchttpclient.netty.request.NettyRequestSender - Using open Channel [id: 0x3c82a314, L:/127.0.0.1:59963 - R:localhost/127.0.0.1:60730] for POST '/session/e86c947d91f6e011f2c91a836b62a9fe/element/7c4892bc-bebc-47c3-b31f-6b771d348882/value'
12:16:46.631 [Forwarding sendKeysToElement on session a19d7dc89300fa7013749737f1e1a902 to remote] DEBUG org.asynchttpclient.netty.request.NettyRequestSender - Using pooled Channel '[id: 0x9edd6895, L:/127.0.0.1:59962 - R:localhost/127.0.0.1:53141]' for 'POST' to 'http://localhost:53141/session/a19d7dc89300fa7013749737f1e1a902/element/02178e32-0462-46e7-ac0b-36bafa6b84bd/value'
12:16:46.632 [Forwarding sendKeysToElement on session a19d7dc89300fa7013749737f1e1a902 to remote] DEBUG org.asynchttpclient.netty.request.NettyRequestSender - Using open Channel [id: 0x9edd6895, L:/127.0.0.1:59962 - R:localhost/127.0.0.1:53141] for POST '/session/a19d7dc89300fa7013749737f1e1a902/element/02178e32-0462-46e7-ac0b-36bafa6b84bd/value'
12:16:46.730 [AsyncHttpClient-1-3] DEBUG org.asynchttpclient.netty.handler.HttpHandler - 

Request DefaultHttpRequest(decodeResult: success, version: HTTP/1.1)
POST /session/e86c947d91f6e011f2c91a836b62a9fe/element/7c4892bc-bebc-47c3-b31f-6b771d348882/value HTTP/1.1
User-Agent: selenium/4.1.4 (java windows)
Content-Length: 191
Content-Type: application/json; charset=utf-8
host: localhost:60730
accept: */*

Response DefaultHttpResponse(decodeResult: success, version: HTTP/1.1)
HTTP/1.1 200 OK
Content-Type: application/json; charset=utf-8
cache-control: no-cache
content-length: 14

12:16:46.731 [AsyncHttpClient-1-3] DEBUG org.asynchttpclient.netty.channel.ChannelManager - Adding key: http://localhost:60730 for channel [id: 0x3c82a314, L:/127.0.0.1:59963 - R:localhost/127.0.0.1:60730]
12:16:46.736 [Forwarding findElement on session e86c947d91f6e011f2c91a836b62a9fe to remote] DEBUG org.asynchttpclient.netty.request.NettyRequestSender - Using pooled Channel '[id: 0x3c82a314, L:/127.0.0.1:59963 - R:localhost/127.0.0.1:60730]' for 'POST' to 'http://localhost:60730/session/e86c947d91f6e011f2c91a836b62a9fe/element'
12:16:46.736 [Forwarding findElement on session e86c947d91f6e011f2c91a836b62a9fe to remote] DEBUG org.asynchttpclient.netty.request.NettyRequestSender - Using open Channel [id: 0x3c82a314, L:/127.0.0.1:59963 - R:localhost/127.0.0.1:60730] for POST '/session/e86c947d91f6e011f2c91a836b62a9fe/element'
12:16:46.742 [AsyncHttpClient-1-2] DEBUG org.asynchttpclient.netty.handler.HttpHandler - 

Request DefaultHttpRequest(decodeResult: success, version: HTTP/1.1)
POST /session/a19d7dc89300fa7013749737f1e1a902/element/02178e32-0462-46e7-ac0b-36bafa6b84bd/value HTTP/1.1
User-Agent: selenium/4.1.4 (java windows)
Content-Length: 201
Content-Type: application/json; charset=utf-8
host: localhost:53141
accept: */*

Response DefaultHttpResponse(decodeResult: success, version: HTTP/1.1)
HTTP/1.1 200 OK
Content-Type: application/json; charset=utf-8
cache-control: no-cache
content-length: 14

12:16:46.742 [AsyncHttpClient-1-2] DEBUG org.asynchttpclient.netty.channel.ChannelManager - Adding key: http://localhost:53141 for channel [id: 0x9edd6895, L:/127.0.0.1:59962 - R:localhost/127.0.0.1:53141]
12:16:46.748 [Forwarding findElement on session a19d7dc89300fa7013749737f1e1a902 to remote] DEBUG org.asynchttpclient.netty.request.NettyRequestSender - Using pooled Channel '[id: 0x9edd6895, L:/127.0.0.1:59962 - R:localhost/127.0.0.1:53141]' for 'POST' to 'http://localhost:53141/session/a19d7dc89300fa7013749737f1e1a902/element'
12:16:46.748 [Forwarding findElement on session a19d7dc89300fa7013749737f1e1a902 to remote] DEBUG org.asynchttpclient.netty.request.NettyRequestSender - Using open Channel [id: 0x9edd6895, L:/127.0.0.1:59962 - R:localhost/127.0.0.1:53141] for POST '/session/a19d7dc89300fa7013749737f1e1a902/element'
12:16:46.756 [AsyncHttpClient-1-3] DEBUG org.asynchttpclient.netty.handler.HttpHandler - 

Request DefaultHttpRequest(decodeResult: success, version: HTTP/1.1)
POST /session/e86c947d91f6e011f2c91a836b62a9fe/element HTTP/1.1
User-Agent: selenium/4.1.4 (java windows)
Content-Length: 69
Content-Type: application/json; charset=utf-8
host: localhost:60730
accept: */*

Response DefaultHttpResponse(decodeResult: success, version: HTTP/1.1)
HTTP/1.1 200 OK
Content-Type: application/json; charset=utf-8
cache-control: no-cache
content-length: 88

12:16:46.756 [AsyncHttpClient-1-3] DEBUG org.asynchttpclient.netty.channel.ChannelManager - Adding key: http://localhost:60730 for channel [id: 0x3c82a314, L:/127.0.0.1:59963 - R:localhost/127.0.0.1:60730]
12:16:46.760 [Forwarding sendKeysToElement on session e86c947d91f6e011f2c91a836b62a9fe to remote] DEBUG org.asynchttpclient.netty.request.NettyRequestSender - Using pooled Channel '[id: 0x3c82a314, L:/127.0.0.1:59963 - R:localhost/127.0.0.1:60730]' for 'POST' to 'http://localhost:60730/session/e86c947d91f6e011f2c91a836b62a9fe/element/1cb384ec-eee6-4c11-bd19-715bfb965815/value'
12:16:46.760 [Forwarding sendKeysToElement on session e86c947d91f6e011f2c91a836b62a9fe to remote] DEBUG org.asynchttpclient.netty.request.NettyRequestSender - Using open Channel [id: 0x3c82a314, L:/127.0.0.1:59963 - R:localhost/127.0.0.1:60730] for POST '/session/e86c947d91f6e011f2c91a836b62a9fe/element/1cb384ec-eee6-4c11-bd19-715bfb965815/value'
12:16:46.771 [AsyncHttpClient-1-2] DEBUG org.asynchttpclient.netty.handler.HttpHandler - 

Request DefaultHttpRequest(decodeResult: success, version: HTTP/1.1)
POST /session/a19d7dc89300fa7013749737f1e1a902/element HTTP/1.1
User-Agent: selenium/4.1.4 (java windows)
Content-Length: 73
Content-Type: application/json; charset=utf-8
host: localhost:53141
accept: */*

Response DefaultHttpResponse(decodeResult: success, version: HTTP/1.1)
HTTP/1.1 200 OK
Content-Type: application/json; charset=utf-8
cache-control: no-cache
content-length: 88

12:16:46.771 [AsyncHttpClient-1-2] DEBUG org.asynchttpclient.netty.channel.ChannelManager - Adding key: http://localhost:53141 for channel [id: 0x9edd6895, L:/127.0.0.1:59962 - R:localhost/127.0.0.1:53141]
12:16:46.784 [Forwarding sendKeysToElement on session a19d7dc89300fa7013749737f1e1a902 to remote] DEBUG org.asynchttpclient.netty.request.NettyRequestSender - Using pooled Channel '[id: 0x9edd6895, L:/127.0.0.1:59962 - R:localhost/127.0.0.1:53141]' for 'POST' to 'http://localhost:53141/session/a19d7dc89300fa7013749737f1e1a902/element/b2bc290c-8999-4c11-ba62-b5f4e10c32d8/value'
12:16:46.784 [Forwarding sendKeysToElement on session a19d7dc89300fa7013749737f1e1a902 to remote] DEBUG org.asynchttpclient.netty.request.NettyRequestSender - Using open Channel [id: 0x9edd6895, L:/127.0.0.1:59962 - R:localhost/127.0.0.1:53141] for POST '/session/a19d7dc89300fa7013749737f1e1a902/element/b2bc290c-8999-4c11-ba62-b5f4e10c32d8/value'
12:16:46.898 [AsyncHttpClient-1-1] DEBUG org.asynchttpclient.netty.channel.DefaultChannelPool - Entry count for : http://localhost:59964 : 1
12:16:46.898 [AsyncHttpClient-1-1] DEBUG org.asynchttpclient.netty.channel.DefaultChannelPool - Entry count for : http://localhost:59965 : 1
12:16:46.898 [AsyncHttpClient-1-2] DEBUG org.asynchttpclient.netty.handler.HttpHandler - 

Request DefaultHttpRequest(decodeResult: success, version: HTTP/1.1)
POST /session/a19d7dc89300fa7013749737f1e1a902/element/b2bc290c-8999-4c11-ba62-b5f4e10c32d8/value HTTP/1.1
User-Agent: selenium/4.1.4 (java windows)
Content-Length: 201
Content-Type: application/json; charset=utf-8
host: localhost:53141
accept: */*

Response DefaultHttpResponse(decodeResult: success, version: HTTP/1.1)
HTTP/1.1 200 OK
Content-Type: application/json; charset=utf-8
cache-control: no-cache
content-length: 14

12:16:46.899 [AsyncHttpClient-1-2] DEBUG org.asynchttpclient.netty.channel.ChannelManager - Adding key: http://localhost:53141 for channel [id: 0x9edd6895, L:/127.0.0.1:59962 - R:localhost/127.0.0.1:53141]
12:16:46.904 [Forwarding findElement on session a19d7dc89300fa7013749737f1e1a902 to remote] DEBUG org.asynchttpclient.netty.request.NettyRequestSender - Using pooled Channel '[id: 0x9edd6895, L:/127.0.0.1:59962 - R:localhost/127.0.0.1:53141]' for 'POST' to 'http://localhost:53141/session/a19d7dc89300fa7013749737f1e1a902/element'
12:16:46.904 [Forwarding findElement on session a19d7dc89300fa7013749737f1e1a902 to remote] DEBUG org.asynchttpclient.netty.request.NettyRequestSender - Using open Channel [id: 0x9edd6895, L:/127.0.0.1:59962 - R:localhost/127.0.0.1:53141] for POST '/session/a19d7dc89300fa7013749737f1e1a902/element'
12:16:46.916 [AsyncHttpClient-1-3] DEBUG org.asynchttpclient.netty.handler.HttpHandler - 

Request DefaultHttpRequest(decodeResult: success, version: HTTP/1.1)
POST /session/e86c947d91f6e011f2c91a836b62a9fe/element/1cb384ec-eee6-4c11-bd19-715bfb965815/value HTTP/1.1
User-Agent: selenium/4.1.4 (java windows)
Content-Length: 281
Content-Type: application/json; charset=utf-8
host: localhost:60730
accept: */*

Response DefaultHttpResponse(decodeResult: success, version: HTTP/1.1)
HTTP/1.1 200 OK
Content-Type: application/json; charset=utf-8
cache-control: no-cache
content-length: 14

12:16:46.916 [AsyncHttpClient-1-3] DEBUG org.asynchttpclient.netty.channel.ChannelManager - Adding key: http://localhost:60730 for channel [id: 0x3c82a314, L:/127.0.0.1:59963 - R:localhost/127.0.0.1:60730]
12:16:46.920 [Forwarding findElement on session e86c947d91f6e011f2c91a836b62a9fe to remote] DEBUG org.asynchttpclient.netty.request.NettyRequestSender - Using pooled Channel '[id: 0x3c82a314, L:/127.0.0.1:59963 - R:localhost/127.0.0.1:60730]' for 'POST' to 'http://localhost:60730/session/e86c947d91f6e011f2c91a836b62a9fe/element'
12:16:46.920 [Forwarding findElement on session e86c947d91f6e011f2c91a836b62a9fe to remote] DEBUG org.asynchttpclient.netty.request.NettyRequestSender - Using open Channel [id: 0x3c82a314, L:/127.0.0.1:59963 - R:localhost/127.0.0.1:60730] for POST '/session/e86c947d91f6e011f2c91a836b62a9fe/element'
12:16:46.923 [AsyncHttpClient-1-2] DEBUG org.asynchttpclient.netty.handler.HttpHandler - 

Request DefaultHttpRequest(decodeResult: success, version: HTTP/1.1)
POST /session/a19d7dc89300fa7013749737f1e1a902/element HTTP/1.1
User-Agent: selenium/4.1.4 (java windows)
Content-Length: 69
Content-Type: application/json; charset=utf-8
host: localhost:53141
accept: */*

Response DefaultHttpResponse(decodeResult: success, version: HTTP/1.1)
HTTP/1.1 200 OK
Content-Type: application/json; charset=utf-8
cache-control: no-cache
content-length: 88

12:16:46.932 [AsyncHttpClient-1-2] DEBUG org.asynchttpclient.netty.channel.ChannelManager - Adding key: http://localhost:53141 for channel [id: 0x9edd6895, L:/127.0.0.1:59962 - R:localhost/127.0.0.1:53141]
12:16:46.937 [Forwarding sendKeysToElement on session a19d7dc89300fa7013749737f1e1a902 to remote] DEBUG org.asynchttpclient.netty.request.NettyRequestSender - Using pooled Channel '[id: 0x9edd6895, L:/127.0.0.1:59962 - R:localhost/127.0.0.1:53141]' for 'POST' to 'http://localhost:53141/session/a19d7dc89300fa7013749737f1e1a902/element/f117aa67-76fd-4fcd-a257-24760ce2eede/value'
12:16:46.937 [Forwarding sendKeysToElement on session a19d7dc89300fa7013749737f1e1a902 to remote] DEBUG org.asynchttpclient.netty.request.NettyRequestSender - Using open Channel [id: 0x9edd6895, L:/127.0.0.1:59962 - R:localhost/127.0.0.1:53141] for POST '/session/a19d7dc89300fa7013749737f1e1a902/element/f117aa67-76fd-4fcd-a257-24760ce2eede/value'
12:16:46.951 [AsyncHttpClient-1-3] DEBUG org.asynchttpclient.netty.handler.HttpHandler - 

Request DefaultHttpRequest(decodeResult: success, version: HTTP/1.1)
POST /session/e86c947d91f6e011f2c91a836b62a9fe/element HTTP/1.1
User-Agent: selenium/4.1.4 (java windows)
Content-Length: 74
Content-Type: application/json; charset=utf-8
host: localhost:60730
accept: */*

Response DefaultHttpResponse(decodeResult: success, version: HTTP/1.1)
HTTP/1.1 200 OK
Content-Type: application/json; charset=utf-8
cache-control: no-cache
content-length: 88

12:16:46.952 [AsyncHttpClient-1-3] DEBUG org.asynchttpclient.netty.channel.ChannelManager - Adding key: http://localhost:60730 for channel [id: 0x3c82a314, L:/127.0.0.1:59963 - R:localhost/127.0.0.1:60730]
12:16:46.957 [Forwarding sendKeysToElement on session e86c947d91f6e011f2c91a836b62a9fe to remote] DEBUG org.asynchttpclient.netty.request.NettyRequestSender - Using pooled Channel '[id: 0x3c82a314, L:/127.0.0.1:59963 - R:localhost/127.0.0.1:60730]' for 'POST' to 'http://localhost:60730/session/e86c947d91f6e011f2c91a836b62a9fe/element/5944022f-ff7b-4c78-9305-bc4ede49ece6/value'
12:16:46.957 [Forwarding sendKeysToElement on session e86c947d91f6e011f2c91a836b62a9fe to remote] DEBUG org.asynchttpclient.netty.request.NettyRequestSender - Using open Channel [id: 0x3c82a314, L:/127.0.0.1:59963 - R:localhost/127.0.0.1:60730] for POST '/session/e86c947d91f6e011f2c91a836b62a9fe/element/5944022f-ff7b-4c78-9305-bc4ede49ece6/value'
12:16:47.083 [AsyncHttpClient-1-2] DEBUG org.asynchttpclient.netty.handler.HttpHandler - 

Request DefaultHttpRequest(decodeResult: success, version: HTTP/1.1)
POST /session/a19d7dc89300fa7013749737f1e1a902/element/f117aa67-76fd-4fcd-a257-24760ce2eede/value HTTP/1.1
User-Agent: selenium/4.1.4 (java windows)
Content-Length: 331
Content-Type: application/json; charset=utf-8
host: localhost:53141
accept: */*

Response DefaultHttpResponse(decodeResult: success, version: HTTP/1.1)
HTTP/1.1 200 OK
Content-Type: application/json; charset=utf-8
cache-control: no-cache
content-length: 14

12:16:47.084 [AsyncHttpClient-1-2] DEBUG org.asynchttpclient.netty.channel.ChannelManager - Adding key: http://localhost:53141 for channel [id: 0x9edd6895, L:/127.0.0.1:59962 - R:localhost/127.0.0.1:53141]
12:16:47.089 [Forwarding findElement on session a19d7dc89300fa7013749737f1e1a902 to remote] DEBUG org.asynchttpclient.netty.request.NettyRequestSender - Using pooled Channel '[id: 0x9edd6895, L:/127.0.0.1:59962 - R:localhost/127.0.0.1:53141]' for 'POST' to 'http://localhost:53141/session/a19d7dc89300fa7013749737f1e1a902/element'
12:16:47.089 [Forwarding findElement on session a19d7dc89300fa7013749737f1e1a902 to remote] DEBUG org.asynchttpclient.netty.request.NettyRequestSender - Using open Channel [id: 0x9edd6895, L:/127.0.0.1:59962 - R:localhost/127.0.0.1:53141] for POST '/session/a19d7dc89300fa7013749737f1e1a902/element'
12:16:47.143 [AsyncHttpClient-1-2] DEBUG org.asynchttpclient.netty.handler.HttpHandler - 

Request DefaultHttpRequest(decodeResult: success, version: HTTP/1.1)
POST /session/a19d7dc89300fa7013749737f1e1a902/element HTTP/1.1
User-Agent: selenium/4.1.4 (java windows)
Content-Length: 74
Content-Type: application/json; charset=utf-8
host: localhost:53141
accept: */*

Response DefaultHttpResponse(decodeResult: success, version: HTTP/1.1)
HTTP/1.1 200 OK
Content-Type: application/json; charset=utf-8
cache-control: no-cache
content-length: 88

12:16:47.144 [AsyncHttpClient-1-2] DEBUG org.asynchttpclient.netty.channel.ChannelManager - Adding key: http://localhost:53141 for channel [id: 0x9edd6895, L:/127.0.0.1:59962 - R:localhost/127.0.0.1:53141]
12:16:47.151 [Forwarding sendKeysToElement on session a19d7dc89300fa7013749737f1e1a902 to remote] DEBUG org.asynchttpclient.netty.request.NettyRequestSender - Using pooled Channel '[id: 0x9edd6895, L:/127.0.0.1:59962 - R:localhost/127.0.0.1:53141]' for 'POST' to 'http://localhost:53141/session/a19d7dc89300fa7013749737f1e1a902/element/fb37dfe1-668e-4af2-80fc-84d969d7269f/value'
12:16:47.151 [Forwarding sendKeysToElement on session a19d7dc89300fa7013749737f1e1a902 to remote] DEBUG org.asynchttpclient.netty.request.NettyRequestSender - Using open Channel [id: 0x9edd6895, L:/127.0.0.1:59962 - R:localhost/127.0.0.1:53141] for POST '/session/a19d7dc89300fa7013749737f1e1a902/element/fb37dfe1-668e-4af2-80fc-84d969d7269f/value'
12:16:47.226 [AsyncHttpClient-1-3] DEBUG org.asynchttpclient.netty.handler.HttpHandler - 

Request DefaultHttpRequest(decodeResult: success, version: HTTP/1.1)
POST /session/e86c947d91f6e011f2c91a836b62a9fe/element/5944022f-ff7b-4c78-9305-bc4ede49ece6/value HTTP/1.1
User-Agent: selenium/4.1.4 (java windows)
Content-Length: 751
Content-Type: application/json; charset=utf-8
host: localhost:60730
accept: */*

Response DefaultHttpResponse(decodeResult: success, version: HTTP/1.1)
HTTP/1.1 200 OK
Content-Type: application/json; charset=utf-8
cache-control: no-cache
content-length: 14

12:16:47.226 [AsyncHttpClient-1-3] DEBUG org.asynchttpclient.netty.channel.ChannelManager - Adding key: http://localhost:60730 for channel [id: 0x3c82a314, L:/127.0.0.1:59963 - R:localhost/127.0.0.1:60730]
12:16:47.231 [Forwarding findElement on session e86c947d91f6e011f2c91a836b62a9fe to remote] DEBUG org.asynchttpclient.netty.request.NettyRequestSender - Using pooled Channel '[id: 0x3c82a314, L:/127.0.0.1:59963 - R:localhost/127.0.0.1:60730]' for 'POST' to 'http://localhost:60730/session/e86c947d91f6e011f2c91a836b62a9fe/element'
12:16:47.232 [Forwarding findElement on session e86c947d91f6e011f2c91a836b62a9fe to remote] DEBUG org.asynchttpclient.netty.request.NettyRequestSender - Using open Channel [id: 0x3c82a314, L:/127.0.0.1:59963 - R:localhost/127.0.0.1:60730] for POST '/session/e86c947d91f6e011f2c91a836b62a9fe/element'
12:16:47.257 [AsyncHttpClient-1-3] DEBUG org.asynchttpclient.netty.handler.HttpHandler - 

Request DefaultHttpRequest(decodeResult: success, version: HTTP/1.1)
POST /session/e86c947d91f6e011f2c91a836b62a9fe/element HTTP/1.1
User-Agent: selenium/4.1.4 (java windows)
Content-Length: 82
Content-Type: application/json; charset=utf-8
host: localhost:60730
accept: */*

Response DefaultHttpResponse(decodeResult: success, version: HTTP/1.1)
HTTP/1.1 200 OK
Content-Type: application/json; charset=utf-8
cache-control: no-cache
content-length: 88

12:16:47.257 [AsyncHttpClient-1-3] DEBUG org.asynchttpclient.netty.channel.ChannelManager - Adding key: http://localhost:60730 for channel [id: 0x3c82a314, L:/127.0.0.1:59963 - R:localhost/127.0.0.1:60730]
12:16:47.260 [Forwarding clickElement on session e86c947d91f6e011f2c91a836b62a9fe to remote] DEBUG org.asynchttpclient.netty.request.NettyRequestSender - Using pooled Channel '[id: 0x3c82a314, L:/127.0.0.1:59963 - R:localhost/127.0.0.1:60730]' for 'POST' to 'http://localhost:60730/session/e86c947d91f6e011f2c91a836b62a9fe/element/47748445-a9e2-4c43-a0e7-89977fae5f81/click'
12:16:47.260 [Forwarding clickElement on session e86c947d91f6e011f2c91a836b62a9fe to remote] DEBUG org.asynchttpclient.netty.request.NettyRequestSender - Using open Channel [id: 0x3c82a314, L:/127.0.0.1:59963 - R:localhost/127.0.0.1:60730] for POST '/session/e86c947d91f6e011f2c91a836b62a9fe/element/47748445-a9e2-4c43-a0e7-89977fae5f81/click'
12:16:47.435 [AsyncHttpClient-1-2] DEBUG org.asynchttpclient.netty.handler.HttpHandler - 

Request DefaultHttpRequest(decodeResult: success, version: HTTP/1.1)
POST /session/a19d7dc89300fa7013749737f1e1a902/element/fb37dfe1-668e-4af2-80fc-84d969d7269f/value HTTP/1.1
User-Agent: selenium/4.1.4 (java windows)
Content-Length: 601
Content-Type: application/json; charset=utf-8
host: localhost:53141
accept: */*

Response DefaultHttpResponse(decodeResult: success, version: HTTP/1.1)
HTTP/1.1 200 OK
Content-Type: application/json; charset=utf-8
cache-control: no-cache
content-length: 14

12:16:47.436 [AsyncHttpClient-1-2] DEBUG org.asynchttpclient.netty.channel.ChannelManager - Adding key: http://localhost:53141 for channel [id: 0x9edd6895, L:/127.0.0.1:59962 - R:localhost/127.0.0.1:53141]
12:16:47.442 [Forwarding findElement on session a19d7dc89300fa7013749737f1e1a902 to remote] DEBUG org.asynchttpclient.netty.request.NettyRequestSender - Using pooled Channel '[id: 0x9edd6895, L:/127.0.0.1:59962 - R:localhost/127.0.0.1:53141]' for 'POST' to 'http://localhost:53141/session/a19d7dc89300fa7013749737f1e1a902/element'
12:16:47.443 [Forwarding findElement on session a19d7dc89300fa7013749737f1e1a902 to remote] DEBUG org.asynchttpclient.netty.request.NettyRequestSender - Using open Channel [id: 0x9edd6895, L:/127.0.0.1:59962 - R:localhost/127.0.0.1:53141] for POST '/session/a19d7dc89300fa7013749737f1e1a902/element'
12:16:47.460 [AsyncHttpClient-1-2] DEBUG org.asynchttpclient.netty.handler.HttpHandler - 

Request DefaultHttpRequest(decodeResult: success, version: HTTP/1.1)
POST /session/a19d7dc89300fa7013749737f1e1a902/element HTTP/1.1
User-Agent: selenium/4.1.4 (java windows)
Content-Length: 82
Content-Type: application/json; charset=utf-8
host: localhost:53141
accept: */*

Response DefaultHttpResponse(decodeResult: success, version: HTTP/1.1)
HTTP/1.1 200 OK
Content-Type: application/json; charset=utf-8
cache-control: no-cache
content-length: 88

12:16:47.460 [AsyncHttpClient-1-2] DEBUG org.asynchttpclient.netty.channel.ChannelManager - Adding key: http://localhost:53141 for channel [id: 0x9edd6895, L:/127.0.0.1:59962 - R:localhost/127.0.0.1:53141]
12:16:47.467 [Forwarding clickElement on session a19d7dc89300fa7013749737f1e1a902 to remote] DEBUG org.asynchttpclient.netty.request.NettyRequestSender - Using pooled Channel '[id: 0x9edd6895, L:/127.0.0.1:59962 - R:localhost/127.0.0.1:53141]' for 'POST' to 'http://localhost:53141/session/a19d7dc89300fa7013749737f1e1a902/element/3690a1d3-9566-4965-b102-9316ee0f1c4c/click'
12:16:47.467 [Forwarding clickElement on session a19d7dc89300fa7013749737f1e1a902 to remote] DEBUG org.asynchttpclient.netty.request.NettyRequestSender - Using open Channel [id: 0x9edd6895, L:/127.0.0.1:59962 - R:localhost/127.0.0.1:53141] for POST '/session/a19d7dc89300fa7013749737f1e1a902/element/3690a1d3-9566-4965-b102-9316ee0f1c4c/click'
12:16:47.990 [AsyncHttpClient-1-1] DEBUG org.asynchttpclient.netty.channel.DefaultChannelPool - Entry count for : http://localhost:59964 : 1
12:16:47.991 [AsyncHttpClient-1-1] DEBUG org.asynchttpclient.netty.channel.DefaultChannelPool - Entry count for : http://localhost:59965 : 1
12:16:48.170 [AsyncHttpClient-1-3] DEBUG org.asynchttpclient.netty.handler.HttpHandler - 

Request DefaultHttpRequest(decodeResult: success, version: HTTP/1.1)
POST /session/e86c947d91f6e011f2c91a836b62a9fe/element/47748445-a9e2-4c43-a0e7-89977fae5f81/click HTTP/1.1
User-Agent: selenium/4.1.4 (java windows)
Content-Length: 50
Content-Type: application/json; charset=utf-8
host: localhost:60730
accept: */*

Response DefaultHttpResponse(decodeResult: success, version: HTTP/1.1)
HTTP/1.1 200 OK
Content-Type: application/json; charset=utf-8
cache-control: no-cache
content-length: 14

12:16:48.171 [AsyncHttpClient-1-3] DEBUG org.asynchttpclient.netty.channel.ChannelManager - Adding key: http://localhost:60730 for channel [id: 0x3c82a314, L:/127.0.0.1:59963 - R:localhost/127.0.0.1:60730]
12:16:48.176 [Forwarding findElement on session e86c947d91f6e011f2c91a836b62a9fe to remote] DEBUG org.asynchttpclient.netty.request.NettyRequestSender - Using pooled Channel '[id: 0x3c82a314, L:/127.0.0.1:59963 - R:localhost/127.0.0.1:60730]' for 'POST' to 'http://localhost:60730/session/e86c947d91f6e011f2c91a836b62a9fe/element'
12:16:48.176 [Forwarding findElement on session e86c947d91f6e011f2c91a836b62a9fe to remote] DEBUG org.asynchttpclient.netty.request.NettyRequestSender - Using open Channel [id: 0x3c82a314, L:/127.0.0.1:59963 - R:localhost/127.0.0.1:60730] for POST '/session/e86c947d91f6e011f2c91a836b62a9fe/element'
12:16:48.216 [AsyncHttpClient-1-3] DEBUG org.asynchttpclient.netty.handler.HttpHandler - 

Request DefaultHttpRequest(decodeResult: success, version: HTTP/1.1)
POST /session/e86c947d91f6e011f2c91a836b62a9fe/element HTTP/1.1
User-Agent: selenium/4.1.4 (java windows)
Content-Length: 83
Content-Type: application/json; charset=utf-8
host: localhost:60730
accept: */*

Response DefaultHttpResponse(decodeResult: success, version: HTTP/1.1)
HTTP/1.1 200 OK
Content-Type: application/json; charset=utf-8
cache-control: no-cache
content-length: 88

12:16:48.216 [AsyncHttpClient-1-3] DEBUG org.asynchttpclient.netty.channel.ChannelManager - Adding key: http://localhost:60730 for channel [id: 0x3c82a314, L:/127.0.0.1:59963 - R:localhost/127.0.0.1:60730]
12:16:48.221 [Forwarding getElementText on session e86c947d91f6e011f2c91a836b62a9fe to remote] DEBUG org.asynchttpclient.netty.request.NettyRequestSender - Using pooled Channel '[id: 0x3c82a314, L:/127.0.0.1:59963 - R:localhost/127.0.0.1:60730]' for 'GET' to 'http://localhost:60730/session/e86c947d91f6e011f2c91a836b62a9fe/element/1fd1788f-7f11-449b-bb80-e1c5585489ef/text'
12:16:48.221 [Forwarding getElementText on session e86c947d91f6e011f2c91a836b62a9fe to remote] DEBUG org.asynchttpclient.netty.request.NettyRequestSender - Using open Channel [id: 0x3c82a314, L:/127.0.0.1:59963 - R:localhost/127.0.0.1:60730] for GET '/session/e86c947d91f6e011f2c91a836b62a9fe/element/1fd1788f-7f11-449b-bb80-e1c5585489ef/text'
12:16:48.289 [AsyncHttpClient-1-3] DEBUG org.asynchttpclient.netty.handler.HttpHandler - 

Request DefaultFullHttpRequest(decodeResult: success, version: HTTP/1.1, content: EmptyByteBufBE)
GET /session/e86c947d91f6e011f2c91a836b62a9fe/element/1fd1788f-7f11-449b-bb80-e1c5585489ef/text HTTP/1.1
User-Agent: selenium/4.1.4 (java windows)
Cache-Control: no-cache
Content-Type: application/json; charset=utf-8
host: localhost:60730
accept: */*

Response DefaultHttpResponse(decodeResult: success, version: HTTP/1.1)
HTTP/1.1 200 OK
Content-Type: application/json; charset=utf-8
cache-control: no-cache
content-length: 39

12:16:48.289 [AsyncHttpClient-1-3] DEBUG org.asynchttpclient.netty.channel.ChannelManager - Adding key: http://localhost:60730 for channel [id: 0x3c82a314, L:/127.0.0.1:59963 - R:localhost/127.0.0.1:60730]
12:16:48.311 [AsyncHttpClient-1-6] DEBUG org.asynchttpclient.netty.handler.WebSocketHandler - Channel Closed: [id: 0x061a9300, L:/127.0.0.1:59981 ! R:localhost/127.0.0.1:59965] with attribute NettyResponseFuture{currentRetry=5,
	isDone=1,
	isCancelled=0,
	asyncHandler=org.asynchttpclient.ws.WebSocketUpgradeHandler@1390be07,
	nettyRequest=org.asynchttpclient.netty.request.NettyRequest@77f77df8,
	future=java.util.concurrent.CompletableFuture@7d36fe53[Completed normally],
	uri=ws://localhost:59965/devtools/browser/2fa9ad58-a202-4130-91fb-62387413cb06,
	keepAlive=true,
	redirectCount=0,
	timeoutsHolder=null,
	inAuth=0,
	touch=1663690603245}
12:16:48.313 [AsyncHttpClient-1-6] DEBUG org.asynchttpclient.netty.channel.ChannelManager - Closing Channel [id: 0x061a9300, L:/127.0.0.1:59981 ! R:localhost/127.0.0.1:59965] 
12:16:48.317 [Driver Command Executor] DEBUG org.asynchttpclient.netty.request.NettyRequestSender - Using pooled Channel '[id: 0x3c82a314, L:/127.0.0.1:59963 - R:localhost/127.0.0.1:60730]' for 'DELETE' to 'http://localhost:60730/session/e86c947d91f6e011f2c91a836b62a9fe'
12:16:48.318 [Driver Command Executor] DEBUG org.asynchttpclient.netty.request.NettyRequestSender - Using open Channel [id: 0x3c82a314, L:/127.0.0.1:59963 - R:localhost/127.0.0.1:60730] for DELETE '/session/e86c947d91f6e011f2c91a836b62a9fe'
12:16:48.510 [AsyncHttpClient-1-2] DEBUG org.asynchttpclient.netty.handler.HttpHandler - 

Request DefaultHttpRequest(decodeResult: success, version: HTTP/1.1)
POST /session/a19d7dc89300fa7013749737f1e1a902/element/3690a1d3-9566-4965-b102-9316ee0f1c4c/click HTTP/1.1
User-Agent: selenium/4.1.4 (java windows)
Content-Length: 50
Content-Type: application/json; charset=utf-8
host: localhost:53141
accept: */*

Response DefaultHttpResponse(decodeResult: success, version: HTTP/1.1)
HTTP/1.1 200 OK
Content-Type: application/json; charset=utf-8
cache-control: no-cache
content-length: 14

12:16:48.510 [AsyncHttpClient-1-2] DEBUG org.asynchttpclient.netty.channel.ChannelManager - Adding key: http://localhost:53141 for channel [id: 0x9edd6895, L:/127.0.0.1:59962 - R:localhost/127.0.0.1:53141]
12:16:48.521 [Forwarding findElement on session a19d7dc89300fa7013749737f1e1a902 to remote] DEBUG org.asynchttpclient.netty.request.NettyRequestSender - Using pooled Channel '[id: 0x9edd6895, L:/127.0.0.1:59962 - R:localhost/127.0.0.1:53141]' for 'POST' to 'http://localhost:53141/session/a19d7dc89300fa7013749737f1e1a902/element'
12:16:48.521 [Forwarding findElement on session a19d7dc89300fa7013749737f1e1a902 to remote] DEBUG org.asynchttpclient.netty.request.NettyRequestSender - Using open Channel [id: 0x9edd6895, L:/127.0.0.1:59962 - R:localhost/127.0.0.1:53141] for POST '/session/a19d7dc89300fa7013749737f1e1a902/element'
12:16:48.551 [AsyncHttpClient-1-2] DEBUG org.asynchttpclient.netty.handler.HttpHandler - 

Request DefaultHttpRequest(decodeResult: success, version: HTTP/1.1)
POST /session/a19d7dc89300fa7013749737f1e1a902/element HTTP/1.1
User-Agent: selenium/4.1.4 (java windows)
Content-Length: 83
Content-Type: application/json; charset=utf-8
host: localhost:53141
accept: */*

Response DefaultHttpResponse(decodeResult: success, version: HTTP/1.1)
HTTP/1.1 200 OK
Content-Type: application/json; charset=utf-8
cache-control: no-cache
content-length: 88

12:16:48.551 [AsyncHttpClient-1-2] DEBUG org.asynchttpclient.netty.channel.ChannelManager - Adding key: http://localhost:53141 for channel [id: 0x9edd6895, L:/127.0.0.1:59962 - R:localhost/127.0.0.1:53141]
12:16:48.553 [Forwarding getElementText on session a19d7dc89300fa7013749737f1e1a902 to remote] DEBUG org.asynchttpclient.netty.request.NettyRequestSender - Using pooled Channel '[id: 0x9edd6895, L:/127.0.0.1:59962 - R:localhost/127.0.0.1:53141]' for 'GET' to 'http://localhost:53141/session/a19d7dc89300fa7013749737f1e1a902/element/f904bf99-e94b-4556-a1ae-602da1d5c2fc/text'
12:16:48.554 [Forwarding getElementText on session a19d7dc89300fa7013749737f1e1a902 to remote] DEBUG org.asynchttpclient.netty.request.NettyRequestSender - Using open Channel [id: 0x9edd6895, L:/127.0.0.1:59962 - R:localhost/127.0.0.1:53141] for GET '/session/a19d7dc89300fa7013749737f1e1a902/element/f904bf99-e94b-4556-a1ae-602da1d5c2fc/text'
12:16:48.595 [AsyncHttpClient-1-2] DEBUG org.asynchttpclient.netty.handler.HttpHandler - 

Request DefaultFullHttpRequest(decodeResult: success, version: HTTP/1.1, content: EmptyByteBufBE)
GET /session/a19d7dc89300fa7013749737f1e1a902/element/f904bf99-e94b-4556-a1ae-602da1d5c2fc/text HTTP/1.1
User-Agent: selenium/4.1.4 (java windows)
Cache-Control: no-cache
Content-Type: application/json; charset=utf-8
host: localhost:53141
accept: */*

Response DefaultHttpResponse(decodeResult: success, version: HTTP/1.1)
HTTP/1.1 200 OK
Content-Type: application/json; charset=utf-8
cache-control: no-cache
content-length: 39

12:16:48.595 [AsyncHttpClient-1-2] DEBUG org.asynchttpclient.netty.channel.ChannelManager - Adding key: http://localhost:53141 for channel [id: 0x9edd6895, L:/127.0.0.1:59962 - R:localhost/127.0.0.1:53141]
12:16:48.601 [AsyncHttpClient-1-7] DEBUG org.asynchttpclient.netty.handler.WebSocketHandler - Channel Closed: [id: 0xd775cfbf, L:/127.0.0.1:59982 ! R:localhost/127.0.0.1:59964] with attribute NettyResponseFuture{currentRetry=5,
	isDone=1,
	isCancelled=0,
	asyncHandler=org.asynchttpclient.ws.WebSocketUpgradeHandler@46bebb2,
	nettyRequest=org.asynchttpclient.netty.request.NettyRequest@1895f63,
	future=java.util.concurrent.CompletableFuture@51c1359[Completed normally],
	uri=ws://localhost:59964/devtools/browser/2c88017f-9c17-47d1-a410-e00e97deef3d,
	keepAlive=true,
	redirectCount=0,
	timeoutsHolder=null,
	inAuth=0,
	touch=1663690603245}
12:16:48.601 [AsyncHttpClient-1-7] DEBUG org.asynchttpclient.netty.channel.ChannelManager - Closing Channel [id: 0xd775cfbf, L:/127.0.0.1:59982 ! R:localhost/127.0.0.1:59964] 
12:16:48.602 [Driver Command Executor] DEBUG org.asynchttpclient.netty.request.NettyRequestSender - Using pooled Channel '[id: 0x9edd6895, L:/127.0.0.1:59962 - R:localhost/127.0.0.1:53141]' for 'DELETE' to 'http://localhost:53141/session/a19d7dc89300fa7013749737f1e1a902'
12:16:48.602 [Driver Command Executor] DEBUG org.asynchttpclient.netty.request.NettyRequestSender - Using open Channel [id: 0x9edd6895, L:/127.0.0.1:59962 - R:localhost/127.0.0.1:53141] for DELETE '/session/a19d7dc89300fa7013749737f1e1a902'
12:16:48.728 [AsyncHttpClient-1-5] DEBUG org.asynchttpclient.netty.handler.HttpHandler - Unexpected I/O exception on channel [id: 0x665b96e6, L:/127.0.0.1:59979 - R:localhost/127.0.0.1:59964]
java.net.SocketException: Connection reset
	at java.base/sun.nio.ch.SocketChannelImpl.throwConnectionReset(SocketChannelImpl.java:367)
	at java.base/sun.nio.ch.SocketChannelImpl.read(SocketChannelImpl.java:398)
	at io.netty.buffer.PooledByteBuf.setBytes(PooledByteBuf.java:258)
	at io.netty.buffer.AbstractByteBuf.writeBytes(AbstractByteBuf.java:1132)
	at io.netty.channel.socket.nio.NioSocketChannel.doReadBytes(NioSocketChannel.java:357)
	at io.netty.channel.nio.AbstractNioByteChannel$NioByteUnsafe.read(AbstractNioByteChannel.java:151)
	at io.netty.channel.nio.NioEventLoop.processSelectedKey(NioEventLoop.java:722)
	at io.netty.channel.nio.NioEventLoop.processSelectedKeysOptimized(NioEventLoop.java:658)
	at io.netty.channel.nio.NioEventLoop.processSelectedKeys(NioEventLoop.java:584)
	at io.netty.channel.nio.NioEventLoop.run(NioEventLoop.java:496)
	at io.netty.util.concurrent.SingleThreadEventExecutor$4.run(SingleThreadEventExecutor.java:986)
	at io.netty.util.internal.ThreadExecutorMap$2.run(ThreadExecutorMap.java:74)
	at io.netty.util.concurrent.FastThreadLocalRunnable.run(FastThreadLocalRunnable.java:30)
	at java.base/java.lang.Thread.run(Thread.java:832)
12:16:48.728 [AsyncHttpClient-1-5] DEBUG org.asynchttpclient.netty.channel.ChannelManager - Closing Channel [id: 0x665b96e6, L:/127.0.0.1:59979 - R:localhost/127.0.0.1:59964] 
12:16:48.733 [AsyncHttpClient-1-5] DEBUG org.asynchttpclient.netty.handler.HttpHandler - Channel Closed: [id: 0x665b96e6, L:/127.0.0.1:59979 ! R:localhost/127.0.0.1:59964] with attribute DISCARD
12:16:48.742 [AsyncHttpClient-1-2] DEBUG org.asynchttpclient.netty.handler.HttpHandler - 

Request DefaultFullHttpRequest(decodeResult: success, version: HTTP/1.1, content: EmptyByteBufBE)
DELETE /session/a19d7dc89300fa7013749737f1e1a902 HTTP/1.1
User-Agent: selenium/4.1.4 (java windows)
Content-Type: application/json; charset=utf-8
host: localhost:53141
accept: */*

Response DefaultHttpResponse(decodeResult: success, version: HTTP/1.1)
HTTP/1.1 200 OK
Content-Type: application/json; charset=utf-8
cache-control: no-cache
content-length: 14

12:16:48.742 [AsyncHttpClient-1-2] DEBUG org.asynchttpclient.netty.channel.ChannelManager - Adding key: http://localhost:53141 for channel [id: 0x9edd6895, L:/127.0.0.1:59962 - R:localhost/127.0.0.1:53141]
12:16:48.758 [AsyncHttpClient-1-4] DEBUG org.asynchttpclient.netty.handler.HttpHandler - Unexpected I/O exception on channel [id: 0x9e2cd47e, L:/127.0.0.1:59980 - R:localhost/127.0.0.1:59965]
java.net.SocketException: Connection reset
	at java.base/sun.nio.ch.SocketChannelImpl.throwConnectionReset(SocketChannelImpl.java:367)
	at java.base/sun.nio.ch.SocketChannelImpl.read(SocketChannelImpl.java:398)
	at io.netty.buffer.PooledByteBuf.setBytes(PooledByteBuf.java:258)
	at io.netty.buffer.AbstractByteBuf.writeBytes(AbstractByteBuf.java:1132)
	at io.netty.channel.socket.nio.NioSocketChannel.doReadBytes(NioSocketChannel.java:357)
	at io.netty.channel.nio.AbstractNioByteChannel$NioByteUnsafe.read(AbstractNioByteChannel.java:151)
	at io.netty.channel.nio.NioEventLoop.processSelectedKey(NioEventLoop.java:722)
	at io.netty.channel.nio.NioEventLoop.processSelectedKeysOptimized(NioEventLoop.java:658)
	at io.netty.channel.nio.NioEventLoop.processSelectedKeys(NioEventLoop.java:584)
	at io.netty.channel.nio.NioEventLoop.run(NioEventLoop.java:496)
	at io.netty.util.concurrent.SingleThreadEventExecutor$4.run(SingleThreadEventExecutor.java:986)
	at io.netty.util.internal.ThreadExecutorMap$2.run(ThreadExecutorMap.java:74)
	at io.netty.util.concurrent.FastThreadLocalRunnable.run(FastThreadLocalRunnable.java:30)
	at java.base/java.lang.Thread.run(Thread.java:832)
12:16:48.758 [AsyncHttpClient-1-4] DEBUG org.asynchttpclient.netty.channel.ChannelManager - Closing Channel [id: 0x9e2cd47e, L:/127.0.0.1:59980 - R:localhost/127.0.0.1:59965] 
12:16:48.758 [AsyncHttpClient-1-4] DEBUG org.asynchttpclient.netty.handler.HttpHandler - Channel Closed: [id: 0x9e2cd47e, L:/127.0.0.1:59980 ! R:localhost/127.0.0.1:59965] with attribute DISCARD
12:16:48.797 [AsyncHttpClient-1-3] DEBUG org.asynchttpclient.netty.handler.HttpHandler - 

Request DefaultFullHttpRequest(decodeResult: success, version: HTTP/1.1, content: EmptyByteBufBE)
DELETE /session/e86c947d91f6e011f2c91a836b62a9fe HTTP/1.1
User-Agent: selenium/4.1.4 (java windows)
Content-Type: application/json; charset=utf-8
host: localhost:60730
accept: */*

Response DefaultHttpResponse(decodeResult: success, version: HTTP/1.1)
HTTP/1.1 200 OK
Content-Type: application/json; charset=utf-8
cache-control: no-cache
content-length: 14

12:16:48.798 [AsyncHttpClient-1-3] DEBUG org.asynchttpclient.netty.channel.ChannelManager - Adding key: http://localhost:60730 for channel [id: 0x3c82a314, L:/127.0.0.1:59963 - R:localhost/127.0.0.1:60730]
12:16:48.879 [AsyncHttpClient-1-2] DEBUG org.asynchttpclient.netty.handler.HttpHandler - Channel Closed: [id: 0x9edd6895, L:/127.0.0.1:59962 ! R:localhost/127.0.0.1:53141] with attribute DISCARD
12:16:48.940 [AsyncHttpClient-1-3] DEBUG org.asynchttpclient.netty.handler.HttpHandler - Channel Closed: [id: 0x3c82a314, L:/127.0.0.1:59963 ! R:localhost/127.0.0.1:60730] with attribute DISCARD
12:16:49.090 [AsyncHttpClient-1-1] DEBUG org.asynchttpclient.netty.channel.DefaultChannelPool - Entry count for : http://localhost:53141 : 1
12:16:49.090 [AsyncHttpClient-1-1] DEBUG org.asynchttpclient.netty.channel.DefaultChannelPool - Entry count for : http://localhost:59964 : 1
12:16:49.090 [AsyncHttpClient-1-1] DEBUG org.asynchttpclient.netty.channel.DefaultChannelPool - Entry count for : http://localhost:60730 : 1
12:16:49.090 [AsyncHttpClient-1-1] DEBUG org.asynchttpclient.netty.channel.DefaultChannelPool - Entry count for : http://localhost:59965 : 1
12:16:49.090 [AsyncHttpClient-1-1] DEBUG org.asynchttpclient.netty.channel.DefaultChannelPool - Adding Candidate expired Channel [id: 0x9edd6895, L:/127.0.0.1:59962 ! R:localhost/127.0.0.1:53141] isIdleTimeoutExpired=false isRemotelyClosed=true isTtlExpired=false
12:16:49.090 [AsyncHttpClient-1-1] DEBUG org.asynchttpclient.netty.channel.DefaultChannelPool - Closing Idle Channel [id: 0x9edd6895, L:/127.0.0.1:59962 ! R:localhost/127.0.0.1:53141]
12:16:49.091 [AsyncHttpClient-1-1] DEBUG org.asynchttpclient.netty.channel.DefaultChannelPool - Adding Candidate expired Channel [id: 0x665b96e6, L:/127.0.0.1:59979 ! R:localhost/127.0.0.1:59964] isIdleTimeoutExpired=false isRemotelyClosed=true isTtlExpired=false
12:16:49.092 [AsyncHttpClient-1-1] DEBUG org.asynchttpclient.netty.channel.DefaultChannelPool - Closing Idle Channel [id: 0x665b96e6, L:/127.0.0.1:59979 ! R:localhost/127.0.0.1:59964]
12:16:49.092 [AsyncHttpClient-1-1] DEBUG org.asynchttpclient.netty.channel.DefaultChannelPool - Adding Candidate expired Channel [id: 0x3c82a314, L:/127.0.0.1:59963 ! R:localhost/127.0.0.1:60730] isIdleTimeoutExpired=false isRemotelyClosed=true isTtlExpired=false
12:16:49.092 [AsyncHttpClient-1-1] DEBUG org.asynchttpclient.netty.channel.DefaultChannelPool - Closing Idle Channel [id: 0x3c82a314, L:/127.0.0.1:59963 ! R:localhost/127.0.0.1:60730]
12:16:49.092 [AsyncHttpClient-1-1] DEBUG org.asynchttpclient.netty.channel.DefaultChannelPool - Adding Candidate expired Channel [id: 0x9e2cd47e, L:/127.0.0.1:59980 ! R:localhost/127.0.0.1:59965] isIdleTimeoutExpired=false isRemotelyClosed=true isTtlExpired=false
12:16:49.092 [AsyncHttpClient-1-1] DEBUG org.asynchttpclient.netty.channel.DefaultChannelPool - Closing Idle Channel [id: 0x9e2cd47e, L:/127.0.0.1:59980 ! R:localhost/127.0.0.1:59965]
12:16:49.092 [AsyncHttpClient-1-1] DEBUG org.asynchttpclient.netty.channel.DefaultChannelPool - Closed 4 connections out of 4 in 2 ms
]]></system-out>
    <system-err><![CDATA[SSttaarrttiinngg  CChhrroommeeDDrriivveerr  110055..00.5.511959.5.5522  ((441122cc9955ee551188883366dd88aa77dd9977225500dd6622bb2299cc22aea6ea26a62a68a58-5r-erfesf/sb/rabrncahn-chhe-hadeasd/5s/195519@5{@#{85#835}3) })on o pno rpotr t53 6104713
0On
Olny lyl oclaocla lc ocnnoencneticotnison asr aer ea llaolwloewd.ed.
Pl
ePlaseae sse esee eh thtptst:p/s/:c//hrchomroedmreidrvievr.ecrh.crhomriomuim.umo.rgor/sg/ecsuercuitryit-cyo-ncosnisdierdaetriatoinso nsf ofro sr usgugeggstesitoinosn so no kne kepeiepngi ng CChrhormoemDreivDerr siavfee.r
 safe.
CChhrroommeeDrDirveir vwaesr s tawrtaeds s uccsetssfaulrlty.
ed successfully.
Sep 20, 2022 12:16:43 PM org.openqa.selenium.remote.ProtocolHandshake createSession
INFO: Detected dialect: W3C
Sep 20, 2022 12:16:43 PM org.openqa.selenium.remote.ProtocolHandshake createSession
INFO: Detected dialect: W3C
Sep 20, 2022 12:16:43 PM org.openqa.selenium.devtools.CdpVersionFinder findNearestMatch
WARNING: Unable to find an exact match for CDP version 105, so returning the closest version found: 101
Sep 20, 2022 12:16:43 PM org.openqa.selenium.devtools.CdpVersionFinder findNearestMatch
WARNING: Unable to find an exact match for CDP version 105, so returning the closest version found: 101
Sep 20, 2022 12:16:43 PM org.openqa.selenium.devtools.CdpVersionFinder findNearestMatch
INFO: Found CDP implementation for version 105 of 101
Sep 20, 2022 12:16:43 PM org.openqa.selenium.devtools.CdpVersionFinder findNearestMatch
INFO: Found CDP implementation for version 105 of 101
]]></system-err>
  </testcase>
  <testcase name="runScenario[&quot;Validate successful submission&quot;, &quot;WebDriver university contact us page&quot;](2)" classname="runners.RunnerClass" time="0.05"/>
  <testcase name="runScenario[&quot;login with valid credentials&quot;, &quot;webdriver university login page&quot;](3)" classname="runners.RunnerClass" time="7.116">
    <system-out><![CDATA[12:16:50.022 [AsyncHttpClient-1-8] DEBUG org.asynchttpclient.netty.channel.NettyConnectListener - Using new Channel '[id: 0xbb27fea8, L:/127.0.0.1:60012 - R:localhost/127.0.0.1:65490]' for 'POST' to '/session'
12:16:50.050 [AsyncHttpClient-1-9] DEBUG org.asynchttpclient.netty.channel.NettyConnectListener - Using new Channel '[id: 0x1030af43, L:/127.0.0.1:60014 - R:localhost/127.0.0.1:59594]' for 'POST' to '/session'
12:16:51.587 [AsyncHttpClient-1-9] DEBUG org.asynchttpclient.netty.handler.HttpHandler - 

Request DefaultHttpRequest(decodeResult: success, version: HTTP/1.1)
POST /session HTTP/1.1
User-Agent: selenium/4.1.4 (java windows)
Content-Length: 437
Content-Type: application/json; charset=utf-8
host: localhost:59594
accept: */*

Response DefaultHttpResponse(decodeResult: success, version: HTTP/1.1)
HTTP/1.1 200 OK
Content-Type: application/json; charset=utf-8
cache-control: no-cache
content-length: 790

12:16:51.587 [AsyncHttpClient-1-9] DEBUG org.asynchttpclient.netty.channel.ChannelManager - Adding key: http://localhost:59594 for channel [id: 0x1030af43, L:/127.0.0.1:60014 - R:localhost/127.0.0.1:59594]
12:16:51.603 [AsyncHttpClient-1-3] DEBUG org.asynchttpclient.netty.channel.NettyConnectListener - Using new Channel '[id: 0x28e71147, L:/127.0.0.1:60027 - R:localhost/127.0.0.1:60015]' for 'GET' to '/json/version'
12:16:51.624 [AsyncHttpClient-1-3] DEBUG org.asynchttpclient.netty.handler.HttpHandler - 

Request DefaultFullHttpRequest(decodeResult: success, version: HTTP/1.1, content: EmptyByteBufBE)
GET /json/version HTTP/1.1
User-Agent: selenium/4.1.4 (java windows)
host: localhost:60015
accept: */*

Response DefaultHttpResponse(decodeResult: success, version: HTTP/1.1)
HTTP/1.1 200 OK
Content-Type: application/json; charset=UTF-8
content-length: 423

12:16:51.624 [AsyncHttpClient-1-3] DEBUG org.asynchttpclient.netty.channel.ChannelManager - Adding key: http://localhost:60015 for channel [id: 0x28e71147, L:/127.0.0.1:60027 - R:localhost/127.0.0.1:60015]
12:16:51.628 [AsyncHttpClient-1-2] DEBUG org.asynchttpclient.netty.channel.NettyConnectListener - Using new Channel '[id: 0x9add175c, L:/127.0.0.1:60028 - R:localhost/127.0.0.1:60015]' for 'GET' to '/devtools/browser/bce39a0c-59c7-49c1-bd65-00e6827f7726'
12:16:51.641 [AsyncHttpClient-1-2] DEBUG org.asynchttpclient.netty.handler.WebSocketHandler - 

Request DefaultFullHttpRequest(decodeResult: success, version: HTTP/1.1, content: EmptyByteBufBE)
GET /devtools/browser/bce39a0c-59c7-49c1-bd65-00e6827f7726 HTTP/1.1
upgrade: websocket
connection: upgrade
sec-websocket-key: DSmmMpYBQGM4uzr8NdbDlQ==
sec-websocket-version: 13
origin: http://localhost:60015
host: localhost:60015
accept: */*
user-agent: AHC/2.1

Response DefaultHttpResponse(decodeResult: success, version: HTTP/1.1)
HTTP/1.1 101 WebSocket Protocol Handshake
Upgrade: WebSocket
Connection: Upgrade
Sec-WebSocket-Accept: 41dZXnn7/o4zw+qza3TO8ZInSP4=

12:16:51.653 [Forwarding maximizeCurrentWindow on session ea6b7a6290cf323dabcd17dd7a71eaea to remote] DEBUG org.asynchttpclient.netty.request.NettyRequestSender - Using pooled Channel '[id: 0x1030af43, L:/127.0.0.1:60014 - R:localhost/127.0.0.1:59594]' for 'POST' to 'http://localhost:59594/session/ea6b7a6290cf323dabcd17dd7a71eaea/window/maximize'
12:16:51.654 [Forwarding maximizeCurrentWindow on session ea6b7a6290cf323dabcd17dd7a71eaea to remote] DEBUG org.asynchttpclient.netty.request.NettyRequestSender - Using open Channel [id: 0x1030af43, L:/127.0.0.1:60014 - R:localhost/127.0.0.1:59594] for POST '/session/ea6b7a6290cf323dabcd17dd7a71eaea/window/maximize'
12:16:51.712 [AsyncHttpClient-1-8] DEBUG org.asynchttpclient.netty.handler.HttpHandler - 

Request DefaultHttpRequest(decodeResult: success, version: HTTP/1.1)
POST /session HTTP/1.1
User-Agent: selenium/4.1.4 (java windows)
Content-Length: 437
Content-Type: application/json; charset=utf-8
host: localhost:65490
accept: */*

Response DefaultHttpResponse(decodeResult: success, version: HTTP/1.1)
HTTP/1.1 200 OK
Content-Type: application/json; charset=utf-8
cache-control: no-cache
content-length: 789

12:16:51.713 [AsyncHttpClient-1-8] DEBUG org.asynchttpclient.netty.channel.ChannelManager - Adding key: http://localhost:65490 for channel [id: 0xbb27fea8, L:/127.0.0.1:60012 - R:localhost/127.0.0.1:65490]
12:16:51.748 [AsyncHttpClient-1-4] DEBUG org.asynchttpclient.netty.channel.NettyConnectListener - Using new Channel '[id: 0xdf86806c, L:/127.0.0.1:60031 - R:localhost/127.0.0.1:60017]' for 'GET' to '/json/version'
12:16:51.765 [AsyncHttpClient-1-4] DEBUG org.asynchttpclient.netty.handler.HttpHandler - 

Request DefaultFullHttpRequest(decodeResult: success, version: HTTP/1.1, content: EmptyByteBufBE)
GET /json/version HTTP/1.1
User-Agent: selenium/4.1.4 (java windows)
host: localhost:60017
accept: */*

Response DefaultHttpResponse(decodeResult: success, version: HTTP/1.1)
HTTP/1.1 200 OK
Content-Type: application/json; charset=UTF-8
content-length: 423

12:16:51.768 [AsyncHttpClient-1-4] DEBUG org.asynchttpclient.netty.channel.ChannelManager - Adding key: http://localhost:60017 for channel [id: 0xdf86806c, L:/127.0.0.1:60031 - R:localhost/127.0.0.1:60017]
12:16:51.777 [AsyncHttpClient-1-5] DEBUG org.asynchttpclient.netty.channel.NettyConnectListener - Using new Channel '[id: 0xb2399a93, L:/127.0.0.1:60032 - R:localhost/127.0.0.1:60017]' for 'GET' to '/devtools/browser/21d68547-5c96-4aef-831e-d1a54cb5a675'
12:16:51.793 [AsyncHttpClient-1-5] DEBUG org.asynchttpclient.netty.handler.WebSocketHandler - 

Request DefaultFullHttpRequest(decodeResult: success, version: HTTP/1.1, content: EmptyByteBufBE)
GET /devtools/browser/21d68547-5c96-4aef-831e-d1a54cb5a675 HTTP/1.1
upgrade: websocket
connection: upgrade
sec-websocket-key: 3ah0xuUVpf4yP27eMw1GaQ==
sec-websocket-version: 13
origin: http://localhost:60017
host: localhost:60017
accept: */*
user-agent: AHC/2.1

Response DefaultHttpResponse(decodeResult: success, version: HTTP/1.1)
HTTP/1.1 101 WebSocket Protocol Handshake
Upgrade: WebSocket
Connection: Upgrade
Sec-WebSocket-Accept: VlbPzUgrqCuNZm+XyHbScTbMa74=

12:16:51.813 [Forwarding maximizeCurrentWindow on session 6911ba94daf8b96966883228983b4567 to remote] DEBUG org.asynchttpclient.netty.request.NettyRequestSender - Using pooled Channel '[id: 0xbb27fea8, L:/127.0.0.1:60012 - R:localhost/127.0.0.1:65490]' for 'POST' to 'http://localhost:65490/session/6911ba94daf8b96966883228983b4567/window/maximize'
12:16:51.813 [Forwarding maximizeCurrentWindow on session 6911ba94daf8b96966883228983b4567 to remote] DEBUG org.asynchttpclient.netty.request.NettyRequestSender - Using open Channel [id: 0xbb27fea8, L:/127.0.0.1:60012 - R:localhost/127.0.0.1:65490] for POST '/session/6911ba94daf8b96966883228983b4567/window/maximize'
12:16:51.932 [AsyncHttpClient-1-9] DEBUG org.asynchttpclient.netty.handler.HttpHandler - 

Request DefaultHttpRequest(decodeResult: success, version: HTTP/1.1)
POST /session/ea6b7a6290cf323dabcd17dd7a71eaea/window/maximize HTTP/1.1
User-Agent: selenium/4.1.4 (java windows)
Content-Length: 3
Content-Type: application/json; charset=utf-8
host: localhost:59594
accept: */*

Response DefaultHttpResponse(decodeResult: success, version: HTTP/1.1)
HTTP/1.1 200 OK
Content-Type: application/json; charset=utf-8
cache-control: no-cache
content-length: 52

12:16:51.932 [AsyncHttpClient-1-9] DEBUG org.asynchttpclient.netty.channel.ChannelManager - Adding key: http://localhost:59594 for channel [id: 0x1030af43, L:/127.0.0.1:60014 - R:localhost/127.0.0.1:59594]
12:16:51.984 [AsyncHttpClient-1-8] DEBUG org.asynchttpclient.netty.handler.HttpHandler - 

Request DefaultHttpRequest(decodeResult: success, version: HTTP/1.1)
POST /session/6911ba94daf8b96966883228983b4567/window/maximize HTTP/1.1
User-Agent: selenium/4.1.4 (java windows)
Content-Length: 3
Content-Type: application/json; charset=utf-8
host: localhost:65490
accept: */*

Response DefaultHttpResponse(decodeResult: success, version: HTTP/1.1)
HTTP/1.1 200 OK
Content-Type: application/json; charset=utf-8
cache-control: no-cache
content-length: 52

12:16:51.985 [AsyncHttpClient-1-8] DEBUG org.asynchttpclient.netty.channel.ChannelManager - Adding key: http://localhost:65490 for channel [id: 0xbb27fea8, L:/127.0.0.1:60012 - R:localhost/127.0.0.1:65490]
12:16:52.007 [Forwarding get on session ea6b7a6290cf323dabcd17dd7a71eaea to remote] DEBUG org.asynchttpclient.netty.request.NettyRequestSender - Using pooled Channel '[id: 0x1030af43, L:/127.0.0.1:60014 - R:localhost/127.0.0.1:59594]' for 'POST' to 'http://localhost:59594/session/ea6b7a6290cf323dabcd17dd7a71eaea/url'
[...]
12:17:07.018 [AsyncHttpClient-1-5] DEBUG org.asynchttpclient.netty.handler.HttpHandler - 

Request DefaultHttpRequest(decodeResult: success, version: HTTP/1.1)
POST /session/d44bb7f3706ec65f92f8ebdd446b4f74/element HTTP/1.1
User-Agent: selenium/4.1.4 (java windows)
Content-Length: 59
Content-Type: application/json; charset=utf-8
host: localhost:60931
accept: */*

Response DefaultHttpResponse(decodeResult: success, version: HTTP/1.1)
HTTP/1.1 200 OK
Content-Type: application/json; charset=utf-8
cache-control: no-cache
content-length: 88

12:17:07.018 [AsyncHttpClient-1-5] DEBUG org.asynchttpclient.netty.channel.ChannelManager - Adding key: http://localhost:60931 for channel [id: 0x94a868fe, L:/127.0.0.1:60102 - R:localhost/127.0.0.1:60931]
12:17:07.022 [Forwarding isElementDisplayed on session d44bb7f3706ec65f92f8ebdd446b4f74 to remote] DEBUG org.asynchttpclient.netty.request.NettyRequestSender - Using pooled Channel '[id: 0x94a868fe, L:/127.0.0.1:60102 - R:localhost/127.0.0.1:60931]' for 'POST' to 'http://localhost:60931/session/d44bb7f3706ec65f92f8ebdd446b4f74/execute/sync'
12:17:07.022 [Forwarding isElementDisplayed on session d44bb7f3706ec65f92f8ebdd446b4f74 to remote] DEBUG org.asynchttpclient.netty.request.NettyRequestSender - Using open Channel [id: 0x94a868fe, L:/127.0.0.1:60102 - R:localhost/127.0.0.1:60931] for POST '/session/d44bb7f3706ec65f92f8ebdd446b4f74/execute/sync'
12:17:07.038 [AsyncHttpClient-1-5] DEBUG org.asynchttpclient.netty.handler.HttpHandler - 

Request DefaultHttpRequest(decodeResult: success, version: HTTP/1.1)
POST /session/d44bb7f3706ec65f92f8ebdd446b4f74/execute/sync HTTP/1.1
User-Agent: selenium/4.1.4 (java windows)
Content-Length: 48780
Content-Type: application/json; charset=utf-8
host: localhost:60931
accept: */*

Response DefaultHttpResponse(decodeResult: success, version: HTTP/1.1)
HTTP/1.1 200 OK
Content-Type: application/json; charset=utf-8
cache-control: no-cache
content-length: 14

12:17:07.038 [AsyncHttpClient-1-5] DEBUG org.asynchttpclient.netty.channel.ChannelManager - Adding key: http://localhost:60931 for channel [id: 0x94a868fe, L:/127.0.0.1:60102 - R:localhost/127.0.0.1:60931]
12:17:07.041 [Forwarding findElement on session d44bb7f3706ec65f92f8ebdd446b4f74 to remote] DEBUG org.asynchttpclient.netty.request.NettyRequestSender - Using pooled Channel '[id: 0x94a868fe, L:/127.0.0.1:60102 - R:localhost/127.0.0.1:60931]' for 'POST' to 'http://localhost:60931/session/d44bb7f3706ec65f92f8ebdd446b4f74/element'
12:17:07.041 [Forwarding findElement on session d44bb7f3706ec65f92f8ebdd446b4f74 to remote] DEBUG org.asynchttpclient.netty.request.NettyRequestSender - Using open Channel [id: 0x94a868fe, L:/127.0.0.1:60102 - R:localhost/127.0.0.1:60931] for POST '/session/d44bb7f3706ec65f92f8ebdd446b4f74/element'
12:17:07.053 [AsyncHttpClient-1-5] DEBUG org.asynchttpclient.netty.handler.HttpHandler - 

Request DefaultHttpRequest(decodeResult: success, version: HTTP/1.1)
POST /session/d44bb7f3706ec65f92f8ebdd446b4f74/element HTTP/1.1
User-Agent: selenium/4.1.4 (java windows)
Content-Length: 59
Content-Type: application/json; charset=utf-8
host: localhost:60931
accept: */*

Response DefaultHttpResponse(decodeResult: success, version: HTTP/1.1)
HTTP/1.1 200 OK
Content-Type: application/json; charset=utf-8
cache-control: no-cache
content-length: 88

12:17:07.053 [AsyncHttpClient-1-5] DEBUG org.asynchttpclient.netty.channel.ChannelManager - Adding key: http://localhost:60931 for channel [id: 0x94a868fe, L:/127.0.0.1:60102 - R:localhost/127.0.0.1:60931]
12:17:07.055 [Forwarding isElementEnabled on session d44bb7f3706ec65f92f8ebdd446b4f74 to remote] DEBUG org.asynchttpclient.netty.request.NettyRequestSender - Using pooled Channel '[id: 0x94a868fe, L:/127.0.0.1:60102 - R:localhost/127.0.0.1:60931]' for 'GET' to 'http://localhost:60931/session/d44bb7f3706ec65f92f8ebdd446b4f74/element/02915c84-d80e-418c-a6fe-45fcb24d53b5/enabled'
12:17:07.055 [Forwarding isElementEnabled on session d44bb7f3706ec65f92f8ebdd446b4f74 to remote] DEBUG org.asynchttpclient.netty.request.NettyRequestSender - Using open Channel [id: 0x94a868fe, L:/127.0.0.1:60102 - R:localhost/127.0.0.1:60931] for GET '/session/d44bb7f3706ec65f92f8ebdd446b4f74/element/02915c84-d80e-418c-a6fe-45fcb24d53b5/enabled'
12:17:07.069 [AsyncHttpClient-1-5] DEBUG org.asynchttpclient.netty.handler.HttpHandler - 

Request DefaultFullHttpRequest(decodeResult: success, version: HTTP/1.1, content: EmptyByteBufBE)
GET /session/d44bb7f3706ec65f92f8ebdd446b4f74/element/02915c84-d80e-418c-a6fe-45fcb24d53b5/enabled HTTP/1.1
User-Agent: selenium/4.1.4 (java windows)
Cache-Control: no-cache
Content-Type: application/json; charset=utf-8
host: localhost:60931
accept: */*

Response DefaultHttpResponse(decodeResult: success, version: HTTP/1.1)
HTTP/1.1 200 OK
Content-Type: application/json; charset=utf-8
cache-control: no-cache
content-length: 14

12:17:07.069 [AsyncHttpClient-1-5] DEBUG org.asynchttpclient.netty.channel.ChannelManager - Adding key: http://localhost:60931 for channel [id: 0x94a868fe, L:/127.0.0.1:60102 - R:localhost/127.0.0.1:60931]
12:17:07.071 [Forwarding findElement on session d44bb7f3706ec65f92f8ebdd446b4f74 to remote] DEBUG org.asynchttpclient.netty.request.NettyRequestSender - Using pooled Channel '[id: 0x94a868fe, L:/127.0.0.1:60102 - R:localhost/127.0.0.1:60931]' for 'POST' to 'http://localhost:60931/session/d44bb7f3706ec65f92f8ebdd446b4f74/element'
12:17:07.071 [Forwarding findElement on session d44bb7f3706ec65f92f8ebdd446b4f74 to remote] DEBUG org.asynchttpclient.netty.request.NettyRequestSender - Using open Channel [id: 0x94a868fe, L:/127.0.0.1:60102 - R:localhost/127.0.0.1:60931] for POST '/session/d44bb7f3706ec65f92f8ebdd446b4f74/element'
12:17:07.082 [AsyncHttpClient-1-5] DEBUG org.asynchttpclient.netty.handler.HttpHandler - 

Request DefaultHttpRequest(decodeResult: success, version: HTTP/1.1)
POST /session/d44bb7f3706ec65f92f8ebdd446b4f74/element HTTP/1.1
User-Agent: selenium/4.1.4 (java windows)
Content-Length: 59
Content-Type: application/json; charset=utf-8
host: localhost:60931
accept: */*

Response DefaultHttpResponse(decodeResult: success, version: HTTP/1.1)
HTTP/1.1 200 OK
Content-Type: application/json; charset=utf-8
cache-control: no-cache
content-length: 88

12:17:07.082 [AsyncHttpClient-1-5] DEBUG org.asynchttpclient.netty.channel.ChannelManager - Adding key: http://localhost:60931 for channel [id: 0x94a868fe, L:/127.0.0.1:60102 - R:localhost/127.0.0.1:60931]
12:17:07.084 [Forwarding clickElement on session d44bb7f3706ec65f92f8ebdd446b4f74 to remote] DEBUG org.asynchttpclient.netty.request.NettyRequestSender - Using pooled Channel '[id: 0x94a868fe, L:/127.0.0.1:60102 - R:localhost/127.0.0.1:60931]' for 'POST' to 'http://localhost:60931/session/d44bb7f3706ec65f92f8ebdd446b4f74/element/02915c84-d80e-418c-a6fe-45fcb24d53b5/click'
12:17:07.085 [Forwarding clickElement on session d44bb7f3706ec65f92f8ebdd446b4f74 to remote] DEBUG org.asynchttpclient.netty.request.NettyRequestSender - Using open Channel [id: 0x94a868fe, L:/127.0.0.1:60102 - R:localhost/127.0.0.1:60931] for POST '/session/d44bb7f3706ec65f92f8ebdd446b4f74/element/02915c84-d80e-418c-a6fe-45fcb24d53b5/click'
12:17:07.133 [AsyncHttpClient-1-5] DEBUG org.asynchttpclient.netty.handler.HttpHandler - 

Request DefaultHttpRequest(decodeResult: success, version: HTTP/1.1)
POST /session/d44bb7f3706ec65f92f8ebdd446b4f74/element/02915c84-d80e-418c-a6fe-45fcb24d53b5/click HTTP/1.1
User-Agent: selenium/4.1.4 (java windows)
Content-Length: 50
Content-Type: application/json; charset=utf-8
host: localhost:60931
accept: */*

Response DefaultHttpResponse(decodeResult: success, version: HTTP/1.1)
HTTP/1.1 200 OK
Content-Type: application/json; charset=utf-8
cache-control: no-cache
content-length: 14

12:17:07.133 [AsyncHttpClient-1-5] DEBUG org.asynchttpclient.netty.channel.ChannelManager - Adding key: http://localhost:60931 for channel [id: 0x94a868fe, L:/127.0.0.1:60102 - R:localhost/127.0.0.1:60931]
12:17:07.135 [Forwarding getAlertText on session d44bb7f3706ec65f92f8ebdd446b4f74 to remote] DEBUG org.asynchttpclient.netty.request.NettyRequestSender - Using pooled Channel '[id: 0x94a868fe, L:/127.0.0.1:60102 - R:localhost/127.0.0.1:60931]' for 'GET' to 'http://localhost:60931/session/d44bb7f3706ec65f92f8ebdd446b4f74/alert/text'
12:17:07.135 [Forwarding getAlertText on session d44bb7f3706ec65f92f8ebdd446b4f74 to remote] DEBUG org.asynchttpclient.netty.request.NettyRequestSender - Using open Channel [id: 0x94a868fe, L:/127.0.0.1:60102 - R:localhost/127.0.0.1:60931] for GET '/session/d44bb7f3706ec65f92f8ebdd446b4f74/alert/text'
12:17:07.136 [AsyncHttpClient-1-5] DEBUG org.asynchttpclient.netty.handler.HttpHandler - 

Request DefaultFullHttpRequest(decodeResult: success, version: HTTP/1.1, content: EmptyByteBufBE)
GET /session/d44bb7f3706ec65f92f8ebdd446b4f74/alert/text HTTP/1.1
User-Agent: selenium/4.1.4 (java windows)
Cache-Control: no-cache
Content-Type: application/json; charset=utf-8
host: localhost:60931
accept: */*

Response DefaultHttpResponse(decodeResult: success, version: HTTP/1.1)
HTTP/1.1 200 OK
Content-Type: application/json; charset=utf-8
cache-control: no-cache
content-length: 29

12:17:07.136 [AsyncHttpClient-1-5] DEBUG org.asynchttpclient.netty.channel.ChannelManager - Adding key: http://localhost:60931 for channel [id: 0x94a868fe, L:/127.0.0.1:60102 - R:localhost/127.0.0.1:60931]
12:17:07.137 [Forwarding getAlertText on session d44bb7f3706ec65f92f8ebdd446b4f74 to remote] DEBUG org.asynchttpclient.netty.request.NettyRequestSender - Using pooled Channel '[id: 0x94a868fe, L:/127.0.0.1:60102 - R:localhost/127.0.0.1:60931]' for 'GET' to 'http://localhost:60931/session/d44bb7f3706ec65f92f8ebdd446b4f74/alert/text'
12:17:07.137 [Forwarding getAlertText on session d44bb7f3706ec65f92f8ebdd446b4f74 to remote] DEBUG org.asynchttpclient.netty.request.NettyRequestSender - Using open Channel [id: 0x94a868fe, L:/127.0.0.1:60102 - R:localhost/127.0.0.1:60931] for GET '/session/d44bb7f3706ec65f92f8ebdd446b4f74/alert/text'
12:17:07.138 [AsyncHttpClient-1-5] DEBUG org.asynchttpclient.netty.handler.HttpHandler - 

Request DefaultFullHttpRequest(decodeResult: success, version: HTTP/1.1, content: EmptyByteBufBE)
GET /session/d44bb7f3706ec65f92f8ebdd446b4f74/alert/text HTTP/1.1
User-Agent: selenium/4.1.4 (java windows)
Cache-Control: no-cache
Content-Type: application/json; charset=utf-8
host: localhost:60931
accept: */*

Response DefaultHttpResponse(decodeResult: success, version: HTTP/1.1)
HTTP/1.1 200 OK
Content-Type: application/json; charset=utf-8
cache-control: no-cache
content-length: 29

12:17:07.138 [AsyncHttpClient-1-5] DEBUG org.asynchttpclient.netty.channel.ChannelManager - Adding key: http://localhost:60931 for channel [id: 0x94a868fe, L:/127.0.0.1:60102 - R:localhost/127.0.0.1:60931]
12:17:07.139 [Forwarding getAlertText on session d44bb7f3706ec65f92f8ebdd446b4f74 to remote] DEBUG org.asynchttpclient.netty.request.NettyRequestSender - Using pooled Channel '[id: 0x94a868fe, L:/127.0.0.1:60102 - R:localhost/127.0.0.1:60931]' for 'GET' to 'http://localhost:60931/session/d44bb7f3706ec65f92f8ebdd446b4f74/alert/text'
12:17:07.139 [Forwarding getAlertText on session d44bb7f3706ec65f92f8ebdd446b4f74 to remote] DEBUG org.asynchttpclient.netty.request.NettyRequestSender - Using open Channel [id: 0x94a868fe, L:/127.0.0.1:60102 - R:localhost/127.0.0.1:60931] for GET '/session/d44bb7f3706ec65f92f8ebdd446b4f74/alert/text'
12:17:07.139 [AsyncHttpClient-1-5] DEBUG org.asynchttpclient.netty.handler.HttpHandler - 

Request DefaultFullHttpRequest(decodeResult: success, version: HTTP/1.1, content: EmptyByteBufBE)
GET /session/d44bb7f3706ec65f92f8ebdd446b4f74/alert/text HTTP/1.1
User-Agent: selenium/4.1.4 (java windows)
Cache-Control: no-cache
Content-Type: application/json; charset=utf-8
host: localhost:60931
accept: */*

Response DefaultHttpResponse(decodeResult: success, version: HTTP/1.1)
HTTP/1.1 200 OK
Content-Type: application/json; charset=utf-8
cache-control: no-cache
content-length: 29

12:17:07.140 [AsyncHttpClient-1-5] DEBUG org.asynchttpclient.netty.channel.ChannelManager - Adding key: http://localhost:60931 for channel [id: 0x94a868fe, L:/127.0.0.1:60102 - R:localhost/127.0.0.1:60931]
12:17:07.141 [AsyncHttpClient-1-9] DEBUG org.asynchttpclient.netty.handler.WebSocketHandler - Channel Closed: [id: 0xd05613e9, L:/127.0.0.1:60121 ! R:localhost/127.0.0.1:60113] with attribute NettyResponseFuture{currentRetry=5,
	isDone=1,
	isCancelled=0,
	asyncHandler=org.asynchttpclient.ws.WebSocketUpgradeHandler@3f3b657,
	nettyRequest=org.asynchttpclient.netty.request.NettyRequest@7a4e7236,
	future=java.util.concurrent.CompletableFuture@4f59225d[Completed normally],
	uri=ws://localhost:60113/devtools/browser/56bcdca5-4109-4791-8941-b74f3238bed4,
	keepAlive=true,
	redirectCount=0,
	timeoutsHolder=null,
	inAuth=0,
	touch=1663690625293}
12:17:07.141 [AsyncHttpClient-1-9] DEBUG org.asynchttpclient.netty.channel.ChannelManager - Closing Channel [id: 0xd05613e9, L:/127.0.0.1:60121 ! R:localhost/127.0.0.1:60113] 
12:17:07.142 [Driver Command Executor] DEBUG org.asynchttpclient.netty.request.NettyRequestSender - Using pooled Channel '[id: 0x94a868fe, L:/127.0.0.1:60102 - R:localhost/127.0.0.1:60931]' for 'DELETE' to 'http://localhost:60931/session/d44bb7f3706ec65f92f8ebdd446b4f74'
12:17:07.142 [Driver Command Executor] DEBUG org.asynchttpclient.netty.request.NettyRequestSender - Using open Channel [id: 0x94a868fe, L:/127.0.0.1:60102 - R:localhost/127.0.0.1:60931] for DELETE '/session/d44bb7f3706ec65f92f8ebdd446b4f74'
12:17:07.194 [AsyncHttpClient-1-8] DEBUG org.asynchttpclient.netty.handler.HttpHandler - Unexpected I/O exception on channel [id: 0x1b5ca8c9, L:/127.0.0.1:60119 - R:localhost/127.0.0.1:60113]
java.net.SocketException: Connection reset
	at java.base/sun.nio.ch.SocketChannelImpl.throwConnectionReset(SocketChannelImpl.java:367)
	at java.base/sun.nio.ch.SocketChannelImpl.read(SocketChannelImpl.java:398)
	at io.netty.buffer.PooledByteBuf.setBytes(PooledByteBuf.java:258)
	at io.netty.buffer.AbstractByteBuf.writeBytes(AbstractByteBuf.java:1132)
	at io.netty.channel.socket.nio.NioSocketChannel.doReadBytes(NioSocketChannel.java:357)
	at io.netty.channel.nio.AbstractNioByteChannel$NioByteUnsafe.read(AbstractNioByteChannel.java:151)
	at io.netty.channel.nio.NioEventLoop.processSelectedKey(NioEventLoop.java:722)
	at io.netty.channel.nio.NioEventLoop.processSelectedKeysOptimized(NioEventLoop.java:658)
	at io.netty.channel.nio.NioEventLoop.processSelectedKeys(NioEventLoop.java:584)
	at io.netty.channel.nio.NioEventLoop.run(NioEventLoop.java:496)
	at io.netty.util.concurrent.SingleThreadEventExecutor$4.run(SingleThreadEventExecutor.java:986)
	at io.netty.util.internal.ThreadExecutorMap$2.run(ThreadExecutorMap.java:74)
	at io.netty.util.concurrent.FastThreadLocalRunnable.run(FastThreadLocalRunnable.java:30)
	at java.base/java.lang.Thread.run(Thread.java:832)
12:17:07.195 [AsyncHttpClient-1-8] DEBUG org.asynchttpclient.netty.channel.ChannelManager - Closing Channel [id: 0x1b5ca8c9, L:/127.0.0.1:60119 - R:localhost/127.0.0.1:60113] 
12:17:07.195 [AsyncHttpClient-1-8] DEBUG org.asynchttpclient.netty.handler.HttpHandler - Channel Closed: [id: 0x1b5ca8c9, L:/127.0.0.1:60119 ! R:localhost/127.0.0.1:60113] with attribute DISCARD
12:17:07.221 [AsyncHttpClient-1-5] DEBUG org.asynchttpclient.netty.handler.HttpHandler - 

Request DefaultFullHttpRequest(decodeResult: success, version: HTTP/1.1, content: EmptyByteBufBE)
DELETE /session/d44bb7f3706ec65f92f8ebdd446b4f74 HTTP/1.1
User-Agent: selenium/4.1.4 (java windows)
Content-Type: application/json; charset=utf-8
host: localhost:60931
accept: */*

Response DefaultHttpResponse(decodeResult: success, version: HTTP/1.1)
HTTP/1.1 200 OK
Content-Type: application/json; charset=utf-8
cache-control: no-cache
content-length: 14

12:17:07.221 [AsyncHttpClient-1-5] DEBUG org.asynchttpclient.netty.channel.ChannelManager - Adding key: http://localhost:60931 for channel [id: 0x94a868fe, L:/127.0.0.1:60102 - R:localhost/127.0.0.1:60931]
]]></system-out>
    <system-err><![CDATA[Starting ChromeDriver 105.0.5195.52 (412c95e518836d8a7d97250d62b29c2ae6a26a85-refs/branch-heads/5195@{#853}) on port 60931
Only local connections are allowed.
Please see https://chromedriver.chromium.org/security-considerations for suggestions on keeping ChromeDriver safe.
ChromeDriver was started successfully.
Sep 20, 2022 12:17:04 PM org.openqa.selenium.remote.ProtocolHandshake createSession
INFO: Detected dialect: W3C
Sep 20, 2022 12:17:04 PM org.openqa.selenium.devtools.CdpVersionFinder findNearestMatch
WARNING: Unable to find an exact match for CDP version 105, so returning the closest version found: 101
Sep 20, 2022 12:17:04 PM org.openqa.selenium.devtools.CdpVersionFinder findNearestMatch
INFO: Found CDP implementation for version 105 of 101
Sep 20, 2022 12:17:05 PM org.openqa.selenium.remote.ProtocolHandshake createSession
INFO: Detected dialect: W3C
Sep 20, 2022 12:17:05 PM org.openqa.selenium.devtools.CdpVersionFinder findNearestMatch
WARNING: Unable to find an exact match for CDP version 105, so returning the closest version found: 101
Sep 20, 2022 12:17:05 PM org.openqa.selenium.devtools.CdpVersionFinder findNearestMatch
INFO: Found CDP implementation for version 105 of 101
]]></system-err>
  </testcase>
  <testcase name="runScenario[&quot;&quot;, &quot;webdriver university login page&quot;](8)" classname="runners.RunnerClass" time="4.368">
    <system-out><![CDATA[12:17:07.303 [AsyncHttpClient-1-5] DEBUG org.asynchttpclient.netty.handler.HttpHandler - Channel Closed: [id: 0x94a868fe, L:/127.0.0.1:60102 ! R:localhost/127.0.0.1:60931] with attribute DISCARD
12:17:07.799 [AsyncHttpClient-1-1] DEBUG org.asynchttpclient.netty.channel.DefaultChannelPool - Entry count for : http://localhost:61726 : 1
12:17:07.799 [AsyncHttpClient-1-1] DEBUG org.asynchttpclient.netty.channel.DefaultChannelPool - Entry count for : http://localhost:60931 : 1
12:17:07.799 [AsyncHttpClient-1-1] DEBUG org.asynchttpclient.netty.channel.DefaultChannelPool - Entry count for : http://localhost:60113 : 1
12:17:07.799 [AsyncHttpClient-1-1] DEBUG org.asynchttpclient.netty.channel.DefaultChannelPool - Adding Candidate expired Channel [id: 0x50ef15a0, L:/127.0.0.1:60097 ! R:localhost/127.0.0.1:61726] isIdleTimeoutExpired=false isRemotelyClosed=true isTtlExpired=false
12:17:07.800 [AsyncHttpClient-1-1] DEBUG org.asynchttpclient.netty.channel.DefaultChannelPool - Closing Idle Channel [id: 0x50ef15a0, L:/127.0.0.1:60097 ! R:localhost/127.0.0.1:61726]
12:17:07.800 [AsyncHttpClient-1-1] DEBUG org.asynchttpclient.netty.channel.DefaultChannelPool - Adding Candidate expired Channel [id: 0x94a868fe, L:/127.0.0.1:60102 ! R:localhost/127.0.0.1:60931] isIdleTimeoutExpired=false isRemotelyClosed=true isTtlExpired=false
12:17:07.800 [AsyncHttpClient-1-1] DEBUG org.asynchttpclient.netty.channel.DefaultChannelPool - Closing Idle Channel [id: 0x94a868fe, L:/127.0.0.1:60102 ! R:localhost/127.0.0.1:60931]
12:17:07.800 [AsyncHttpClient-1-1] DEBUG org.asynchttpclient.netty.channel.DefaultChannelPool - Adding Candidate expired Channel [id: 0x1b5ca8c9, L:/127.0.0.1:60119 ! R:localhost/127.0.0.1:60113] isIdleTimeoutExpired=false isRemotelyClosed=true isTtlExpired=false
12:17:07.800 [AsyncHttpClient-1-1] DEBUG org.asynchttpclient.netty.channel.DefaultChannelPool - Closing Idle Channel [id: 0x1b5ca8c9, L:/127.0.0.1:60119 ! R:localhost/127.0.0.1:60113]
12:17:07.800 [AsyncHttpClient-1-1] DEBUG org.asynchttpclient.netty.channel.DefaultChannelPool - Closed 3 connections out of 3 in 1 ms
]]></system-out>
  </testcase>
</testsuite>