<?xml version="1.0" encoding="UTF-8"?>
<testng-results ignored="0" total="8" passed="8" failed="0" skipped="0">
  <reporter-output>
  </reporter-output>
  <suite started-at="2022-09-20T12:16:33 EDT" name="Suite" finished-at="2022-09-20T12:17:09 EDT" duration-ms="36122">
    <groups>
      <group name="cucumber">
        <method signature="AbstractTestNGCucumberTests.runScenario(io.cucumber.testng.PickleWrapper,io.cucumber.testng.FeatureWrapper)[pri:0, instance:runners.RunnerClass@15ca7889]" name="runScenario" class="io.cucumber.testng.AbstractTestNGCucumberTests"/>
      </group> <!-- cucumber -->
    </groups>
    <test started-at="2022-09-20T12:16:33 EDT" name="Test" finished-at="2022-09-20T12:17:09 EDT" duration-ms="36122">
      <class name="runners.RunnerClass">
        <test-method is-config="true" signature="setUpClass(org.testng.ITestContext)[pri:0, instance:runners.RunnerClass@15ca7889]" started-at="2022-09-20T12:16:33 EDT" name="setUpClass" finished-at="2022-09-20T12:16:34 EDT" duration-ms="1109" status="PASS">
          <params>
            <param index="0">
              <value>
                <![CDATA[org.testng.TestRunner@67c33749]]>
              </value>
            </param>
          </params>
          <reporter-output>
          </reporter-output>
        </test-method> <!-- setUpClass -->
        <test-method signature="runScenario(io.cucumber.testng.PickleWrapper,io.cucumber.testng.FeatureWrapper)[pri:0, instance:runners.RunnerClass@15ca7889]" started-at="2022-09-20T12:16:34 EDT" name="runScenario" description="Runs Cucumber Scenarios" data-provider="scenarios" finished-at="2022-09-20T12:16:49 EDT" duration-ms="14591" status="PASS">
          <params>
            <param index="0">
              <value>
                <![CDATA["Validate successful submission with - specific data"]]>
              </value>
            </param>
            <param index="1">
              <value>
                <![CDATA["WebDriver university contact us page"]]>
              </value>
            </param>
          </params>
          <reporter-output>
          </reporter-output>
        </test-method> <!-- runScenario -->
        <test-method signature="runScenario(io.cucumber.testng.PickleWrapper,io.cucumber.testng.FeatureWrapper)[pri:0, instance:runners.RunnerClass@15ca7889]" started-at="2022-09-20T12:16:34 EDT" name="runScenario" description="Runs Cucumber Scenarios" data-provider="scenarios" finished-at="2022-09-20T12:16:49 EDT" duration-ms="14651" status="PASS">
          <params>
            <param index="0">
              <value>
                <![CDATA["Validate successful submission"]]>
              </value>
            </param>
            <param index="1">
              <value>
                <![CDATA["WebDriver university contact us page"]]>
              </value>
            </param>
          </params>
          <reporter-output>
          </reporter-output>
        </test-method> <!-- runScenario -->
        <test-method signature="runScenario(io.cucumber.testng.PickleWrapper,io.cucumber.testng.FeatureWrapper)[pri:0, instance:runners.RunnerClass@15ca7889]" started-at="2022-09-20T12:16:49 EDT" name="runScenario" description="Runs Cucumber Scenarios" data-provider="scenarios" finished-at="2022-09-20T12:16:56 EDT" duration-ms="7169" status="PASS">
          <params>
            <param index="0">
              <value>
                <![CDATA["login with valid credentials"]]>
              </value>
            </param>
            <param index="1">
              <value>
                <![CDATA["webdriver university login page"]]>
              </value>
            </param>
          </params>
          <reporter-output>
          </reporter-output>
        </test-method> <!-- runScenario -->
        <test-method signature="runScenario(io.cucumber.testng.PickleWrapper,io.cucumber.testng.FeatureWrapper)[pri:0, instance:runners.RunnerClass@15ca7889]" started-at="2022-09-20T12:16:49 EDT" name="runScenario" description="Runs Cucumber Scenarios" data-provider="scenarios" finished-at="2022-09-20T12:16:58 EDT" duration-ms="9033" status="PASS">
          <params>
            <param index="0">
              <value>
                <![CDATA["login with invalid credentials"]]>
              </value>
            </param>
            <param index="1">
              <value>
                <![CDATA["webdriver university login page"]]>
              </value>
            </param>
          </params>
          <reporter-output>
          </reporter-output>
        </test-method> <!-- runScenario -->
        <test-method signature="runScenario(io.cucumber.testng.PickleWrapper,io.cucumber.testng.FeatureWrapper)[pri:0, instance:runners.RunnerClass@15ca7889]" started-at="2022-09-20T12:16:56 EDT" name="runScenario" description="Runs Cucumber Scenarios" data-provider="scenarios" finished-at="2022-09-20T12:17:02 EDT" duration-ms="6106" status="PASS">
          <params>
            <param index="0">
              <value>
                <![CDATA[""]]>
              </value>
            </param>
            <param index="1">
              <value>
                <![CDATA["webdriver university login page"]]>
              </value>
            </param>
          </params>
          <reporter-output>
          </reporter-output>
        </test-method> <!-- runScenario -->
        <test-method signature="runScenario(io.cucumber.testng.PickleWrapper,io.cucumber.testng.FeatureWrapper)[pri:0, instance:runners.RunnerClass@15ca7889]" started-at="2022-09-20T12:16:58 EDT" name="runScenario" description="Runs Cucumber Scenarios" data-provider="scenarios" finished-at="2022-09-20T12:17:03 EDT" duration-ms="4940" status="PASS">
          <params>
            <param index="0">
              <value>
                <![CDATA[""]]>
              </value>
            </param>
            <param index="1">
              <value>
                <![CDATA["webdriver university login page"]]>
              </value>
            </param>
          </params>
          <reporter-output>
          </reporter-output>
        </test-method> <!-- runScenario -->
        <test-method signature="runScenario(io.cucumber.testng.PickleWrapper,io.cucumber.testng.FeatureWrapper)[pri:0, instance:runners.RunnerClass@15ca7889]" started-at="2022-09-20T12:17:02 EDT" name="runScenario" description="Runs Cucumber Scenarios" data-provider="scenarios" finished-at="2022-09-20T12:17:07 EDT" duration-ms="4539" status="PASS">
          <params>
            <param index="0">
              <value>
                <![CDATA[""]]>
              </value>
            </param>
            <param index="1">
              <value>
                <![CDATA["webdriver university login page"]]>
              </value>
            </param>
          </params>
          <reporter-output>
          </reporter-output>
        </test-method> <!-- runScenario -->
        <test-method signature="runScenario(io.cucumber.testng.PickleWrapper,io.cucumber.testng.FeatureWrapper)[pri:0, instance:runners.RunnerClass@15ca7889]" started-at="2022-09-20T12:17:03 EDT" name="runScenario" description="Runs Cucumber Scenarios" data-provider="scenarios" finished-at="2022-09-20T12:17:07 EDT" duration-ms="4367" status="PASS">
          <params>
            <param index="0">
              <value>
                <![CDATA[""]]>
              </value>
            </param>
            <param index="1">
              <value>
                <![CDATA["webdriver university login page"]]>
              </value>
            </param>
          </params>
          <reporter-output>
          </reporter-output>
        </test-method> <!-- runScenario -->
        <test-method is-config="true" signature="tearDownClass()[pri:0, instance:runners.RunnerClass@15ca7889]" started-at="2022-09-20T12:17:07 EDT" name="tearDownClass" finished-at="2022-09-20T12:17:09 EDT" duration-ms="1939" status="PASS">
          <reporter-output>
          </reporter-output>
        </test-method> <!-- tearDownClass -->
      </class> <!-- runners.RunnerClass -->
    </test> <!-- Test -->
  </suite> <!-- Suite -->
</testng-results>
